[0.622s] DEBUG:colcon:Command line arguments: ['/usr/bin/colcon', 'build', '--packages-select', 'my_cpp_pkg']
[0.623s] DEBUG:colcon:Parsed command line arguments: Namespace(log_base=None, log_level=None, verb_name='build', build_base='build', install_base='install', merge_install=False, symlink_install=False, test_result_base=None, continue_on_error=False, executor='parallel', parallel_workers=1, event_handlers=None, ignore_user_meta=False, metas=['./colcon.meta'], base_paths=['.'], packages_ignore=None, packages_ignore_regex=None, paths=None, packages_up_to=None, packages_up_to_regex=None, packages_above=None, packages_above_and_dependencies=None, packages_above_depth=None, packages_select_by_dep=None, packages_skip_by_dep=None, packages_skip_up_to=None, packages_select_build_failed=False, packages_skip_build_finished=False, packages_select_test_failures=False, packages_skip_test_passed=False, packages_select=['my_cpp_pkg'], packages_skip=None, packages_select_regex=None, packages_skip_regex=None, packages_start=None, packages_end=None, allow_overriding=[], cmake_args=None, cmake_target=None, cmake_target_skip_unavailable=False, cmake_clean_cache=False, cmake_clean_first=False, cmake_force_configure=False, ament_cmake_args=None, catkin_cmake_args=None, catkin_skip_building_tests=False, mixin_files=None, mixin=None, verb_parser=<colcon_mixin.mixin.mixin_argument.MixinArgumentDecorator object at 0x7ba49fe0cf40>, verb_extension=<colcon_core.verb.build.BuildVerb object at 0x7ba49ff0de70>, main=<bound method BuildVerb.main of <colcon_core.verb.build.BuildVerb object at 0x7ba49ff0de70>>, mixin_verb=('build',))
[1.294s] Level 1:colcon.colcon_core.package_discovery:discover_packages(colcon_meta) check parameters
[1.295s] Level 1:colcon.colcon_core.package_discovery:discover_packages(recursive) check parameters
[1.295s] Level 1:colcon.colcon_core.package_discovery:discover_packages(ignore) check parameters
[1.295s] Level 1:colcon.colcon_core.package_discovery:discover_packages(path) check parameters
[1.295s] Level 1:colcon.colcon_core.package_discovery:discover_packages(colcon_meta) discover
[1.295s] Level 1:colcon.colcon_core.package_discovery:discover_packages(recursive) discover
[1.295s] INFO:colcon.colcon_core.package_discovery:Crawling recursively for packages in '/home/taylor/scrb-practice'
[1.296s] Level 1:colcon.colcon_core.package_identification:_identify(.) by extensions ['ignore', 'ignore_ament_install']
[1.296s] Level 1:colcon.colcon_core.package_identification:_identify(.) by extension 'ignore'
[1.297s] Level 1:colcon.colcon_core.package_identification:_identify(.) by extension 'ignore_ament_install'
[1.297s] Level 1:colcon.colcon_core.package_identification:_identify(.) by extensions ['colcon_pkg']
[1.297s] Level 1:colcon.colcon_core.package_identification:_identify(.) by extension 'colcon_pkg'
[1.298s] Level 1:colcon.colcon_core.package_identification:_identify(.) by extensions ['colcon_meta']
[1.298s] Level 1:colcon.colcon_core.package_identification:_identify(.) by extension 'colcon_meta'
[1.298s] Level 1:colcon.colcon_core.package_identification:_identify(.) by extensions ['ros']
[1.298s] Level 1:colcon.colcon_core.package_identification:_identify(.) by extension 'ros'
[1.329s] Level 1:colcon.colcon_core.package_identification:_identify(.) by extensions ['cmake', 'python']
[1.330s] Level 1:colcon.colcon_core.package_identification:_identify(.) by extension 'cmake'
[1.330s] Level 1:colcon.colcon_core.package_identification:_identify(.) by extension 'python'
[1.330s] Level 1:colcon.colcon_core.package_identification:_identify(.) by extensions ['python_setup_py']
[1.331s] Level 1:colcon.colcon_core.package_identification:_identify(.) by extension 'python_setup_py'
[1.331s] Level 1:colcon.colcon_core.package_identification:_identify(build) by extensions ['ignore', 'ignore_ament_install']
[1.331s] Level 1:colcon.colcon_core.package_identification:_identify(build) by extension 'ignore'
[1.332s] Level 1:colcon.colcon_core.package_identification:_identify(build) ignored
[1.332s] Level 1:colcon.colcon_core.package_identification:_identify(install) by extensions ['ignore', 'ignore_ament_install']
[1.333s] Level 1:colcon.colcon_core.package_identification:_identify(install) by extension 'ignore'
[1.333s] Level 1:colcon.colcon_core.package_identification:_identify(install) ignored
[1.333s] Level 1:colcon.colcon_core.package_identification:_identify(log) by extensions ['ignore', 'ignore_ament_install']
[1.334s] Level 1:colcon.colcon_core.package_identification:_identify(log) by extension 'ignore'
[1.334s] Level 1:colcon.colcon_core.package_identification:_identify(log) ignored
[1.334s] Level 1:colcon.colcon_core.package_identification:_identify(src) by extensions ['ignore', 'ignore_ament_install']
[1.335s] Level 1:colcon.colcon_core.package_identification:_identify(src) by extension 'ignore'
[1.335s] Level 1:colcon.colcon_core.package_identification:_identify(src) by extension 'ignore_ament_install'
[1.335s] Level 1:colcon.colcon_core.package_identification:_identify(src) by extensions ['colcon_pkg']
[1.336s] Level 1:colcon.colcon_core.package_identification:_identify(src) by extension 'colcon_pkg'
[1.336s] Level 1:colcon.colcon_core.package_identification:_identify(src) by extensions ['colcon_meta']
[1.336s] Level 1:colcon.colcon_core.package_identification:_identify(src) by extension 'colcon_meta'
[1.336s] Level 1:colcon.colcon_core.package_identification:_identify(src) by extensions ['ros']
[1.337s] Level 1:colcon.colcon_core.package_identification:_identify(src) by extension 'ros'
[1.337s] Level 1:colcon.colcon_core.package_identification:_identify(src) by extensions ['cmake', 'python']
[1.337s] Level 1:colcon.colcon_core.package_identification:_identify(src) by extension 'cmake'
[1.337s] Level 1:colcon.colcon_core.package_identification:_identify(src) by extension 'python'
[1.338s] Level 1:colcon.colcon_core.package_identification:_identify(src) by extensions ['python_setup_py']
[1.338s] Level 1:colcon.colcon_core.package_identification:_identify(src) by extension 'python_setup_py'
[1.338s] Level 1:colcon.colcon_core.package_identification:_identify(src/my_cpp_pkg) by extensions ['ignore', 'ignore_ament_install']
[1.339s] Level 1:colcon.colcon_core.package_identification:_identify(src/my_cpp_pkg) by extension 'ignore'
[1.339s] Level 1:colcon.colcon_core.package_identification:_identify(src/my_cpp_pkg) by extension 'ignore_ament_install'
[1.339s] Level 1:colcon.colcon_core.package_identification:_identify(src/my_cpp_pkg) by extensions ['colcon_pkg']
[1.340s] Level 1:colcon.colcon_core.package_identification:_identify(src/my_cpp_pkg) by extension 'colcon_pkg'
[1.340s] Level 1:colcon.colcon_core.package_identification:_identify(src/my_cpp_pkg) by extensions ['colcon_meta']
[1.340s] Level 1:colcon.colcon_core.package_identification:_identify(src/my_cpp_pkg) by extension 'colcon_meta'
[1.340s] Level 1:colcon.colcon_core.package_identification:_identify(src/my_cpp_pkg) by extensions ['ros']
[1.340s] Level 1:colcon.colcon_core.package_identification:_identify(src/my_cpp_pkg) by extension 'ros'
[1.347s] DEBUG:colcon.colcon_core.package_identification:Package 'src/my_cpp_pkg' with type 'ros.ament_cmake' and name 'my_cpp_pkg'
[1.348s] Level 1:colcon.colcon_core.package_identification:_identify(src/my_py_pkg) by extensions ['ignore', 'ignore_ament_install']
[1.348s] Level 1:colcon.colcon_core.package_identification:_identify(src/my_py_pkg) by extension 'ignore'
[1.348s] Level 1:colcon.colcon_core.package_identification:_identify(src/my_py_pkg) by extension 'ignore_ament_install'
[1.348s] Level 1:colcon.colcon_core.package_identification:_identify(src/my_py_pkg) by extensions ['colcon_pkg']
[1.349s] Level 1:colcon.colcon_core.package_identification:_identify(src/my_py_pkg) by extension 'colcon_pkg'
[1.349s] Level 1:colcon.colcon_core.package_identification:_identify(src/my_py_pkg) by extensions ['colcon_meta']
[1.349s] Level 1:colcon.colcon_core.package_identification:_identify(src/my_py_pkg) by extension 'colcon_meta'
[1.349s] Level 1:colcon.colcon_core.package_identification:_identify(src/my_py_pkg) by extensions ['ros']
[1.349s] Level 1:colcon.colcon_core.package_identification:_identify(src/my_py_pkg) by extension 'ros'
[1.352s] DEBUG:colcon.colcon_core.package_identification:Package 'src/my_py_pkg' with type 'ros.ament_python' and name 'my_py_pkg'
[1.352s] Level 1:colcon.colcon_core.package_discovery:discover_packages(recursive) using defaults
[1.352s] Level 1:colcon.colcon_core.package_discovery:discover_packages(ignore) discover
[1.352s] Level 1:colcon.colcon_core.package_discovery:discover_packages(ignore) using defaults
[1.353s] Level 1:colcon.colcon_core.package_discovery:discover_packages(path) discover
[1.353s] Level 1:colcon.colcon_core.package_discovery:discover_packages(path) using defaults
[1.434s] INFO:colcon.colcon_core.package_selection:Skipping not selected package 'my_py_pkg' in 'src/my_py_pkg'
[1.436s] Level 1:colcon.colcon_core.package_discovery:discover_packages(prefix_path) check parameters
[1.436s] Level 1:colcon.colcon_core.package_discovery:discover_packages(prefix_path) discover
[1.440s] WARNING:colcon.colcon_ros.prefix_path.ament:The path '/home/taylor/scrb-practice/install/my_cpp_pkg' in the environment variable AMENT_PREFIX_PATH doesn't exist
[1.441s] WARNING:colcon.colcon_ros.prefix_path.catkin:The path '/home/taylor/scrb-practice/install/my_cpp_pkg' in the environment variable CMAKE_PREFIX_PATH doesn't exist
[1.445s] DEBUG:colcon.colcon_installed_package_information.package_discovery:Found 1 installed packages in /home/taylor/scrb-practice/install
[1.452s] DEBUG:colcon.colcon_installed_package_information.package_discovery:Found 273 installed packages in /opt/ros/humble
[1.455s] Level 1:colcon.colcon_core.package_discovery:discover_packages(prefix_path) using defaults
[1.630s] Level 5:colcon.colcon_core.verb:set package 'my_cpp_pkg' build argument 'cmake_args' from command line to 'None'
[1.631s] Level 5:colcon.colcon_core.verb:set package 'my_cpp_pkg' build argument 'cmake_target' from command line to 'None'
[1.631s] Level 5:colcon.colcon_core.verb:set package 'my_cpp_pkg' build argument 'cmake_target_skip_unavailable' from command line to 'False'
[1.631s] Level 5:colcon.colcon_core.verb:set package 'my_cpp_pkg' build argument 'cmake_clean_cache' from command line to 'False'
[1.632s] Level 5:colcon.colcon_core.verb:set package 'my_cpp_pkg' build argument 'cmake_clean_first' from command line to 'False'
[1.632s] Level 5:colcon.colcon_core.verb:set package 'my_cpp_pkg' build argument 'cmake_force_configure' from command line to 'False'
[1.632s] Level 5:colcon.colcon_core.verb:set package 'my_cpp_pkg' build argument 'ament_cmake_args' from command line to 'None'
[1.632s] Level 5:colcon.colcon_core.verb:set package 'my_cpp_pkg' build argument 'catkin_cmake_args' from command line to 'None'
[1.632s] Level 5:colcon.colcon_core.verb:set package 'my_cpp_pkg' build argument 'catkin_skip_building_tests' from command line to 'False'
[1.633s] DEBUG:colcon.colcon_core.verb:Building package 'my_cpp_pkg' with the following arguments: {'ament_cmake_args': None, 'build_base': '/home/taylor/scrb-practice/build/my_cpp_pkg', 'catkin_cmake_args': None, 'catkin_skip_building_tests': False, 'cmake_args': None, 'cmake_clean_cache': False, 'cmake_clean_first': False, 'cmake_force_configure': False, 'cmake_target': None, 'cmake_target_skip_unavailable': False, 'install_base': '/home/taylor/scrb-practice/install/my_cpp_pkg', 'merge_install': False, 'path': '/home/taylor/scrb-practice/src/my_cpp_pkg', 'symlink_install': False, 'test_result_base': None}
[1.633s] INFO:colcon.colcon_core.executor:Executing jobs using 'parallel' executor
[1.636s] DEBUG:colcon.colcon_parallel_executor.executor.parallel:run_until_complete
[1.637s] INFO:colcon.colcon_ros.task.ament_cmake.build:Building ROS package in '/home/taylor/scrb-practice/src/my_cpp_pkg' with build type 'ament_cmake'
[1.639s] INFO:colcon.colcon_cmake.task.cmake.build:Building CMake package in '/home/taylor/scrb-practice/src/my_cpp_pkg'
[1.650s] INFO:colcon.colcon_core.plugin_system:Skipping extension 'colcon_core.shell.bat': Not used on non-Windows systems
[1.651s] INFO:colcon.colcon_core.shell:Skip shell extension 'powershell' for command environment: Not usable outside of PowerShell
[1.651s] DEBUG:colcon.colcon_core.shell:Skip shell extension 'dsv' for command environment
[1.676s] DEBUG:colcon.colcon_core.event_handler.log_command:Invoking command in '/home/taylor/scrb-practice/build/my_cpp_pkg': CMAKE_PREFIX_PATH=${CMAKE_PREFIX_PATH}:/home/taylor/scrb-practice/install/my_py_pkg:/opt/ros/humble /usr/bin/cmake --build /home/taylor/scrb-practice/build/my_cpp_pkg -- -j1 -l1
[10.383s] DEBUG:colcon.colcon_core.event_handler.log_command:Invoked command in '/home/taylor/scrb-practice/build/my_cpp_pkg' returned '0': CMAKE_PREFIX_PATH=${CMAKE_PREFIX_PATH}:/home/taylor/scrb-practice/install/my_py_pkg:/opt/ros/humble /usr/bin/cmake --build /home/taylor/scrb-practice/build/my_cpp_pkg -- -j1 -l1
[10.417s] DEBUG:colcon.colcon_core.event_handler.log_command:Invoking command in '/home/taylor/scrb-practice/build/my_cpp_pkg': CMAKE_PREFIX_PATH=${CMAKE_PREFIX_PATH}:/home/taylor/scrb-practice/install/my_py_pkg:/opt/ros/humble /usr/bin/cmake --install /home/taylor/scrb-practice/build/my_cpp_pkg
[10.487s] Level 1:colcon.colcon_core.environment:create_environment_scripts_only(my_cpp_pkg)
[10.488s] DEBUG:colcon.colcon_core.event_handler.log_command:Invoked command in '/home/taylor/scrb-practice/build/my_cpp_pkg' returned '0': CMAKE_PREFIX_PATH=${CMAKE_PREFIX_PATH}:/home/taylor/scrb-practice/install/my_py_pkg:/opt/ros/humble /usr/bin/cmake --install /home/taylor/scrb-practice/build/my_cpp_pkg
[10.502s] Level 1:colcon.colcon_core.environment:checking '/home/taylor/scrb-practice/install/my_cpp_pkg' for CMake module files
[10.504s] Level 1:colcon.colcon_core.environment:checking '/home/taylor/scrb-practice/install/my_cpp_pkg' for CMake config files
[10.505s] Level 1:colcon.colcon_core.shell:create_environment_hook('my_cpp_pkg', 'cmake_prefix_path')
[10.505s] INFO:colcon.colcon_core.shell:Creating environment hook '/home/taylor/scrb-practice/install/my_cpp_pkg/share/my_cpp_pkg/hook/cmake_prefix_path.ps1'
[10.508s] INFO:colcon.colcon_core.shell:Creating environment descriptor '/home/taylor/scrb-practice/install/my_cpp_pkg/share/my_cpp_pkg/hook/cmake_prefix_path.dsv'
[10.510s] INFO:colcon.colcon_core.shell:Creating environment hook '/home/taylor/scrb-practice/install/my_cpp_pkg/share/my_cpp_pkg/hook/cmake_prefix_path.sh'
[10.512s] Level 1:colcon.colcon_core.environment:checking '/home/taylor/scrb-practice/install/my_cpp_pkg/lib'
[10.513s] Level 1:colcon.colcon_core.environment:checking '/home/taylor/scrb-practice/install/my_cpp_pkg/bin'
[10.513s] Level 1:colcon.colcon_core.environment:checking '/home/taylor/scrb-practice/install/my_cpp_pkg/lib/pkgconfig/my_cpp_pkg.pc'
[10.514s] Level 1:colcon.colcon_core.environment:checking '/home/taylor/scrb-practice/install/my_cpp_pkg/lib/python3.10/site-packages'
[10.514s] Level 1:colcon.colcon_core.environment:checking '/home/taylor/scrb-practice/install/my_cpp_pkg/bin'
[10.515s] INFO:colcon.colcon_core.shell:Creating package script '/home/taylor/scrb-practice/install/my_cpp_pkg/share/my_cpp_pkg/package.ps1'
[10.517s] INFO:colcon.colcon_core.shell:Creating package descriptor '/home/taylor/scrb-practice/install/my_cpp_pkg/share/my_cpp_pkg/package.dsv'
[10.519s] INFO:colcon.colcon_core.shell:Creating package script '/home/taylor/scrb-practice/install/my_cpp_pkg/share/my_cpp_pkg/package.sh'
[10.521s] INFO:colcon.colcon_core.shell:Creating package script '/home/taylor/scrb-practice/install/my_cpp_pkg/share/my_cpp_pkg/package.bash'
[10.524s] INFO:colcon.colcon_core.shell:Creating package script '/home/taylor/scrb-practice/install/my_cpp_pkg/share/my_cpp_pkg/package.zsh'
[10.526s] Level 1:colcon.colcon_core.environment:create_file_with_runtime_dependencies(/home/taylor/scrb-practice/install/my_cpp_pkg/share/colcon-core/packages/my_cpp_pkg)
[10.528s] Level 1:colcon.colcon_core.environment:create_environment_scripts_only(my_cpp_pkg)
[10.529s] Level 1:colcon.colcon_core.environment:checking '/home/taylor/scrb-practice/install/my_cpp_pkg' for CMake module files
[10.530s] Level 1:colcon.colcon_core.environment:checking '/home/taylor/scrb-practice/install/my_cpp_pkg' for CMake config files
[10.531s] Level 1:colcon.colcon_core.shell:create_environment_hook('my_cpp_pkg', 'cmake_prefix_path')
[10.532s] INFO:colcon.colcon_core.shell:Creating environment hook '/home/taylor/scrb-practice/install/my_cpp_pkg/share/my_cpp_pkg/hook/cmake_prefix_path.ps1'
[10.533s] INFO:colcon.colcon_core.shell:Creating environment descriptor '/home/taylor/scrb-practice/install/my_cpp_pkg/share/my_cpp_pkg/hook/cmake_prefix_path.dsv'
[10.535s] INFO:colcon.colcon_core.shell:Creating environment hook '/home/taylor/scrb-practice/install/my_cpp_pkg/share/my_cpp_pkg/hook/cmake_prefix_path.sh'
[10.537s] Level 1:colcon.colcon_core.environment:checking '/home/taylor/scrb-practice/install/my_cpp_pkg/lib'
[10.537s] Level 1:colcon.colcon_core.environment:checking '/home/taylor/scrb-practice/install/my_cpp_pkg/bin'
[10.537s] Level 1:colcon.colcon_core.environment:checking '/home/taylor/scrb-practice/install/my_cpp_pkg/lib/pkgconfig/my_cpp_pkg.pc'
[10.538s] Level 1:colcon.colcon_core.environment:checking '/home/taylor/scrb-practice/install/my_cpp_pkg/lib/python3.10/site-packages'
[10.539s] Level 1:colcon.colcon_core.environment:checking '/home/taylor/scrb-practice/install/my_cpp_pkg/bin'
[10.540s] INFO:colcon.colcon_core.shell:Creating package script '/home/taylor/scrb-practice/install/my_cpp_pkg/share/my_cpp_pkg/package.ps1'
[10.542s] INFO:colcon.colcon_core.shell:Creating package descriptor '/home/taylor/scrb-practice/install/my_cpp_pkg/share/my_cpp_pkg/package.dsv'
[10.543s] INFO:colcon.colcon_core.shell:Creating package script '/home/taylor/scrb-practice/install/my_cpp_pkg/share/my_cpp_pkg/package.sh'
[10.545s] INFO:colcon.colcon_core.shell:Creating package script '/home/taylor/scrb-practice/install/my_cpp_pkg/share/my_cpp_pkg/package.bash'
[10.547s] INFO:colcon.colcon_core.shell:Creating package script '/home/taylor/scrb-practice/install/my_cpp_pkg/share/my_cpp_pkg/package.zsh'
[10.549s] Level 1:colcon.colcon_core.environment:create_file_with_runtime_dependencies(/home/taylor/scrb-practice/install/my_cpp_pkg/share/colcon-core/packages/my_cpp_pkg)
[10.550s] DEBUG:colcon.colcon_parallel_executor.executor.parallel:closing loop
[10.553s] DEBUG:colcon.colcon_parallel_executor.executor.parallel:loop closed
[10.553s] DEBUG:colcon.colcon_parallel_executor.executor.parallel:run_until_complete finished with '0'
[10.553s] DEBUG:colcon.colcon_core.event_reactor:joining thread
[10.579s] INFO:colcon.colcon_core.plugin_system:Skipping extension 'colcon_notification.desktop_notification.notify_send': Could not find 'notify-send'
[10.579s] INFO:colcon.colcon_core.plugin_system:Skipping extension 'colcon_notification.desktop_notification.terminal_notifier': Not used on non-Darwin systems
[10.579s] INFO:colcon.colcon_core.plugin_system:Skipping extension 'colcon_notification.desktop_notification.win32': Not used on non-Windows systems
[10.580s] INFO:colcon.colcon_notification.desktop_notification:Sending desktop notification using 'notify2'
[10.682s] DEBUG:colcon.colcon_core.event_reactor:joined thread
[10.684s] INFO:colcon.colcon_core.shell:Creating prefix script '/home/taylor/scrb-practice/install/local_setup.ps1'
[10.689s] INFO:colcon.colcon_core.shell:Creating prefix util module '/home/taylor/scrb-practice/install/_local_setup_util_ps1.py'
[10.696s] INFO:colcon.colcon_core.shell:Creating prefix chain script '/home/taylor/scrb-practice/install/setup.ps1'
[10.701s] INFO:colcon.colcon_core.shell:Creating prefix script '/home/taylor/scrb-practice/install/local_setup.sh'
[10.705s] INFO:colcon.colcon_core.shell:Creating prefix util module '/home/taylor/scrb-practice/install/_local_setup_util_sh.py'
[10.710s] INFO:colcon.colcon_core.shell:Creating prefix chain script '/home/taylor/scrb-practice/install/setup.sh'
[10.716s] INFO:colcon.colcon_core.shell:Creating prefix script '/home/taylor/scrb-practice/install/local_setup.bash'
[10.720s] INFO:colcon.colcon_core.shell:Creating prefix chain script '/home/taylor/scrb-practice/install/setup.bash'
[10.725s] INFO:colcon.colcon_core.shell:Creating prefix script '/home/taylor/scrb-practice/install/local_setup.zsh'
[10.728s] INFO:colcon.colcon_core.shell:Creating prefix chain script '/home/taylor/scrb-practice/install/setup.zsh'
