[0.041s] Invoking command in '/home/taylor/scrb-practice/build/my_cpp_pkg': CMAKE_PREFIX_PATH=${CMAKE_PREFIX_PATH}:/home/taylor/scrb-practice/install/my_py_pkg:/opt/ros/humble /usr/bin/cmake --build /home/taylor/scrb-practice/build/my_cpp_pkg -- -j1 -l1
[0.242s] [35m[1mConsolidate compiler generated dependencies of target cpp_node[0m
[0.322s] [ 50%] [32mBuilding CXX object CMakeFiles/cpp_node.dir/src/my_first_node.cpp.o[0m
[10.610s] [01m[K/home/taylor/scrb-practice/src/my_cpp_pkg/src/my_first_node.cpp:3:23:[m[K [01;31m[Kerror: [m[K‘[01m[Krclccp[m[K’ has not been declared
[10.610s]     3 | class MyNode : public [01;31m[Krclccp[m[K::Node
[10.613s]       |                       [01;31m[K^~~~~~[m[K
[10.613s] [01m[K/home/taylor/scrb-practice/src/my_cpp_pkg/src/my_first_node.cpp:3:31:[m[K [01;31m[Kerror: [m[Kexpected ‘[01m[K{[m[K’ before ‘[01m[KNode[m[K’
[10.613s]     3 | class MyNode : public rclccp::[01;31m[KNode[m[K
[10.614s]       |                               [01;31m[K^~~~[m[K
[10.614s] [01m[K/home/taylor/scrb-practice/src/my_cpp_pkg/src/my_first_node.cpp:5:17:[m[K [01;31m[Kerror: [m[Kexpected primary-expression before ‘[01m[Kpublic[m[K’
[10.614s]     5 |                 [01;31m[Kpublic[m[K:
[10.618s]       |                 [01;31m[K^~~~~~[m[K
[10.618s] [01m[K/home/taylor/scrb-practice/src/my_cpp_pkg/src/my_first_node.cpp:5:17:[m[K [01;31m[Kerror: [m[Kexpected ‘[01m[K}[m[K’ before ‘[01m[Kpublic[m[K’
[10.619s] [01m[K/home/taylor/scrb-practice/src/my_cpp_pkg/src/my_first_node.cpp:4:9:[m[K [01;36m[Knote: [m[Kto match this ‘[01m[K{[m[K’
[10.619s]     4 |         [01;36m[K{[m[K
[10.619s]       |         [01;36m[K^[m[K
[10.622s] [01m[K/home/taylor/scrb-practice/src/my_cpp_pkg/src/my_first_node.cpp:9:17:[m[K [01;31m[Kerror: [m[Kexpected declaration before ‘[01m[K}[m[K’ token
[10.622s]     9 |                 [01;31m[K}[m[K
[10.623s]       |                 [01;31m[K^[m[K
[10.623s] [01m[K/home/taylor/scrb-practice/src/my_cpp_pkg/src/my_first_node.cpp:11:17:[m[K [01;31m[Kerror: [m[Kexpected unqualified-id before ‘[01m[Kprivate[m[K’
[10.623s]    11 |                 [01;31m[Kprivate[m[K:
[10.626s]       |                 [01;31m[K^~~~~~~[m[K
[10.628s] [01m[K/home/taylor/scrb-practice/src/my_cpp_pkg/src/my_first_node.cpp:19:25:[m[K [01;31m[Kerror: [m[K‘[01m[Krclccp[m[K’ does not name a type
[10.628s]    19 |                         [01;31m[Krclccp[m[K::TimerBase::SharedPtr timer_;//_ to denote private attribute
[10.628s]       |                         [01;31m[K^~~~~~[m[K
[10.629s] [01m[K/home/taylor/scrb-practice/src/my_cpp_pkg/src/my_first_node.cpp:22:9:[m[K [01;31m[Kerror: [m[Kexpected declaration before ‘[01m[K}[m[K’ token
[10.629s]    22 |         [01;31m[K}[m[K;
[10.629s]       |         [01;31m[K^[m[K
[10.630s] [01m[K/home/taylor/scrb-practice/src/my_cpp_pkg/src/my_first_node.cpp:[m[K In function ‘[01m[Kint main(int, char**)[m[K’:
[10.630s] [01m[K/home/taylor/scrb-practice/src/my_cpp_pkg/src/my_first_node.cpp:29:17:[m[K [01;31m[Kerror: [m[Kno matching function for call to ‘[01m[Kspin(std::shared_ptr<MyNode> (*&)())[m[K’
[10.630s]    29 |     [01;31m[Krclcpp::spin(node)[m[K;
[10.633s]       |     [01;31m[K~~~~~~~~~~~~^~~~~~[m[K
[10.634s] In file included from [01m[K/opt/ros/humble/include/rclcpp/rclcpp/rclcpp.hpp:155[m[K,
[10.634s]                  from [01m[K/home/taylor/scrb-practice/src/my_cpp_pkg/src/my_first_node.cpp:1[m[K:
[10.635s] [01m[K/opt/ros/humble/include/rclcpp/rclcpp/executors.hpp:45:1:[m[K [01;36m[Knote: [m[Kcandidate: ‘[01m[Kvoid rclcpp::spin(rclcpp::node_interfaces::NodeBaseInterface::SharedPtr)[m[K’
[10.635s]    45 | [01;36m[Kspin[m[K(rclcpp::node_interfaces::NodeBaseInterface::SharedPtr node_ptr);
[10.635s]       | [01;36m[K^~~~[m[K
[10.636s] [01m[K/opt/ros/humble/include/rclcpp/rclcpp/executors.hpp:45:60:[m[K [01;36m[Knote: [m[K  no known conversion for argument 1 from ‘[01m[Kstd::shared_ptr<MyNode> (*)()[m[K’ to ‘[01m[Krclcpp::node_interfaces::NodeBaseInterface::SharedPtr[m[K’ {aka ‘[01m[Kstd::shared_ptr<rclcpp::node_interfaces::NodeBaseInterface>[m[K’}
[10.636s]    45 | spin([01;36m[Krclcpp::node_interfaces::NodeBaseInterface::SharedPtr node_ptr[m[K);
[10.637s]       |      [01;36m[K~~~~~~~~~~~~~~~~~~~~~~~~~~~~~~~~~~~~~~~~~~~~~~~~~~~~~~^~~~~~~~[m[K
[10.637s] [01m[K/opt/ros/humble/include/rclcpp/rclcpp/executors.hpp:49:1:[m[K [01;36m[Knote: [m[Kcandidate: ‘[01m[Kvoid rclcpp::spin(rclcpp::Node::SharedPtr)[m[K’
[10.637s]    49 | [01;36m[Kspin[m[K(rclcpp::Node::SharedPtr node_ptr);
[10.638s]       | [01;36m[K^~~~[m[K
[10.638s] [01m[K/opt/ros/humble/include/rclcpp/rclcpp/executors.hpp:49:30:[m[K [01;36m[Knote: [m[K  no known conversion for argument 1 from ‘[01m[Kstd::shared_ptr<MyNode> (*)()[m[K’ to ‘[01m[Krclcpp::Node::SharedPtr[m[K’ {aka ‘[01m[Kstd::shared_ptr<rclcpp::Node>[m[K’}
[10.639s]    49 | spin([01;36m[Krclcpp::Node::SharedPtr node_ptr[m[K);
[10.639s]       |      [01;36m[K~~~~~~~~~~~~~~~~~~~~~~~~^~~~~~~~[m[K
[12.052s] In file included from [01m[K/usr/include/c++/11/bits/shared_ptr_base.h:60[m[K,
[12.052s]                  from [01m[K/usr/include/c++/11/bits/shared_ptr.h:53[m[K,
[12.052s]                  from [01m[K/usr/include/c++/11/memory:77[m[K,
[12.052s]                  from [01m[K/opt/ros/humble/include/rclcpp/rclcpp/rclcpp.hpp:153[m[K,
[12.052s]                  from [01m[K/home/taylor/scrb-practice/src/my_cpp_pkg/src/my_first_node.cpp:1[m[K:
[12.053s] /usr/include/c++/11/ext/aligned_buffer.h: In instantiation of ‘[01m[Kstruct __gnu_cxx::__aligned_buffer<MyNode>[m[K’:
[12.053s] [01m[K/usr/include/c++/11/bits/shared_ptr_base.h:506:35:[m[K   required from ‘[01m[Kclass std::_Sp_counted_ptr_inplace<MyNode, std::allocator<MyNode>, __gnu_cxx::_S_atomic>::_Impl[m[K’
[12.053s] [01m[K/usr/include/c++/11/bits/shared_ptr_base.h:567:13:[m[K   required from ‘[01m[Kclass std::_Sp_counted_ptr_inplace<MyNode, std::allocator<MyNode>, __gnu_cxx::_S_atomic>[m[K’
[12.056s] [01m[K/usr/include/c++/11/bits/shared_ptr_base.h:647:43:[m[K   required from ‘[01m[Kstd::__shared_count<_Lp>::__shared_count(_Tp*&, std::_Sp_alloc_shared_tag<_Alloc>, _Args&& ...) [with _Tp = MyNode; _Alloc = std::allocator<MyNode>; _Args = {}; __gnu_cxx::_Lock_policy _Lp = __gnu_cxx::_S_atomic][m[K’
[12.056s] [01m[K/usr/include/c++/11/bits/shared_ptr_base.h:1342:14:[m[K   required from ‘[01m[Kstd::__shared_ptr<_Tp, _Lp>::__shared_ptr(std::_Sp_alloc_shared_tag<_Tp>, _Args&& ...) [with _Alloc = std::allocator<MyNode>; _Args = {}; _Tp = MyNode; __gnu_cxx::_Lock_policy _Lp = __gnu_cxx::_S_atomic][m[K’
[12.056s] [01m[K/usr/include/c++/11/bits/shared_ptr.h:409:59:[m[K   required from ‘[01m[Kstd::shared_ptr<_Tp>::shared_ptr(std::_Sp_alloc_shared_tag<_Tp>, _Args&& ...) [with _Alloc = std::allocator<MyNode>; _Args = {}; _Tp = MyNode][m[K’
[12.057s] [01m[K/usr/include/c++/11/bits/shared_ptr.h:862:14:[m[K   required from ‘[01m[Kstd::shared_ptr<_Tp> std::allocate_shared(const _Alloc&, _Args&& ...) [with _Tp = MyNode; _Alloc = std::allocator<MyNode>; _Args = {}][m[K’
[12.057s] [01m[K/usr/include/c++/11/bits/shared_ptr.h:878:39:[m[K   required from ‘[01m[Kstd::shared_ptr<_Tp> std::make_shared(_Args&& ...) [with _Tp = MyNode; _Args = {}][m[K’
[12.057s] [01m[K/home/taylor/scrb-practice/src/my_cpp_pkg/src/my_first_node.cpp:28:22:[m[K   required from here
[12.061s] [01m[K/usr/include/c++/11/ext/aligned_buffer.h:91:28:[m[K [01;31m[Kerror: [m[Kinvalid application of ‘[01m[Ksizeof[m[K’ to incomplete type ‘[01m[KMyNode[m[K’
[12.061s]    91 |     : std::aligned_storage<[01;31m[Ksizeof(_Tp)[m[K, __alignof__(_Tp)>
[12.062s]       |                            [01;31m[K^~~~~~~~~~~[m[K
[12.062s] [01m[K/usr/include/c++/11/ext/aligned_buffer.h:91:28:[m[K [01;31m[Kerror: [m[Kinvalid application of ‘[01m[Ksizeof[m[K’ to incomplete type ‘[01m[KMyNode[m[K’
[12.493s] gmake[2]: *** [CMakeFiles/cpp_node.dir/build.make:76: CMakeFiles/cpp_node.dir/src/my_first_node.cpp.o] Error 1
[12.494s] gmake[1]: *** [CMakeFiles/Makefile2:137: CMakeFiles/cpp_node.dir/all] Error 2
[12.498s] gmake: *** [Makefile:146: all] Error 2
[12.508s] Invoked command in '/home/taylor/scrb-practice/build/my_cpp_pkg' returned '2': CMAKE_PREFIX_PATH=${CMAKE_PREFIX_PATH}:/home/taylor/scrb-practice/install/my_py_pkg:/opt/ros/humble /usr/bin/cmake --build /home/taylor/scrb-practice/build/my_cpp_pkg -- -j1 -l1
