[1.562s] Invoking command in '/home/taylor/scrb-practice/src/my_py_pkg': PYTHONPATH=/home/taylor/scrb-practice/build/my_py_pkg/prefix_override:/usr/lib/python3/dist-packages/colcon_core/task/python/colcon_distutils_commands:/home/taylor/scrb-practice/install/my_py_pkg/lib/python3.10/site-packages:${PYTHONPATH} /usr/bin/python3 -W ignore:setup.py install is deprecated -W ignore:easy_install command is deprecated setup.py egg_info --egg-base ../../build/my_py_pkg build --build-base /home/taylor/scrb-practice/build/my_py_pkg/build install --record /home/taylor/scrb-practice/build/my_py_pkg/install.log --single-version-externally-managed install_data
[2.140s] running egg_info
[2.142s] writing ../../build/my_py_pkg/my_py_pkg.egg-info/PKG-INFO
[2.153s] writing dependency_links to ../../build/my_py_pkg/my_py_pkg.egg-info/dependency_links.txt
[2.155s] writing entry points to ../../build/my_py_pkg/my_py_pkg.egg-info/entry_points.txt
[2.155s] writing requirements to ../../build/my_py_pkg/my_py_pkg.egg-info/requires.txt
[2.157s] writing top-level names to ../../build/my_py_pkg/my_py_pkg.egg-info/top_level.txt
[2.160s] reading manifest file '../../build/my_py_pkg/my_py_pkg.egg-info/SOURCES.txt'
[2.163s] writing manifest file '../../build/my_py_pkg/my_py_pkg.egg-info/SOURCES.txt'
[2.164s] running build
[2.165s] running build_py
[2.168s] copying my_py_pkg/my_first_node.py -> /home/taylor/scrb-practice/build/my_py_pkg/build/lib/my_py_pkg
[2.168s] running install
[2.170s] running install_lib
[2.172s] copying /home/taylor/scrb-practice/build/my_py_pkg/build/lib/my_py_pkg/my_first_node.py -> /home/taylor/scrb-practice/install/my_py_pkg/lib/python3.10/site-packages/my_py_pkg
[2.175s] byte-compiling /home/taylor/scrb-practice/install/my_py_pkg/lib/python3.10/site-packages/my_py_pkg/my_first_node.py to my_first_node.cpython-310.pyc
[2.175s] running install_data
[2.179s] running install_egg_info
[2.181s] removing '/home/taylor/scrb-practice/install/my_py_pkg/lib/python3.10/site-packages/my_py_pkg-0.0.0-py3.10.egg-info' (and everything under it)
[2.183s] Copying ../../build/my_py_pkg/my_py_pkg.egg-info to /home/taylor/scrb-practice/install/my_py_pkg/lib/python3.10/site-packages/my_py_pkg-0.0.0-py3.10.egg-info
[2.187s] running install_scripts
[2.236s] Installing py_node script to /home/taylor/scrb-practice/install/my_py_pkg/lib/my_py_pkg
[2.238s] writing list of installed files to '/home/taylor/scrb-practice/build/my_py_pkg/install.log'
[2.283s] Invoked command in '/home/taylor/scrb-practice/src/my_py_pkg' returned '0': PYTHONPATH=/home/taylor/scrb-practice/build/my_py_pkg/prefix_override:/usr/lib/python3/dist-packages/colcon_core/task/python/colcon_distutils_commands:/home/taylor/scrb-practice/install/my_py_pkg/lib/python3.10/site-packages:${PYTHONPATH} /usr/bin/python3 -W ignore:setup.py install is deprecated -W ignore:easy_install command is deprecated setup.py egg_info --egg-base ../../build/my_py_pkg build --build-base /home/taylor/scrb-practice/build/my_py_pkg/build install --record /home/taylor/scrb-practice/build/my_py_pkg/install.log --single-version-externally-managed install_data
