[0.016s] Invoking command in '/home/taylor/Documents/robotics-testing-repo/scrb-introtask/build/my_cpp_pkg': CMAKE_PREFIX_PATH=/opt/ros/humble /usr/bin/cmake --build /home/taylor/Documents/robotics-testing-repo/scrb-introtask/build/my_cpp_pkg -- -j6 -l6
[0.105s] [ 25%] [32mBuilding CXX object CMakeFiles/listener.dir/src/subscriber.cpp.o[0m
[0.105s] [ 75%] Built target talker
[12.984s] [100%] [32m[1mLinking CXX executable listener[0m
[13.625s] [100%] Built target listener
[13.645s] Invoked command in '/home/taylor/Documents/robotics-testing-repo/scrb-introtask/build/my_cpp_pkg' returned '0': CMAKE_PREFIX_PATH=/opt/ros/humble /usr/bin/cmake --build /home/taylor/Documents/robotics-testing-repo/scrb-introtask/build/my_cpp_pkg -- -j6 -l6
[13.662s] Invoking command in '/home/taylor/Documents/robotics-testing-repo/scrb-introtask/build/my_cpp_pkg': CMAKE_PREFIX_PATH=/opt/ros/humble /usr/bin/cmake --install /home/taylor/Documents/robotics-testing-repo/scrb-introtask/build/my_cpp_pkg
[13.674s] -- Install configuration: ""
[13.674s] -- Up-to-date: /home/taylor/Documents/robotics-testing-repo/scrb-introtask/install/my_cpp_pkg/lib/my_cpp_pkg/talker
[13.675s] -- Installing: /home/taylor/Documents/robotics-testing-repo/scrb-introtask/install/my_cpp_pkg/lib/my_cpp_pkg/listener
[13.683s] -- Set runtime path of "/home/taylor/Documents/robotics-testing-repo/scrb-introtask/install/my_cpp_pkg/lib/my_cpp_pkg/listener" to ""
[13.683s] -- Up-to-date: /home/taylor/Documents/robotics-testing-repo/scrb-introtask/install/my_cpp_pkg/share/ament_index/resource_index/package_run_dependencies/my_cpp_pkg
[13.684s] -- Up-to-date: /home/taylor/Documents/robotics-testing-repo/scrb-introtask/install/my_cpp_pkg/share/ament_index/resource_index/parent_prefix_path/my_cpp_pkg
[13.684s] -- Up-to-date: /home/taylor/Documents/robotics-testing-repo/scrb-introtask/install/my_cpp_pkg/share/my_cpp_pkg/environment/ament_prefix_path.sh
[13.684s] -- Up-to-date: /home/taylor/Documents/robotics-testing-repo/scrb-introtask/install/my_cpp_pkg/share/my_cpp_pkg/environment/ament_prefix_path.dsv
[13.684s] -- Up-to-date: /home/taylor/Documents/robotics-testing-repo/scrb-introtask/install/my_cpp_pkg/share/my_cpp_pkg/environment/path.sh
[13.684s] -- Up-to-date: /home/taylor/Documents/robotics-testing-repo/scrb-introtask/install/my_cpp_pkg/share/my_cpp_pkg/environment/path.dsv
[13.684s] -- Up-to-date: /home/taylor/Documents/robotics-testing-repo/scrb-introtask/install/my_cpp_pkg/share/my_cpp_pkg/local_setup.bash
[13.684s] -- Up-to-date: /home/taylor/Documents/robotics-testing-repo/scrb-introtask/install/my_cpp_pkg/share/my_cpp_pkg/local_setup.sh
[13.685s] -- Up-to-date: /home/taylor/Documents/robotics-testing-repo/scrb-introtask/install/my_cpp_pkg/share/my_cpp_pkg/local_setup.zsh
[13.685s] -- Up-to-date: /home/taylor/Documents/robotics-testing-repo/scrb-introtask/install/my_cpp_pkg/share/my_cpp_pkg/local_setup.dsv
[13.685s] -- Installing: /home/taylor/Documents/robotics-testing-repo/scrb-introtask/install/my_cpp_pkg/share/my_cpp_pkg/package.dsv
[13.685s] -- Up-to-date: /home/taylor/Documents/robotics-testing-repo/scrb-introtask/install/my_cpp_pkg/share/ament_index/resource_index/packages/my_cpp_pkg
[13.685s] -- Up-to-date: /home/taylor/Documents/robotics-testing-repo/scrb-introtask/install/my_cpp_pkg/share/my_cpp_pkg/cmake/my_cpp_pkgConfig.cmake
[13.685s] -- Up-to-date: /home/taylor/Documents/robotics-testing-repo/scrb-introtask/install/my_cpp_pkg/share/my_cpp_pkg/cmake/my_cpp_pkgConfig-version.cmake
[13.685s] -- Up-to-date: /home/taylor/Documents/robotics-testing-repo/scrb-introtask/install/my_cpp_pkg/share/my_cpp_pkg/package.xml
[13.688s] Invoked command in '/home/taylor/Documents/robotics-testing-repo/scrb-introtask/build/my_cpp_pkg' returned '0': CMAKE_PREFIX_PATH=/opt/ros/humble /usr/bin/cmake --install /home/taylor/Documents/robotics-testing-repo/scrb-introtask/build/my_cpp_pkg
