[0.042s] Invoking command in '/home/taylor/scrb-practice/build/my_cpp_pkg': CMAKE_PREFIX_PATH=${CMAKE_PREFIX_PATH}:/home/taylor/scrb-practice/install/my_py_pkg:/opt/ros/humble /usr/bin/cmake /home/taylor/scrb-practice/src/my_cpp_pkg -DCMAKE_INSTALL_PREFIX=/home/taylor/scrb-practice/install/my_cpp_pkg
[0.533s] -- The C compiler identification is GNU 11.4.0
[0.823s] -- The CXX compiler identification is GNU 11.4.0
[0.863s] -- Detecting C compiler ABI info
[1.462s] -- Detecting C compiler ABI info - done
[1.476s] -- Check for working C compiler: /usr/bin/cc - skipped
[1.478s] -- Detecting C compile features
[1.480s] -- Detecting C compile features - done
[1.497s] -- Detecting CXX compiler ABI info
[1.905s] -- Detecting CXX compiler ABI info - done
[1.925s] -- Check for working CXX compiler: /usr/bin/c++ - skipped
[1.928s] -- Detecting CXX compile features
[1.931s] -- Detecting CXX compile features - done
[1.988s] -- Found ament_cmake: 1.3.14 (/opt/ros/humble/share/ament_cmake/cmake)
[2.528s] -- Found Python3: /usr/bin/python3 (found version "3.10.12") found components: Interpreter 
[2.875s] -- Found rclcpp: 16.0.18 (/opt/ros/humble/share/rclcpp/cmake)
[3.054s] -- Found rosidl_generator_c: 3.1.8 (/opt/ros/humble/share/rosidl_generator_c/cmake)
[3.077s] -- Found rosidl_adapter: 3.1.8 (/opt/ros/humble/share/rosidl_adapter/cmake)
[3.109s] -- Found rosidl_generator_cpp: 3.1.8 (/opt/ros/humble/share/rosidl_generator_cpp/cmake)
[3.156s] -- Using all available rosidl_typesupport_c: rosidl_typesupport_fastrtps_c;rosidl_typesupport_introspection_c
[3.210s] -- Using all available rosidl_typesupport_cpp: rosidl_typesupport_fastrtps_cpp;rosidl_typesupport_introspection_cpp
[3.404s] -- Found rmw_implementation_cmake: 6.1.2 (/opt/ros/humble/share/rmw_implementation_cmake/cmake)
[3.413s] -- Found rmw_fastrtps_cpp: 6.2.10 (/opt/ros/humble/share/rmw_fastrtps_cpp/cmake)
[3.687s] -- Found OpenSSL: /usr/lib/x86_64-linux-gnu/libcrypto.so (found version "3.0.2")  
[3.752s] -- Found FastRTPS: /opt/ros/humble/include  
[3.874s] -- Using RMW implementation 'rmw_fastrtps_cpp' as default
[3.906s] -- Looking for pthread.h
[4.352s] -- Looking for pthread.h - found
[4.355s] -- Performing Test CMAKE_HAVE_LIBC_PTHREAD
[4.581s] -- Performing Test CMAKE_HAVE_LIBC_PTHREAD - Success
[4.583s] -- Found Threads: TRUE  
[4.938s] -- Configuring done
[4.969s] -- Generating done
[4.981s] -- Build files have been written to: /home/taylor/scrb-practice/build/my_cpp_pkg
[5.008s] Invoked command in '/home/taylor/scrb-practice/build/my_cpp_pkg' returned '0': CMAKE_PREFIX_PATH=${CMAKE_PREFIX_PATH}:/home/taylor/scrb-practice/install/my_py_pkg:/opt/ros/humble /usr/bin/cmake /home/taylor/scrb-practice/src/my_cpp_pkg -DCMAKE_INSTALL_PREFIX=/home/taylor/scrb-practice/install/my_cpp_pkg
[5.009s] Invoking command in '/home/taylor/scrb-practice/build/my_cpp_pkg': CMAKE_PREFIX_PATH=${CMAKE_PREFIX_PATH}:/home/taylor/scrb-practice/install/my_py_pkg:/opt/ros/humble /usr/bin/cmake --build /home/taylor/scrb-practice/build/my_cpp_pkg -- -j1 -l1
[5.168s] [ 50%] [32mBuilding CXX object CMakeFiles/cpp_node.dir/src/my_first_node.cpp.o[0m
