[0.000000] (-) TimerEvent: {}
[0.003604] (-) JobUnselected: {'identifier': 'my_py_pkg'}
[0.003718] (my_cpp_pkg) JobQueued: {'identifier': 'my_cpp_pkg', 'dependencies': OrderedDict()}
[0.005589] (my_cpp_pkg) JobStarted: {'identifier': 'my_cpp_pkg'}
[0.039462] (my_cpp_pkg) JobProgress: {'identifier': 'my_cpp_pkg', 'progress': 'cmake'}
[0.040133] (my_cpp_pkg) JobProgress: {'identifier': 'my_cpp_pkg', 'progress': 'build'}
[0.043492] (my_cpp_pkg) Command: {'cmd': ['/usr/bin/cmake', '--build', '/home/taylor/scrb-practice/build/my_cpp_pkg', '--', '-j1', '-l1'], 'cwd': '/home/taylor/scrb-practice/build/my_cpp_pkg', 'env': OrderedDict([('LESSOPEN', '| /usr/bin/lesspipe %s'), ('USER', 'taylor'), ('SSH_CLIENT', '10.0.2.2 54674 22'), ('LC_TIME', 'en_US.UTF-8'), ('XDG_SESSION_TYPE', 'tty'), ('SHLVL', '1'), ('LD_LIBRARY_PATH', '/opt/ros/humble/opt/rviz_ogre_vendor/lib:/opt/ros/humble/lib/x86_64-linux-gnu:/opt/ros/humble/lib'), ('MOTD_SHOWN', 'pam'), ('HOME', '/home/taylor'), ('OLDPWD', '/home/taylor'), ('SSH_TTY', '/dev/pts/1'), ('ROS_PYTHON_VERSION', '3'), ('LC_MONETARY', 'en_US.UTF-8'), ('DBUS_SESSION_BUS_ADDRESS', 'unix:path=/run/user/1000/bus'), ('COLCON_PREFIX_PATH', '/home/taylor/scrb-practice/install'), ('ROS_DISTRO', 'humble'), ('LOGNAME', 'taylor'), ('_', '/usr/bin/colcon'), ('ROS_VERSION', '2'), ('XDG_SESSION_CLASS', 'user'), ('TERM', 'alacritty'), ('XDG_SESSION_ID', '8'), ('ROS_LOCALHOST_ONLY', '0'), ('PATH', '/opt/ros/humble/bin:/usr/local/sbin:/usr/local/bin:/usr/sbin:/usr/bin:/sbin:/bin:/usr/games:/usr/local/games:/snap/bin'), ('LC_ADDRESS', 'en_US.UTF-8'), ('XDG_RUNTIME_DIR', '/run/user/1000'), ('LANG', 'en_US.UTF-8'), ('LC_TELEPHONE', 'en_US.UTF-8'), ('LS_COLORS', ''), ('AMENT_PREFIX_PATH', '/home/taylor/scrb-practice/install/my_py_pkg:/home/taylor/scrb-practice/install/my_cpp_pkg:/opt/ros/humble'), ('SHELL', '/bin/bash'), ('LC_NAME', 'en_US.UTF-8'), ('LESSCLOSE', '/usr/bin/lesspipe %s %s'), ('LC_MEASUREMENT', 'en_US.UTF-8'), ('LC_IDENTIFICATION', 'en_US.UTF-8'), ('PWD', '/home/taylor/scrb-practice/build/my_cpp_pkg'), ('LC_ALL', 'en_US.UTF-8'), ('SSH_CONNECTION', '10.0.2.2 54674 10.0.2.15 22'), ('XDG_DATA_DIRS', '/usr/local/share:/usr/share:/var/lib/snapd/desktop'), ('PYTHONPATH', '/home/taylor/scrb-practice/install/my_py_pkg/lib/python3.10/site-packages:/opt/ros/humble/lib/python3.10/site-packages:/opt/ros/humble/local/lib/python3.10/dist-packages'), ('LC_NUMERIC', 'en_US.UTF-8'), ('LC_PAPER', 'en_US.UTF-8'), ('COLCON', '1'), ('CMAKE_PREFIX_PATH', '/home/taylor/scrb-practice/install/my_cpp_pkg:/home/taylor/scrb-practice/install/my_py_pkg:/opt/ros/humble')]), 'shell': False}
[0.100589] (-) TimerEvent: {}
[0.202537] (-) TimerEvent: {}
[0.243360] (my_cpp_pkg) StdoutLine: {'line': b'\x1b[35m\x1b[1mConsolidate compiler generated dependencies of target cpp_node\x1b[0m\n'}
[0.303599] (-) TimerEvent: {}
[0.331534] (my_cpp_pkg) StdoutLine: {'line': b'[ 50%] \x1b[32mBuilding CXX object CMakeFiles/cpp_node.dir/src/my_first_node.cpp.o\x1b[0m\n'}
[0.406570] (-) TimerEvent: {}
[0.507483] (-) TimerEvent: {}
[0.610765] (-) TimerEvent: {}
[0.713567] (-) TimerEvent: {}
[0.815556] (-) TimerEvent: {}
[0.916066] (-) TimerEvent: {}
[1.018548] (-) TimerEvent: {}
[1.123480] (-) TimerEvent: {}
[1.225747] (-) TimerEvent: {}
[1.327715] (-) TimerEvent: {}
[1.431558] (-) TimerEvent: {}
[1.533552] (-) TimerEvent: {}
[1.635534] (-) TimerEvent: {}
[1.737593] (-) TimerEvent: {}
[1.838533] (-) TimerEvent: {}
[1.943582] (-) TimerEvent: {}
[2.045552] (-) TimerEvent: {}
[2.147538] (-) TimerEvent: {}
[2.250996] (-) TimerEvent: {}
[2.353524] (-) TimerEvent: {}
[2.455510] (-) TimerEvent: {}
[2.559058] (-) TimerEvent: {}
[2.659662] (-) TimerEvent: {}
[2.764568] (-) TimerEvent: {}
[2.865479] (-) TimerEvent: {}
[2.968551] (-) TimerEvent: {}
[3.070759] (-) TimerEvent: {}
[3.173573] (-) TimerEvent: {}
[3.275832] (-) TimerEvent: {}
[3.379786] (-) TimerEvent: {}
[3.481814] (-) TimerEvent: {}
[3.585760] (-) TimerEvent: {}
[3.688557] (-) TimerEvent: {}
[3.789100] (-) TimerEvent: {}
[3.893220] (-) TimerEvent: {}
[3.995153] (-) TimerEvent: {}
[4.100563] (-) TimerEvent: {}
[4.203539] (-) TimerEvent: {}
[4.307522] (-) TimerEvent: {}
[4.410585] (-) TimerEvent: {}
[4.514584] (-) TimerEvent: {}
[4.615468] (-) TimerEvent: {}
[4.717741] (-) TimerEvent: {}
[4.818249] (-) TimerEvent: {}
[4.919555] (-) TimerEvent: {}
[5.024156] (-) TimerEvent: {}
[5.126552] (-) TimerEvent: {}
[5.229998] (-) TimerEvent: {}
[5.333425] (-) TimerEvent: {}
[5.435571] (-) TimerEvent: {}
[5.539544] (-) TimerEvent: {}
[5.640131] (-) TimerEvent: {}
[5.742526] (-) TimerEvent: {}
[5.845570] (-) TimerEvent: {}
[5.946517] (-) TimerEvent: {}
[6.051550] (-) TimerEvent: {}
[6.152107] (-) TimerEvent: {}
[6.257528] (-) TimerEvent: {}
[6.359829] (-) TimerEvent: {}
[6.461566] (-) TimerEvent: {}
[6.564753] (-) TimerEvent: {}
[6.667558] (-) TimerEvent: {}
[6.769724] (-) TimerEvent: {}
[6.872582] (-) TimerEvent: {}
[6.974734] (-) TimerEvent: {}
[7.079538] (-) TimerEvent: {}
[7.180052] (-) TimerEvent: {}
[7.281976] (-) TimerEvent: {}
[7.385817] (-) TimerEvent: {}
[7.486739] (-) TimerEvent: {}
[7.589543] (-) TimerEvent: {}
[7.690103] (-) TimerEvent: {}
[7.793515] (-) TimerEvent: {}
[7.895719] (-) TimerEvent: {}
[7.999765] (-) TimerEvent: {}
[8.102566] (-) TimerEvent: {}
[8.204793] (-) TimerEvent: {}
[8.309528] (-) TimerEvent: {}
[8.411755] (-) TimerEvent: {}
[8.513743] (-) TimerEvent: {}
[8.617742] (-) TimerEvent: {}
[8.719733] (-) TimerEvent: {}
[8.822516] (-) TimerEvent: {}
[8.924563] (-) TimerEvent: {}
[9.028561] (-) TimerEvent: {}
[9.130551] (-) TimerEvent: {}
[9.234550] (-) TimerEvent: {}
[9.337870] (-) TimerEvent: {}
[9.438803] (-) TimerEvent: {}
[9.541543] (-) TimerEvent: {}
[9.642090] (-) TimerEvent: {}
[9.744565] (-) TimerEvent: {}
[9.848546] (-) TimerEvent: {}
[9.953738] (-) TimerEvent: {}
[10.055742] (-) TimerEvent: {}
[10.157714] (-) TimerEvent: {}
[10.260513] (-) TimerEvent: {}
[10.361370] (-) TimerEvent: {}
[10.396806] (my_cpp_pkg) StderrLine: {'line': b'\x1b[01m\x1b[K/home/taylor/scrb-practice/src/my_cpp_pkg/src/my_first_node.cpp:3:23:\x1b[m\x1b[K \x1b[01;31m\x1b[Kerror: \x1b[m\x1b[K\xe2\x80\x98\x1b[01m\x1b[Krclccp\x1b[m\x1b[K\xe2\x80\x99 has not been declared\n'}
[10.397186] (my_cpp_pkg) StderrLine: {'line': b'    3 | class MyNode : public \x1b[01;31m\x1b[Krclccp\x1b[m\x1b[K::Node\n'}
[10.398425] (my_cpp_pkg) StderrLine: {'line': b'      |                       \x1b[01;31m\x1b[K^~~~~~\x1b[m\x1b[K\n'}
[10.398612] (my_cpp_pkg) StderrLine: {'line': b'\x1b[01m\x1b[K/home/taylor/scrb-practice/src/my_cpp_pkg/src/my_first_node.cpp:3:31:\x1b[m\x1b[K \x1b[01;31m\x1b[Kerror: \x1b[m\x1b[Kexpected \xe2\x80\x98\x1b[01m\x1b[K{\x1b[m\x1b[K\xe2\x80\x99 before \xe2\x80\x98\x1b[01m\x1b[KNode\x1b[m\x1b[K\xe2\x80\x99\n'}
[10.398769] (my_cpp_pkg) StderrLine: {'line': b'    3 | class MyNode : public rclccp::\x1b[01;31m\x1b[KNode\x1b[m\x1b[K\n'}
[10.398902] (my_cpp_pkg) StderrLine: {'line': b'      |                               \x1b[01;31m\x1b[K^~~~\x1b[m\x1b[K\n'}
[10.399031] (my_cpp_pkg) StderrLine: {'line': b'\x1b[01m\x1b[K/home/taylor/scrb-practice/src/my_cpp_pkg/src/my_first_node.cpp:5:17:\x1b[m\x1b[K \x1b[01;31m\x1b[Kerror: \x1b[m\x1b[Kexpected primary-expression before \xe2\x80\x98\x1b[01m\x1b[Kpublic\x1b[m\x1b[K\xe2\x80\x99\n'}
[10.399178] (my_cpp_pkg) StderrLine: {'line': b'    5 |                 \x1b[01;31m\x1b[Kpublic\x1b[m\x1b[K:\n'}
[10.399341] (my_cpp_pkg) StderrLine: {'line': b'      |                 \x1b[01;31m\x1b[K^~~~~~\x1b[m\x1b[K\n'}
[10.404622] (my_cpp_pkg) StderrLine: {'line': b'\x1b[01m\x1b[K/home/taylor/scrb-practice/src/my_cpp_pkg/src/my_first_node.cpp:5:17:\x1b[m\x1b[K \x1b[01;31m\x1b[Kerror: \x1b[m\x1b[Kexpected \xe2\x80\x98\x1b[01m\x1b[K}\x1b[m\x1b[K\xe2\x80\x99 before \xe2\x80\x98\x1b[01m\x1b[Kpublic\x1b[m\x1b[K\xe2\x80\x99\n'}
[10.404803] (my_cpp_pkg) StderrLine: {'line': b'\x1b[01m\x1b[K/home/taylor/scrb-practice/src/my_cpp_pkg/src/my_first_node.cpp:4:9:\x1b[m\x1b[K \x1b[01;36m\x1b[Knote: \x1b[m\x1b[Kto match this \xe2\x80\x98\x1b[01m\x1b[K{\x1b[m\x1b[K\xe2\x80\x99\n'}
[10.404948] (my_cpp_pkg) StderrLine: {'line': b'    4 |         \x1b[01;36m\x1b[K{\x1b[m\x1b[K\n'}
[10.405079] (my_cpp_pkg) StderrLine: {'line': b'      |         \x1b[01;36m\x1b[K^\x1b[m\x1b[K\n'}
[10.405240] (my_cpp_pkg) StderrLine: {'line': b'\x1b[01m\x1b[K/home/taylor/scrb-practice/src/my_cpp_pkg/src/my_first_node.cpp:9:17:\x1b[m\x1b[K \x1b[01;31m\x1b[Kerror: \x1b[m\x1b[Kexpected declaration before \xe2\x80\x98\x1b[01m\x1b[K}\x1b[m\x1b[K\xe2\x80\x99 token\n'}
[10.408454] (my_cpp_pkg) StderrLine: {'line': b'    9 |                 \x1b[01;31m\x1b[K}\x1b[m\x1b[K\n'}
[10.408719] (my_cpp_pkg) StderrLine: {'line': b'      |                 \x1b[01;31m\x1b[K^\x1b[m\x1b[K\n'}
[10.408859] (my_cpp_pkg) StderrLine: {'line': b'\x1b[01m\x1b[K/home/taylor/scrb-practice/src/my_cpp_pkg/src/my_first_node.cpp:11:17:\x1b[m\x1b[K \x1b[01;31m\x1b[Kerror: \x1b[m\x1b[Kexpected unqualified-id before \xe2\x80\x98\x1b[01m\x1b[Kprivate\x1b[m\x1b[K\xe2\x80\x99\n'}
[10.409010] (my_cpp_pkg) StderrLine: {'line': b'   11 |                 \x1b[01;31m\x1b[Kprivate\x1b[m\x1b[K:\n'}
[10.409143] (my_cpp_pkg) StderrLine: {'line': b'      |                 \x1b[01;31m\x1b[K^~~~~~~\x1b[m\x1b[K\n'}
[10.410630] (my_cpp_pkg) StderrLine: {'line': b'\x1b[01m\x1b[K/home/taylor/scrb-practice/src/my_cpp_pkg/src/my_first_node.cpp:19:25:\x1b[m\x1b[K \x1b[01;31m\x1b[Kerror: \x1b[m\x1b[K\xe2\x80\x98\x1b[01m\x1b[Krclccp\x1b[m\x1b[K\xe2\x80\x99 does not name a type\n'}
[10.410842] (my_cpp_pkg) StderrLine: {'line': b'   19 |                         \x1b[01;31m\x1b[Krclccp\x1b[m\x1b[K::TimerBase::SharedPtr timer_;//_ to denote private attribute\n'}
[10.410979] (my_cpp_pkg) StderrLine: {'line': b'      |                         \x1b[01;31m\x1b[K^~~~~~\x1b[m\x1b[K\n'}
[10.411110] (my_cpp_pkg) StderrLine: {'line': b'\x1b[01m\x1b[K/home/taylor/scrb-practice/src/my_cpp_pkg/src/my_first_node.cpp:22:9:\x1b[m\x1b[K \x1b[01;31m\x1b[Kerror: \x1b[m\x1b[Kexpected declaration before \xe2\x80\x98\x1b[01m\x1b[K}\x1b[m\x1b[K\xe2\x80\x99 token\n'}
[10.411275] (my_cpp_pkg) StderrLine: {'line': b'   22 |         \x1b[01;31m\x1b[K}\x1b[m\x1b[K;\n'}
[10.414653] (my_cpp_pkg) StderrLine: {'line': b'      |         \x1b[01;31m\x1b[K^\x1b[m\x1b[K\n'}
[10.414836] (my_cpp_pkg) StderrLine: {'line': b'\x1b[01m\x1b[K/home/taylor/scrb-practice/src/my_cpp_pkg/src/my_first_node.cpp:\x1b[m\x1b[K In function \xe2\x80\x98\x1b[01m\x1b[Kint main(int, char**)\x1b[m\x1b[K\xe2\x80\x99:\n'}
[10.414996] (my_cpp_pkg) StderrLine: {'line': b'\x1b[01m\x1b[K/home/taylor/scrb-practice/src/my_cpp_pkg/src/my_first_node.cpp:29:17:\x1b[m\x1b[K \x1b[01;31m\x1b[Kerror: \x1b[m\x1b[Kno matching function for call to \xe2\x80\x98\x1b[01m\x1b[Kspin(std::shared_ptr<MyNode> (*&)())\x1b[m\x1b[K\xe2\x80\x99\n'}
[10.415137] (my_cpp_pkg) StderrLine: {'line': b'   29 |     \x1b[01;31m\x1b[Krclcpp::spin(node)\x1b[m\x1b[K;\n'}
[10.415268] (my_cpp_pkg) StderrLine: {'line': b'      |     \x1b[01;31m\x1b[K~~~~~~~~~~~~^~~~~~\x1b[m\x1b[K\n'}
[10.416483] (my_cpp_pkg) StderrLine: {'line': b'In file included from \x1b[01m\x1b[K/opt/ros/humble/include/rclcpp/rclcpp/rclcpp.hpp:155\x1b[m\x1b[K,\n'}
[10.416717] (my_cpp_pkg) StderrLine: {'line': b'                 from \x1b[01m\x1b[K/home/taylor/scrb-practice/src/my_cpp_pkg/src/my_first_node.cpp:1\x1b[m\x1b[K:\n'}
[10.416893] (my_cpp_pkg) StderrLine: {'line': b'\x1b[01m\x1b[K/opt/ros/humble/include/rclcpp/rclcpp/executors.hpp:45:1:\x1b[m\x1b[K \x1b[01;36m\x1b[Knote: \x1b[m\x1b[Kcandidate: \xe2\x80\x98\x1b[01m\x1b[Kvoid rclcpp::spin(rclcpp::node_interfaces::NodeBaseInterface::SharedPtr)\x1b[m\x1b[K\xe2\x80\x99\n'}
[10.417066] (my_cpp_pkg) StderrLine: {'line': b'   45 | \x1b[01;36m\x1b[Kspin\x1b[m\x1b[K(rclcpp::node_interfaces::NodeBaseInterface::SharedPtr node_ptr);\n'}
[10.417203] (my_cpp_pkg) StderrLine: {'line': b'      | \x1b[01;36m\x1b[K^~~~\x1b[m\x1b[K\n'}
[10.417349] (my_cpp_pkg) StderrLine: {'line': b'\x1b[01m\x1b[K/opt/ros/humble/include/rclcpp/rclcpp/executors.hpp:45:60:\x1b[m\x1b[K \x1b[01;36m\x1b[Knote: \x1b[m\x1b[K  no known conversion for argument 1 from \xe2\x80\x98\x1b[01m\x1b[Kstd::shared_ptr<MyNode> (*)()\x1b[m\x1b[K\xe2\x80\x99 to \xe2\x80\x98\x1b[01m\x1b[Krclcpp::node_interfaces::NodeBaseInterface::SharedPtr\x1b[m\x1b[K\xe2\x80\x99 {aka \xe2\x80\x98\x1b[01m\x1b[Kstd::shared_ptr<rclcpp::node_interfaces::NodeBaseInterface>\x1b[m\x1b[K\xe2\x80\x99}\n'}
[10.418785] (my_cpp_pkg) StderrLine: {'line': b'   45 | spin(\x1b[01;36m\x1b[Krclcpp::node_interfaces::NodeBaseInterface::SharedPtr node_ptr\x1b[m\x1b[K);\n'}
[10.418956] (my_cpp_pkg) StderrLine: {'line': b'      |      \x1b[01;36m\x1b[K~~~~~~~~~~~~~~~~~~~~~~~~~~~~~~~~~~~~~~~~~~~~~~~~~~~~~~^~~~~~~~\x1b[m\x1b[K\n'}
[10.419094] (my_cpp_pkg) StderrLine: {'line': b'\x1b[01m\x1b[K/opt/ros/humble/include/rclcpp/rclcpp/executors.hpp:49:1:\x1b[m\x1b[K \x1b[01;36m\x1b[Knote: \x1b[m\x1b[Kcandidate: \xe2\x80\x98\x1b[01m\x1b[Kvoid rclcpp::spin(rclcpp::Node::SharedPtr)\x1b[m\x1b[K\xe2\x80\x99\n'}
[10.419265] (my_cpp_pkg) StderrLine: {'line': b'   49 | \x1b[01;36m\x1b[Kspin\x1b[m\x1b[K(rclcpp::Node::SharedPtr node_ptr);\n'}
[10.419422] (my_cpp_pkg) StderrLine: {'line': b'      | \x1b[01;36m\x1b[K^~~~\x1b[m\x1b[K\n'}
[10.420680] (my_cpp_pkg) StderrLine: {'line': b'\x1b[01m\x1b[K/opt/ros/humble/include/rclcpp/rclcpp/executors.hpp:49:30:\x1b[m\x1b[K \x1b[01;36m\x1b[Knote: \x1b[m\x1b[K  no known conversion for argument 1 from \xe2\x80\x98\x1b[01m\x1b[Kstd::shared_ptr<MyNode> (*)()\x1b[m\x1b[K\xe2\x80\x99 to \xe2\x80\x98\x1b[01m\x1b[Krclcpp::Node::SharedPtr\x1b[m\x1b[K\xe2\x80\x99 {aka \xe2\x80\x98\x1b[01m\x1b[Kstd::shared_ptr<rclcpp::Node>\x1b[m\x1b[K\xe2\x80\x99}\n'}
[10.420877] (my_cpp_pkg) StderrLine: {'line': b'   49 | spin(\x1b[01;36m\x1b[Krclcpp::Node::SharedPtr node_ptr\x1b[m\x1b[K);\n'}
[10.421025] (my_cpp_pkg) StderrLine: {'line': b'      |      \x1b[01;36m\x1b[K~~~~~~~~~~~~~~~~~~~~~~~~^~~~~~~~\x1b[m\x1b[K\n'}
[10.463460] (-) TimerEvent: {}
[10.564239] (-) TimerEvent: {}
[10.667945] (-) TimerEvent: {}
[10.772557] (-) TimerEvent: {}
[10.873382] (-) TimerEvent: {}
[10.975738] (-) TimerEvent: {}
[11.078511] (-) TimerEvent: {}
[11.179053] (-) TimerEvent: {}
[11.281567] (-) TimerEvent: {}
[11.386600] (-) TimerEvent: {}
[11.487125] (-) TimerEvent: {}
[11.591560] (-) TimerEvent: {}
[11.694521] (-) TimerEvent: {}
[11.797541] (-) TimerEvent: {}
[11.842713] (my_cpp_pkg) StderrLine: {'line': b'In file included from \x1b[01m\x1b[K/usr/include/c++/11/bits/shared_ptr_base.h:60\x1b[m\x1b[K,\n'}
[11.843071] (my_cpp_pkg) StderrLine: {'line': b'                 from \x1b[01m\x1b[K/usr/include/c++/11/bits/shared_ptr.h:53\x1b[m\x1b[K,\n'}
[11.843226] (my_cpp_pkg) StderrLine: {'line': b'                 from \x1b[01m\x1b[K/usr/include/c++/11/memory:77\x1b[m\x1b[K,\n'}
[11.843393] (my_cpp_pkg) StderrLine: {'line': b'                 from \x1b[01m\x1b[K/opt/ros/humble/include/rclcpp/rclcpp/rclcpp.hpp:153\x1b[m\x1b[K,\n'}
[11.844615] (my_cpp_pkg) StderrLine: {'line': b'                 from \x1b[01m\x1b[K/home/taylor/scrb-practice/src/my_cpp_pkg/src/my_first_node.cpp:1\x1b[m\x1b[K:\n'}
[11.844782] (my_cpp_pkg) StderrLine: {'line': b'/usr/include/c++/11/ext/aligned_buffer.h: In instantiation of \xe2\x80\x98\x1b[01m\x1b[Kstruct __gnu_cxx::__aligned_buffer<MyNode>\x1b[m\x1b[K\xe2\x80\x99:\n'}
[11.844921] (my_cpp_pkg) StderrLine: {'line': b'\x1b[01m\x1b[K/usr/include/c++/11/bits/shared_ptr_base.h:506:35:\x1b[m\x1b[K   required from \xe2\x80\x98\x1b[01m\x1b[Kclass std::_Sp_counted_ptr_inplace<MyNode, std::allocator<MyNode>, __gnu_cxx::_S_atomic>::_Impl\x1b[m\x1b[K\xe2\x80\x99\n'}
[11.845060] (my_cpp_pkg) StderrLine: {'line': b'\x1b[01m\x1b[K/usr/include/c++/11/bits/shared_ptr_base.h:567:13:\x1b[m\x1b[K   required from \xe2\x80\x98\x1b[01m\x1b[Kclass std::_Sp_counted_ptr_inplace<MyNode, std::allocator<MyNode>, __gnu_cxx::_S_atomic>\x1b[m\x1b[K\xe2\x80\x99\n'}
[11.845212] (my_cpp_pkg) StderrLine: {'line': b'\x1b[01m\x1b[K/usr/include/c++/11/bits/shared_ptr_base.h:647:43:\x1b[m\x1b[K   required from \xe2\x80\x98\x1b[01m\x1b[Kstd::__shared_count<_Lp>::__shared_count(_Tp*&, std::_Sp_alloc_shared_tag<_Alloc>, _Args&& ...) [with _Tp = MyNode; _Alloc = std::allocator<MyNode>; _Args = {}; __gnu_cxx::_Lock_policy _Lp = __gnu_cxx::_S_atomic]\x1b[m\x1b[K\xe2\x80\x99\n'}
[11.848561] (my_cpp_pkg) StderrLine: {'line': b'\x1b[01m\x1b[K/usr/include/c++/11/bits/shared_ptr_base.h:1342:14:\x1b[m\x1b[K   required from \xe2\x80\x98\x1b[01m\x1b[Kstd::__shared_ptr<_Tp, _Lp>::__shared_ptr(std::_Sp_alloc_shared_tag<_Tp>, _Args&& ...) [with _Alloc = std::allocator<MyNode>; _Args = {}; _Tp = MyNode; __gnu_cxx::_Lock_policy _Lp = __gnu_cxx::_S_atomic]\x1b[m\x1b[K\xe2\x80\x99\n'}
[11.848781] (my_cpp_pkg) StderrLine: {'line': b'\x1b[01m\x1b[K/usr/include/c++/11/bits/shared_ptr.h:409:59:\x1b[m\x1b[K   required from \xe2\x80\x98\x1b[01m\x1b[Kstd::shared_ptr<_Tp>::shared_ptr(std::_Sp_alloc_shared_tag<_Tp>, _Args&& ...) [with _Alloc = std::allocator<MyNode>; _Args = {}; _Tp = MyNode]\x1b[m\x1b[K\xe2\x80\x99\n'}
[11.848947] (my_cpp_pkg) StderrLine: {'line': b'\x1b[01m\x1b[K/usr/include/c++/11/bits/shared_ptr.h:862:14:\x1b[m\x1b[K   required from \xe2\x80\x98\x1b[01m\x1b[Kstd::shared_ptr<_Tp> std::allocate_shared(const _Alloc&, _Args&& ...) [with _Tp = MyNode; _Alloc = std::allocator<MyNode>; _Args = {}]\x1b[m\x1b[K\xe2\x80\x99\n'}
[11.849088] (my_cpp_pkg) StderrLine: {'line': b'\x1b[01m\x1b[K/usr/include/c++/11/bits/shared_ptr.h:878:39:\x1b[m\x1b[K   required from \xe2\x80\x98\x1b[01m\x1b[Kstd::shared_ptr<_Tp> std::make_shared(_Args&& ...) [with _Tp = MyNode; _Args = {}]\x1b[m\x1b[K\xe2\x80\x99\n'}
[11.849260] (my_cpp_pkg) StderrLine: {'line': b'\x1b[01m\x1b[K/home/taylor/scrb-practice/src/my_cpp_pkg/src/my_first_node.cpp:28:22:\x1b[m\x1b[K   required from here\n'}
[11.852435] (my_cpp_pkg) StderrLine: {'line': b'\x1b[01m\x1b[K/usr/include/c++/11/ext/aligned_buffer.h:91:28:\x1b[m\x1b[K \x1b[01;31m\x1b[Kerror: \x1b[m\x1b[Kinvalid application of \xe2\x80\x98\x1b[01m\x1b[Ksizeof\x1b[m\x1b[K\xe2\x80\x99 to incomplete type \xe2\x80\x98\x1b[01m\x1b[KMyNode\x1b[m\x1b[K\xe2\x80\x99\n'}
[11.852674] (my_cpp_pkg) StderrLine: {'line': b'   91 |     : std::aligned_storage<\x1b[01;31m\x1b[Ksizeof(_Tp)\x1b[m\x1b[K, __alignof__(_Tp)>\n'}
[11.852841] (my_cpp_pkg) StderrLine: {'line': b'      |                            \x1b[01;31m\x1b[K^~~~~~~~~~~\x1b[m\x1b[K\n'}
[11.852979] (my_cpp_pkg) StderrLine: {'line': b'\x1b[01m\x1b[K/usr/include/c++/11/ext/aligned_buffer.h:91:28:\x1b[m\x1b[K \x1b[01;31m\x1b[Kerror: \x1b[m\x1b[Kinvalid application of \xe2\x80\x98\x1b[01m\x1b[Ksizeof\x1b[m\x1b[K\xe2\x80\x99 to incomplete type \xe2\x80\x98\x1b[01m\x1b[KMyNode\x1b[m\x1b[K\xe2\x80\x99\n'}
[11.900568] (-) TimerEvent: {}
[12.001518] (-) TimerEvent: {}
[12.103720] (-) TimerEvent: {}
[12.206819] (-) TimerEvent: {}
[12.290567] (my_cpp_pkg) StderrLine: {'line': b'gmake[2]: *** [CMakeFiles/cpp_node.dir/build.make:76: CMakeFiles/cpp_node.dir/src/my_first_node.cpp.o] Error 1\n'}
[12.293000] (my_cpp_pkg) StderrLine: {'line': b'gmake[1]: *** [CMakeFiles/Makefile2:137: CMakeFiles/cpp_node.dir/all] Error 2\n'}
[12.294865] (my_cpp_pkg) StderrLine: {'line': b'gmake: *** [Makefile:146: all] Error 2\n'}
[12.305546] (my_cpp_pkg) CommandEnded: {'returncode': 2}
[12.308538] (-) TimerEvent: {}
[12.353828] (my_cpp_pkg) JobEnded: {'identifier': 'my_cpp_pkg', 'rc': 2}
[12.358144] (-) EventReactorShutdown: {}
