running egg_info
writing ../build/intro_py_pkg/intro_py_pkg.egg-info/PKG-INFO
writing dependency_links to ../build/intro_py_pkg/intro_py_pkg.egg-info/dependency_links.txt
writing entry points to ../build/intro_py_pkg/intro_py_pkg.egg-info/entry_points.txt
writing requirements to ../build/intro_py_pkg/intro_py_pkg.egg-info/requires.txt
writing top-level names to ../build/intro_py_pkg/intro_py_pkg.egg-info/top_level.txt
reading manifest file '../build/intro_py_pkg/intro_py_pkg.egg-info/SOURCES.txt'
writing manifest file '../build/intro_py_pkg/intro_py_pkg.egg-info/SOURCES.txt'
running build
running build_py
copying intro_py_pkg/publisher.py -> /home/taylor/Documents/scrb-workspace/scrb-introtask/build/intro_py_pkg/build/lib/intro_py_pkg
running install
running install_lib
copying /home/taylor/Documents/scrb-workspace/scrb-introtask/build/intro_py_pkg/build/lib/intro_py_pkg/publisher.py -> /home/taylor/Documents/scrb-workspace/scrb-introtask/install/intro_py_pkg/lib/python3.10/site-packages/intro_py_pkg
byte-compiling /home/taylor/Documents/scrb-workspace/scrb-introtask/install/intro_py_pkg/lib/python3.10/site-packages/intro_py_pkg/publisher.py to publisher.cpython-310.pyc
running install_data
running install_egg_info
removing '/home/taylor/Documents/scrb-workspace/scrb-introtask/install/intro_py_pkg/lib/python3.10/site-packages/intro_py_pkg-0.0.0-py3.10.egg-info' (and everything under it)
Copying ../build/intro_py_pkg/intro_py_pkg.egg-info to /home/taylor/Documents/scrb-workspace/scrb-introtask/install/intro_py_pkg/lib/python3.10/site-packages/intro_py_pkg-0.0.0-py3.10.egg-info
running install_scripts
Installing listener script to /home/taylor/Documents/scrb-workspace/scrb-introtask/install/intro_py_pkg/lib/intro_py_pkg
Installing talker script to /home/taylor/Documents/scrb-workspace/scrb-introtask/install/intro_py_pkg/lib/intro_py_pkg
writing list of installed files to '/home/taylor/Documents/scrb-workspace/scrb-introtask/build/intro_py_pkg/install.log'
