[1.703s] Invoking command in '/home/taylor/Documents/scrb-workspace/scrb-introtask/intro_py_pkg': PYTHONPATH=/home/taylor/Documents/scrb-workspace/scrb-introtask/build/intro_py_pkg/prefix_override:/usr/lib/python3/dist-packages/colcon_core/task/python/colcon_distutils_commands:/home/taylor/Documents/scrb-workspace/scrb-introtask/install/intro_py_pkg/lib/python3.10/site-packages:${PYTHONPATH} /usr/bin/python3 -W ignore:setup.py install is deprecated -W ignore:easy_install command is deprecated setup.py egg_info --egg-base ../build/intro_py_pkg build --build-base /home/taylor/Documents/scrb-workspace/scrb-introtask/build/intro_py_pkg/build install --record /home/taylor/Documents/scrb-workspace/scrb-introtask/build/intro_py_pkg/install.log --single-version-externally-managed install_data
[2.406s] running egg_info
[2.409s] writing ../build/intro_py_pkg/intro_py_pkg.egg-info/PKG-INFO
[2.410s] writing dependency_links to ../build/intro_py_pkg/intro_py_pkg.egg-info/dependency_links.txt
[2.416s] writing entry points to ../build/intro_py_pkg/intro_py_pkg.egg-info/entry_points.txt
[2.417s] writing requirements to ../build/intro_py_pkg/intro_py_pkg.egg-info/requires.txt
[2.418s] writing top-level names to ../build/intro_py_pkg/intro_py_pkg.egg-info/top_level.txt
[2.429s] reading manifest file '../build/intro_py_pkg/intro_py_pkg.egg-info/SOURCES.txt'
[2.440s] writing manifest file '../build/intro_py_pkg/intro_py_pkg.egg-info/SOURCES.txt'
[2.440s] running build
[2.441s] running build_py
[2.445s] copying intro_py_pkg/subscriber.py -> /home/taylor/Documents/scrb-workspace/scrb-introtask/build/intro_py_pkg/build/lib/intro_py_pkg
[2.449s] copying intro_py_pkg/publisher.py -> /home/taylor/Documents/scrb-workspace/scrb-introtask/build/intro_py_pkg/build/lib/intro_py_pkg
[2.453s] running install
[2.454s] running install_lib
[2.460s] copying /home/taylor/Documents/scrb-workspace/scrb-introtask/build/intro_py_pkg/build/lib/intro_py_pkg/subscriber.py -> /home/taylor/Documents/scrb-workspace/scrb-introtask/install/intro_py_pkg/lib/python3.10/site-packages/intro_py_pkg
[2.465s] copying /home/taylor/Documents/scrb-workspace/scrb-introtask/build/intro_py_pkg/build/lib/intro_py_pkg/publisher.py -> /home/taylor/Documents/scrb-workspace/scrb-introtask/install/intro_py_pkg/lib/python3.10/site-packages/intro_py_pkg
[2.472s] byte-compiling /home/taylor/Documents/scrb-workspace/scrb-introtask/install/intro_py_pkg/lib/python3.10/site-packages/intro_py_pkg/subscriber.py to subscriber.cpython-310.pyc
[2.474s] byte-compiling /home/taylor/Documents/scrb-workspace/scrb-introtask/install/intro_py_pkg/lib/python3.10/site-packages/intro_py_pkg/publisher.py to publisher.cpython-310.pyc
[2.477s] running install_data
[2.480s] running install_egg_info
[2.486s] removing '/home/taylor/Documents/scrb-workspace/scrb-introtask/install/intro_py_pkg/lib/python3.10/site-packages/intro_py_pkg-0.0.0-py3.10.egg-info' (and everything under it)
[2.487s] Copying ../build/intro_py_pkg/intro_py_pkg.egg-info to /home/taylor/Documents/scrb-workspace/scrb-introtask/install/intro_py_pkg/lib/python3.10/site-packages/intro_py_pkg-0.0.0-py3.10.egg-info
[2.493s] running install_scripts
[2.541s] Installing listener script to /home/taylor/Documents/scrb-workspace/scrb-introtask/install/intro_py_pkg/lib/intro_py_pkg
[2.543s] Installing talker script to /home/taylor/Documents/scrb-workspace/scrb-introtask/install/intro_py_pkg/lib/intro_py_pkg
[2.545s] writing list of installed files to '/home/taylor/Documents/scrb-workspace/scrb-introtask/build/intro_py_pkg/install.log'
[2.602s] Invoked command in '/home/taylor/Documents/scrb-workspace/scrb-introtask/intro_py_pkg' returned '0': PYTHONPATH=/home/taylor/Documents/scrb-workspace/scrb-introtask/build/intro_py_pkg/prefix_override:/usr/lib/python3/dist-packages/colcon_core/task/python/colcon_distutils_commands:/home/taylor/Documents/scrb-workspace/scrb-introtask/install/intro_py_pkg/lib/python3.10/site-packages:${PYTHONPATH} /usr/bin/python3 -W ignore:setup.py install is deprecated -W ignore:easy_install command is deprecated setup.py egg_info --egg-base ../build/intro_py_pkg build --build-base /home/taylor/Documents/scrb-workspace/scrb-introtask/build/intro_py_pkg/build install --record /home/taylor/Documents/scrb-workspace/scrb-introtask/build/intro_py_pkg/install.log --single-version-externally-managed install_data
