[0.046s] Invoking command in '/home/taylor/scrb-practice/build/my_cpp_pkg': CMAKE_PREFIX_PATH=${CMAKE_PREFIX_PATH}:/home/taylor/scrb-practice/install/my_py_pkg:/opt/ros/humble /usr/bin/cmake --build /home/taylor/scrb-practice/build/my_cpp_pkg -- -j1 -l1
[0.259s] [35m[1mConsolidate compiler generated dependencies of target cpp_node[0m
[0.333s] [ 50%] [32mBuilding CXX object CMakeFiles/cpp_node.dir/src/my_first_node.cpp.o[0m
[10.360s] [01m[K/home/taylor/scrb-practice/src/my_cpp_pkg/src/my_first_node.cpp:3:26:[m[K [01;31m[Kerror: [m[K‘[01m[Krclccp[m[K’ has not been declared
[10.362s]     3 | class ClassNode : public [01;31m[Krclccp[m[K::Node
[10.362s]       |                          [01;31m[K^~~~~~[m[K
[10.362s] [01m[K/home/taylor/scrb-practice/src/my_cpp_pkg/src/my_first_node.cpp:3:34:[m[K [01;31m[Kerror: [m[Kexpected ‘[01m[K{[m[K’ before ‘[01m[KNode[m[K’
[10.362s]     3 | class ClassNode : public rclccp::[01;31m[KNode[m[K
[10.363s]       |                                  [01;31m[K^~~~[m[K
[10.368s] [01m[K/home/taylor/scrb-practice/src/my_cpp_pkg/src/my_first_node.cpp:5:17:[m[K [01;31m[Kerror: [m[Kexpected primary-expression before ‘[01m[Kpublic[m[K’
[10.368s]     5 |                 [01;31m[Kpublic[m[K:
[10.368s]       |                 [01;31m[K^~~~~~[m[K
[10.369s] [01m[K/home/taylor/scrb-practice/src/my_cpp_pkg/src/my_first_node.cpp:5:17:[m[K [01;31m[Kerror: [m[Kexpected ‘[01m[K}[m[K’ before ‘[01m[Kpublic[m[K’
[10.372s] [01m[K/home/taylor/scrb-practice/src/my_cpp_pkg/src/my_first_node.cpp:4:9:[m[K [01;36m[Knote: [m[Kto match this ‘[01m[K{[m[K’
[10.372s]     4 |         [01;36m[K{[m[K
[10.373s]       |         [01;36m[K^[m[K
[10.373s] [01m[K/home/taylor/scrb-practice/src/my_cpp_pkg/src/my_first_node.cpp:9:25:[m[K [01;31m[Kerror: [m[K‘[01m[Ktimer_[m[K’ does not name a type; did you mean ‘[01m[Ktimer_t[m[K’?
[10.374s]     9 |                         [01;31m[Ktimer_[m[K = this->create_wall_timer(std::chrono::seconds(1), std::bind(&MyNode::timerCallback,this));
[10.374s]       |                         [01;31m[K^~~~~~[m[K
[10.375s]       |                         [32m[Ktimer_t[m[K
[10.375s] [01m[K/home/taylor/scrb-practice/src/my_cpp_pkg/src/my_first_node.cpp:12:17:[m[K [01;31m[Kerror: [m[Kexpected declaration before ‘[01m[K}[m[K’ token
[10.375s]    12 |                 [01;31m[K}[m[K
[10.380s]       |                 [01;31m[K^[m[K
[10.380s] [01m[K/home/taylor/scrb-practice/src/my_cpp_pkg/src/my_first_node.cpp:14:17:[m[K [01;31m[Kerror: [m[Kexpected unqualified-id before ‘[01m[Kprivate[m[K’
[10.381s]    14 |                 [01;31m[Kprivate[m[K:
[10.381s]       |                 [01;31m[K^~~~~~~[m[K
[10.382s] [01m[K/home/taylor/scrb-practice/src/my_cpp_pkg/src/my_first_node.cpp:20:25:[m[K [01;31m[Kerror: [m[K‘[01m[Krclccp[m[K’ does not name a type
[10.382s]    20 |                         [01;31m[Krclccp[m[K::TimerBase::SharedPtr timer_;//_ to denote private attribute
[10.382s]       |                         [01;31m[K^~~~~~[m[K
[10.383s] [01m[K/home/taylor/scrb-practice/src/my_cpp_pkg/src/my_first_node.cpp:23:9:[m[K [01;31m[Kerror: [m[Kexpected declaration before ‘[01m[K}[m[K’ token
[10.383s]    23 |         [01;31m[K}[m[K;
[10.386s]       |         [01;31m[K^[m[K
[10.395s] [01m[K/home/taylor/scrb-practice/src/my_cpp_pkg/src/my_first_node.cpp:[m[K In function ‘[01m[Kint main(int, char**)[m[K’:
[10.399s] [01m[K/home/taylor/scrb-practice/src/my_cpp_pkg/src/my_first_node.cpp:29:34:[m[K [01;31m[Kerror: [m[K‘[01m[KMyNode[m[K’ was not declared in this scope; did you mean ‘[01m[KNode[m[K’?
[10.399s]    29 |     auto node = std::make_shared<[01;31m[KMyNode[m[K>;
[10.400s]       |                                  [01;31m[K^~~~~~[m[K
[10.400s]       |                                  [32m[KNode[m[K
[10.402s] [01m[K/home/taylor/scrb-practice/src/my_cpp_pkg/src/my_first_node.cpp:29:22:[m[K [01;31m[Kerror: [m[Kunable to deduce ‘[01m[Kauto[m[K’ from ‘[01m[Kmake_shared<<expression error> >[m[K’
[10.402s]    29 |     auto node = std::[01;31m[Kmake_shared<MyNode>[m[K;
[10.403s]       |                      [01;31m[K^~~~~~~~~~~~~~~~~~~[m[K
[10.403s] [01m[K/home/taylor/scrb-practice/src/my_cpp_pkg/src/my_first_node.cpp:29:22:[m[K [01;36m[Knote: [m[K  couldn’t deduce template parameter ‘[01m[Kauto[m[K’
[12.187s] gmake[2]: *** [CMakeFiles/cpp_node.dir/build.make:76: CMakeFiles/cpp_node.dir/src/my_first_node.cpp.o] Error 1
[12.188s] gmake[1]: *** [CMakeFiles/Makefile2:137: CMakeFiles/cpp_node.dir/all] Error 2
[12.189s] gmake: *** [Makefile:146: all] Error 2
[12.198s] Invoked command in '/home/taylor/scrb-practice/build/my_cpp_pkg' returned '2': CMAKE_PREFIX_PATH=${CMAKE_PREFIX_PATH}:/home/taylor/scrb-practice/install/my_py_pkg:/opt/ros/humble /usr/bin/cmake --build /home/taylor/scrb-practice/build/my_cpp_pkg -- -j1 -l1
