running egg_info
creating ../build/intro_py_pkg/intro_py_pkg.egg-info
writing ../build/intro_py_pkg/intro_py_pkg.egg-info/PKG-INFO
writing dependency_links to ../build/intro_py_pkg/intro_py_pkg.egg-info/dependency_links.txt
writing entry points to ../build/intro_py_pkg/intro_py_pkg.egg-info/entry_points.txt
writing requirements to ../build/intro_py_pkg/intro_py_pkg.egg-info/requires.txt
writing top-level names to ../build/intro_py_pkg/intro_py_pkg.egg-info/top_level.txt
writing manifest file '../build/intro_py_pkg/intro_py_pkg.egg-info/SOURCES.txt'
reading manifest file '../build/intro_py_pkg/intro_py_pkg.egg-info/SOURCES.txt'
writing manifest file '../build/intro_py_pkg/intro_py_pkg.egg-info/SOURCES.txt'
running build
running build_py
creating /home/taylor/Documents/scrb-workspace/scrb-introtask/build/intro_py_pkg/build
creating /home/taylor/Documents/scrb-workspace/scrb-introtask/build/intro_py_pkg/build/lib
creating /home/taylor/Documents/scrb-workspace/scrb-introtask/build/intro_py_pkg/build/lib/intro_py_pkg
copying intro_py_pkg/subscriber.py -> /home/taylor/Documents/scrb-workspace/scrb-introtask/build/intro_py_pkg/build/lib/intro_py_pkg
copying intro_py_pkg/__init__.py -> /home/taylor/Documents/scrb-workspace/scrb-introtask/build/intro_py_pkg/build/lib/intro_py_pkg
copying intro_py_pkg/publisher.py -> /home/taylor/Documents/scrb-workspace/scrb-introtask/build/intro_py_pkg/build/lib/intro_py_pkg
running install
running install_lib
creating /home/taylor/Documents/scrb-workspace/scrb-introtask/install/intro_py_pkg/lib/python3.10/site-packages/intro_py_pkg
copying /home/taylor/Documents/scrb-workspace/scrb-introtask/build/intro_py_pkg/build/lib/intro_py_pkg/subscriber.py -> /home/taylor/Documents/scrb-workspace/scrb-introtask/install/intro_py_pkg/lib/python3.10/site-packages/intro_py_pkg
copying /home/taylor/Documents/scrb-workspace/scrb-introtask/build/intro_py_pkg/build/lib/intro_py_pkg/__init__.py -> /home/taylor/Documents/scrb-workspace/scrb-introtask/install/intro_py_pkg/lib/python3.10/site-packages/intro_py_pkg
copying /home/taylor/Documents/scrb-workspace/scrb-introtask/build/intro_py_pkg/build/lib/intro_py_pkg/publisher.py -> /home/taylor/Documents/scrb-workspace/scrb-introtask/install/intro_py_pkg/lib/python3.10/site-packages/intro_py_pkg
byte-compiling /home/taylor/Documents/scrb-workspace/scrb-introtask/install/intro_py_pkg/lib/python3.10/site-packages/intro_py_pkg/subscriber.py to subscriber.cpython-310.pyc
byte-compiling /home/taylor/Documents/scrb-workspace/scrb-introtask/install/intro_py_pkg/lib/python3.10/site-packages/intro_py_pkg/__init__.py to __init__.cpython-310.pyc
byte-compiling /home/taylor/Documents/scrb-workspace/scrb-introtask/install/intro_py_pkg/lib/python3.10/site-packages/intro_py_pkg/publisher.py to publisher.cpython-310.pyc
running install_data
creating /home/taylor/Documents/scrb-workspace/scrb-introtask/install/intro_py_pkg/share/ament_index
creating /home/taylor/Documents/scrb-workspace/scrb-introtask/install/intro_py_pkg/share/ament_index/resource_index
creating /home/taylor/Documents/scrb-workspace/scrb-introtask/install/intro_py_pkg/share/ament_index/resource_index/packages
copying resource/intro_py_pkg -> /home/taylor/Documents/scrb-workspace/scrb-introtask/install/intro_py_pkg/share/ament_index/resource_index/packages
copying package.xml -> /home/taylor/Documents/scrb-workspace/scrb-introtask/install/intro_py_pkg/share/intro_py_pkg
running install_egg_info
Copying ../build/intro_py_pkg/intro_py_pkg.egg-info to /home/taylor/Documents/scrb-workspace/scrb-introtask/install/intro_py_pkg/lib/python3.10/site-packages/intro_py_pkg-0.0.0-py3.10.egg-info
running install_scripts
Installing listener script to /home/taylor/Documents/scrb-workspace/scrb-introtask/install/intro_py_pkg/lib/intro_py_pkg
Installing talker script to /home/taylor/Documents/scrb-workspace/scrb-introtask/install/intro_py_pkg/lib/intro_py_pkg
writing list of installed files to '/home/taylor/Documents/scrb-workspace/scrb-introtask/build/intro_py_pkg/install.log'
