[0.457s] DEBUG:colcon:Command line arguments: ['/usr/bin/colcon', 'build']
[0.457s] DEBUG:colcon:Parsed command line arguments: Namespace(log_base=None, log_level=None, verb_name='build', build_base='build', install_base='install', merge_install=False, symlink_install=False, test_result_base=None, continue_on_error=False, executor='parallel', parallel_workers=1, event_handlers=None, ignore_user_meta=False, metas=['./colcon.meta'], base_paths=['.'], packages_ignore=None, packages_ignore_regex=None, paths=None, packages_up_to=None, packages_up_to_regex=None, packages_above=None, packages_above_and_dependencies=None, packages_above_depth=None, packages_select_by_dep=None, packages_skip_by_dep=None, packages_skip_up_to=None, packages_select_build_failed=False, packages_skip_build_finished=False, packages_select_test_failures=False, packages_skip_test_passed=False, packages_select=None, packages_skip=None, packages_select_regex=None, packages_skip_regex=None, packages_start=None, packages_end=None, allow_overriding=[], cmake_args=None, cmake_target=None, cmake_target_skip_unavailable=False, cmake_clean_cache=False, cmake_clean_first=False, cmake_force_configure=False, ament_cmake_args=None, catkin_cmake_args=None, catkin_skip_building_tests=False, mixin_files=None, mixin=None, verb_parser=<colcon_mixin.mixin.mixin_argument.MixinArgumentDecorator object at 0x7d025906ce20>, verb_extension=<colcon_core.verb.build.BuildVerb object at 0x7d025917dd50>, main=<bound method BuildVerb.main of <colcon_core.verb.build.BuildVerb object at 0x7d025917dd50>>, mixin_verb=('build',))
[1.196s] Level 1:colcon.colcon_core.package_discovery:discover_packages(colcon_meta) check parameters
[1.196s] Level 1:colcon.colcon_core.package_discovery:discover_packages(recursive) check parameters
[1.196s] Level 1:colcon.colcon_core.package_discovery:discover_packages(ignore) check parameters
[1.197s] Level 1:colcon.colcon_core.package_discovery:discover_packages(path) check parameters
[1.197s] Level 1:colcon.colcon_core.package_discovery:discover_packages(colcon_meta) discover
[1.197s] Level 1:colcon.colcon_core.package_discovery:discover_packages(recursive) discover
[1.197s] INFO:colcon.colcon_core.package_discovery:Crawling recursively for packages in '/home/taylor/scrb-practice'
[1.197s] Level 1:colcon.colcon_core.package_identification:_identify(.) by extensions ['ignore', 'ignore_ament_install']
[1.198s] Level 1:colcon.colcon_core.package_identification:_identify(.) by extension 'ignore'
[1.198s] Level 1:colcon.colcon_core.package_identification:_identify(.) by extension 'ignore_ament_install'
[1.198s] Level 1:colcon.colcon_core.package_identification:_identify(.) by extensions ['colcon_pkg']
[1.198s] Level 1:colcon.colcon_core.package_identification:_identify(.) by extension 'colcon_pkg'
[1.198s] Level 1:colcon.colcon_core.package_identification:_identify(.) by extensions ['colcon_meta']
[1.198s] Level 1:colcon.colcon_core.package_identification:_identify(.) by extension 'colcon_meta'
[1.198s] Level 1:colcon.colcon_core.package_identification:_identify(.) by extensions ['ros']
[1.199s] Level 1:colcon.colcon_core.package_identification:_identify(.) by extension 'ros'
[1.247s] Level 1:colcon.colcon_core.package_identification:_identify(.) by extensions ['cmake', 'python']
[1.247s] Level 1:colcon.colcon_core.package_identification:_identify(.) by extension 'cmake'
[1.248s] Level 1:colcon.colcon_core.package_identification:_identify(.) by extension 'python'
[1.248s] Level 1:colcon.colcon_core.package_identification:_identify(.) by extensions ['python_setup_py']
[1.248s] Level 1:colcon.colcon_core.package_identification:_identify(.) by extension 'python_setup_py'
[1.248s] Level 1:colcon.colcon_core.package_identification:_identify(build) by extensions ['ignore', 'ignore_ament_install']
[1.249s] Level 1:colcon.colcon_core.package_identification:_identify(build) by extension 'ignore'
[1.249s] Level 1:colcon.colcon_core.package_identification:_identify(build) ignored
[1.249s] Level 1:colcon.colcon_core.package_identification:_identify(install) by extensions ['ignore', 'ignore_ament_install']
[1.249s] Level 1:colcon.colcon_core.package_identification:_identify(install) by extension 'ignore'
[1.249s] Level 1:colcon.colcon_core.package_identification:_identify(install) ignored
[1.250s] Level 1:colcon.colcon_core.package_identification:_identify(log) by extensions ['ignore', 'ignore_ament_install']
[1.250s] Level 1:colcon.colcon_core.package_identification:_identify(log) by extension 'ignore'
[1.250s] Level 1:colcon.colcon_core.package_identification:_identify(log) ignored
[1.250s] Level 1:colcon.colcon_core.package_identification:_identify(src) by extensions ['ignore', 'ignore_ament_install']
[1.251s] Level 1:colcon.colcon_core.package_identification:_identify(src) by extension 'ignore'
[1.251s] Level 1:colcon.colcon_core.package_identification:_identify(src) by extension 'ignore_ament_install'
[1.251s] Level 1:colcon.colcon_core.package_identification:_identify(src) by extensions ['colcon_pkg']
[1.251s] Level 1:colcon.colcon_core.package_identification:_identify(src) by extension 'colcon_pkg'
[1.251s] Level 1:colcon.colcon_core.package_identification:_identify(src) by extensions ['colcon_meta']
[1.251s] Level 1:colcon.colcon_core.package_identification:_identify(src) by extension 'colcon_meta'
[1.252s] Level 1:colcon.colcon_core.package_identification:_identify(src) by extensions ['ros']
[1.252s] Level 1:colcon.colcon_core.package_identification:_identify(src) by extension 'ros'
[1.252s] Level 1:colcon.colcon_core.package_identification:_identify(src) by extensions ['cmake', 'python']
[1.252s] Level 1:colcon.colcon_core.package_identification:_identify(src) by extension 'cmake'
[1.252s] Level 1:colcon.colcon_core.package_identification:_identify(src) by extension 'python'
[1.252s] Level 1:colcon.colcon_core.package_identification:_identify(src) by extensions ['python_setup_py']
[1.252s] Level 1:colcon.colcon_core.package_identification:_identify(src) by extension 'python_setup_py'
[1.253s] Level 1:colcon.colcon_core.package_identification:_identify(src/my_cpp_pkg) by extensions ['ignore', 'ignore_ament_install']
[1.253s] Level 1:colcon.colcon_core.package_identification:_identify(src/my_cpp_pkg) by extension 'ignore'
[1.253s] Level 1:colcon.colcon_core.package_identification:_identify(src/my_cpp_pkg) by extension 'ignore_ament_install'
[1.253s] Level 1:colcon.colcon_core.package_identification:_identify(src/my_cpp_pkg) by extensions ['colcon_pkg']
[1.254s] Level 1:colcon.colcon_core.package_identification:_identify(src/my_cpp_pkg) by extension 'colcon_pkg'
[1.254s] Level 1:colcon.colcon_core.package_identification:_identify(src/my_cpp_pkg) by extensions ['colcon_meta']
[1.254s] Level 1:colcon.colcon_core.package_identification:_identify(src/my_cpp_pkg) by extension 'colcon_meta'
[1.254s] Level 1:colcon.colcon_core.package_identification:_identify(src/my_cpp_pkg) by extensions ['ros']
[1.254s] Level 1:colcon.colcon_core.package_identification:_identify(src/my_cpp_pkg) by extension 'ros'
[1.263s] DEBUG:colcon.colcon_core.package_identification:Package 'src/my_cpp_pkg' with type 'ros.ament_cmake' and name 'my_cpp_pkg'
[1.264s] Level 1:colcon.colcon_core.package_identification:_identify(src/my_py_pkg) by extensions ['ignore', 'ignore_ament_install']
[1.265s] Level 1:colcon.colcon_core.package_identification:_identify(src/my_py_pkg) by extension 'ignore'
[1.265s] Level 1:colcon.colcon_core.package_identification:_identify(src/my_py_pkg) by extension 'ignore_ament_install'
[1.265s] Level 1:colcon.colcon_core.package_identification:_identify(src/my_py_pkg) by extensions ['colcon_pkg']
[1.265s] Level 1:colcon.colcon_core.package_identification:_identify(src/my_py_pkg) by extension 'colcon_pkg'
[1.265s] Level 1:colcon.colcon_core.package_identification:_identify(src/my_py_pkg) by extensions ['colcon_meta']
[1.265s] Level 1:colcon.colcon_core.package_identification:_identify(src/my_py_pkg) by extension 'colcon_meta'
[1.266s] Level 1:colcon.colcon_core.package_identification:_identify(src/my_py_pkg) by extensions ['ros']
[1.266s] Level 1:colcon.colcon_core.package_identification:_identify(src/my_py_pkg) by extension 'ros'
[1.269s] DEBUG:colcon.colcon_core.package_identification:Package 'src/my_py_pkg' with type 'ros.ament_python' and name 'my_py_pkg'
[1.269s] Level 1:colcon.colcon_core.package_discovery:discover_packages(recursive) using defaults
[1.269s] Level 1:colcon.colcon_core.package_discovery:discover_packages(ignore) discover
[1.269s] Level 1:colcon.colcon_core.package_discovery:discover_packages(ignore) using defaults
[1.269s] Level 1:colcon.colcon_core.package_discovery:discover_packages(path) discover
[1.270s] Level 1:colcon.colcon_core.package_discovery:discover_packages(path) using defaults
[1.384s] Level 1:colcon.colcon_core.package_discovery:discover_packages(prefix_path) check parameters
[1.384s] Level 1:colcon.colcon_core.package_discovery:discover_packages(prefix_path) discover
[1.396s] DEBUG:colcon.colcon_installed_package_information.package_discovery:Found 273 installed packages in /opt/ros/humble
[1.401s] Level 1:colcon.colcon_core.package_discovery:discover_packages(prefix_path) using defaults
[1.567s] Level 5:colcon.colcon_core.verb:set package 'my_cpp_pkg' build argument 'cmake_args' from command line to 'None'
[1.567s] Level 5:colcon.colcon_core.verb:set package 'my_cpp_pkg' build argument 'cmake_target' from command line to 'None'
[1.569s] Level 5:colcon.colcon_core.verb:set package 'my_cpp_pkg' build argument 'cmake_target_skip_unavailable' from command line to 'False'
[1.569s] Level 5:colcon.colcon_core.verb:set package 'my_cpp_pkg' build argument 'cmake_clean_cache' from command line to 'False'
[1.569s] Level 5:colcon.colcon_core.verb:set package 'my_cpp_pkg' build argument 'cmake_clean_first' from command line to 'False'
[1.569s] Level 5:colcon.colcon_core.verb:set package 'my_cpp_pkg' build argument 'cmake_force_configure' from command line to 'False'
[1.569s] Level 5:colcon.colcon_core.verb:set package 'my_cpp_pkg' build argument 'ament_cmake_args' from command line to 'None'
[1.570s] Level 5:colcon.colcon_core.verb:set package 'my_cpp_pkg' build argument 'catkin_cmake_args' from command line to 'None'
[1.570s] Level 5:colcon.colcon_core.verb:set package 'my_cpp_pkg' build argument 'catkin_skip_building_tests' from command line to 'False'
[1.570s] DEBUG:colcon.colcon_core.verb:Building package 'my_cpp_pkg' with the following arguments: {'ament_cmake_args': None, 'build_base': '/home/taylor/scrb-practice/build/my_cpp_pkg', 'catkin_cmake_args': None, 'catkin_skip_building_tests': False, 'cmake_args': None, 'cmake_clean_cache': False, 'cmake_clean_first': False, 'cmake_force_configure': False, 'cmake_target': None, 'cmake_target_skip_unavailable': False, 'install_base': '/home/taylor/scrb-practice/install/my_cpp_pkg', 'merge_install': False, 'path': '/home/taylor/scrb-practice/src/my_cpp_pkg', 'symlink_install': False, 'test_result_base': None}
[1.572s] Level 5:colcon.colcon_core.verb:set package 'my_py_pkg' build argument 'cmake_args' from command line to 'None'
[1.572s] Level 5:colcon.colcon_core.verb:set package 'my_py_pkg' build argument 'cmake_target' from command line to 'None'
[1.572s] Level 5:colcon.colcon_core.verb:set package 'my_py_pkg' build argument 'cmake_target_skip_unavailable' from command line to 'False'
[1.572s] Level 5:colcon.colcon_core.verb:set package 'my_py_pkg' build argument 'cmake_clean_cache' from command line to 'False'
[1.573s] Level 5:colcon.colcon_core.verb:set package 'my_py_pkg' build argument 'cmake_clean_first' from command line to 'False'
[1.573s] Level 5:colcon.colcon_core.verb:set package 'my_py_pkg' build argument 'cmake_force_configure' from command line to 'False'
[1.573s] Level 5:colcon.colcon_core.verb:set package 'my_py_pkg' build argument 'ament_cmake_args' from command line to 'None'
[1.573s] Level 5:colcon.colcon_core.verb:set package 'my_py_pkg' build argument 'catkin_cmake_args' from command line to 'None'
[1.573s] Level 5:colcon.colcon_core.verb:set package 'my_py_pkg' build argument 'catkin_skip_building_tests' from command line to 'False'
[1.573s] DEBUG:colcon.colcon_core.verb:Building package 'my_py_pkg' with the following arguments: {'ament_cmake_args': None, 'build_base': '/home/taylor/scrb-practice/build/my_py_pkg', 'catkin_cmake_args': None, 'catkin_skip_building_tests': False, 'cmake_args': None, 'cmake_clean_cache': False, 'cmake_clean_first': False, 'cmake_force_configure': False, 'cmake_target': None, 'cmake_target_skip_unavailable': False, 'install_base': '/home/taylor/scrb-practice/install/my_py_pkg', 'merge_install': False, 'path': '/home/taylor/scrb-practice/src/my_py_pkg', 'symlink_install': False, 'test_result_base': None}
[1.573s] INFO:colcon.colcon_core.executor:Executing jobs using 'parallel' executor
[1.577s] DEBUG:colcon.colcon_parallel_executor.executor.parallel:run_until_complete
[1.579s] INFO:colcon.colcon_ros.task.ament_cmake.build:Building ROS package in '/home/taylor/scrb-practice/src/my_cpp_pkg' with build type 'ament_cmake'
[1.581s] INFO:colcon.colcon_cmake.task.cmake.build:Building CMake package in '/home/taylor/scrb-practice/src/my_cpp_pkg'
[1.593s] INFO:colcon.colcon_core.plugin_system:Skipping extension 'colcon_core.shell.bat': Not used on non-Windows systems
[1.595s] INFO:colcon.colcon_core.shell:Skip shell extension 'powershell' for command environment: Not usable outside of PowerShell
[1.595s] DEBUG:colcon.colcon_core.shell:Skip shell extension 'dsv' for command environment
[1.630s] DEBUG:colcon.colcon_core.event_handler.log_command:Invoking command in '/home/taylor/scrb-practice/build/my_cpp_pkg': CMAKE_PREFIX_PATH=/opt/ros/humble /usr/bin/cmake /home/taylor/scrb-practice/src/my_cpp_pkg -DCMAKE_INSTALL_PREFIX=/home/taylor/scrb-practice/install/my_cpp_pkg
[6.173s] DEBUG:colcon.colcon_core.event_handler.log_command:Invoked command in '/home/taylor/scrb-practice/build/my_cpp_pkg' returned '0': CMAKE_PREFIX_PATH=/opt/ros/humble /usr/bin/cmake /home/taylor/scrb-practice/src/my_cpp_pkg -DCMAKE_INSTALL_PREFIX=/home/taylor/scrb-practice/install/my_cpp_pkg
[6.179s] DEBUG:colcon.colcon_core.event_handler.log_command:Invoking command in '/home/taylor/scrb-practice/build/my_cpp_pkg': CMAKE_PREFIX_PATH=/opt/ros/humble /usr/bin/cmake --build /home/taylor/scrb-practice/build/my_cpp_pkg -- -j1 -l1
[6.363s] DEBUG:colcon.colcon_core.event_handler.log_command:Invoked command in '/home/taylor/scrb-practice/build/my_cpp_pkg' returned '0': CMAKE_PREFIX_PATH=/opt/ros/humble /usr/bin/cmake --build /home/taylor/scrb-practice/build/my_cpp_pkg -- -j1 -l1
[6.413s] DEBUG:colcon.colcon_core.event_handler.log_command:Invoking command in '/home/taylor/scrb-practice/build/my_cpp_pkg': CMAKE_PREFIX_PATH=/opt/ros/humble /usr/bin/cmake --install /home/taylor/scrb-practice/build/my_cpp_pkg
[6.478s] Level 1:colcon.colcon_core.environment:create_environment_scripts_only(my_cpp_pkg)
[6.480s] DEBUG:colcon.colcon_core.event_handler.log_command:Invoked command in '/home/taylor/scrb-practice/build/my_cpp_pkg' returned '0': CMAKE_PREFIX_PATH=/opt/ros/humble /usr/bin/cmake --install /home/taylor/scrb-practice/build/my_cpp_pkg
[6.490s] Level 1:colcon.colcon_core.environment:checking '/home/taylor/scrb-practice/install/my_cpp_pkg' for CMake module files
[6.492s] Level 1:colcon.colcon_core.environment:checking '/home/taylor/scrb-practice/install/my_cpp_pkg' for CMake config files
[6.493s] Level 1:colcon.colcon_core.shell:create_environment_hook('my_cpp_pkg', 'cmake_prefix_path')
[6.494s] INFO:colcon.colcon_core.shell:Creating environment hook '/home/taylor/scrb-practice/install/my_cpp_pkg/share/my_cpp_pkg/hook/cmake_prefix_path.ps1'
[6.497s] INFO:colcon.colcon_core.shell:Creating environment descriptor '/home/taylor/scrb-practice/install/my_cpp_pkg/share/my_cpp_pkg/hook/cmake_prefix_path.dsv'
[6.498s] INFO:colcon.colcon_core.shell:Creating environment hook '/home/taylor/scrb-practice/install/my_cpp_pkg/share/my_cpp_pkg/hook/cmake_prefix_path.sh'
[6.502s] Level 1:colcon.colcon_core.environment:checking '/home/taylor/scrb-practice/install/my_cpp_pkg/bin'
[6.502s] Level 1:colcon.colcon_core.environment:checking '/home/taylor/scrb-practice/install/my_cpp_pkg/lib/pkgconfig/my_cpp_pkg.pc'
[6.504s] Level 1:colcon.colcon_core.environment:checking '/home/taylor/scrb-practice/install/my_cpp_pkg/lib/python3.10/site-packages'
[6.505s] Level 1:colcon.colcon_core.environment:checking '/home/taylor/scrb-practice/install/my_cpp_pkg/bin'
[6.506s] INFO:colcon.colcon_core.shell:Creating package script '/home/taylor/scrb-practice/install/my_cpp_pkg/share/my_cpp_pkg/package.ps1'
[6.509s] INFO:colcon.colcon_core.shell:Creating package descriptor '/home/taylor/scrb-practice/install/my_cpp_pkg/share/my_cpp_pkg/package.dsv'
[6.511s] INFO:colcon.colcon_core.shell:Creating package script '/home/taylor/scrb-practice/install/my_cpp_pkg/share/my_cpp_pkg/package.sh'
[6.514s] INFO:colcon.colcon_core.shell:Creating package script '/home/taylor/scrb-practice/install/my_cpp_pkg/share/my_cpp_pkg/package.bash'
[6.518s] INFO:colcon.colcon_core.shell:Creating package script '/home/taylor/scrb-practice/install/my_cpp_pkg/share/my_cpp_pkg/package.zsh'
[6.520s] Level 1:colcon.colcon_core.environment:create_file_with_runtime_dependencies(/home/taylor/scrb-practice/install/my_cpp_pkg/share/colcon-core/packages/my_cpp_pkg)
[6.523s] Level 1:colcon.colcon_core.environment:create_environment_scripts_only(my_cpp_pkg)
[6.523s] Level 1:colcon.colcon_core.environment:checking '/home/taylor/scrb-practice/install/my_cpp_pkg' for CMake module files
[6.524s] Level 1:colcon.colcon_core.environment:checking '/home/taylor/scrb-practice/install/my_cpp_pkg' for CMake config files
[6.525s] Level 1:colcon.colcon_core.shell:create_environment_hook('my_cpp_pkg', 'cmake_prefix_path')
[6.525s] INFO:colcon.colcon_core.shell:Creating environment hook '/home/taylor/scrb-practice/install/my_cpp_pkg/share/my_cpp_pkg/hook/cmake_prefix_path.ps1'
[6.527s] INFO:colcon.colcon_core.shell:Creating environment descriptor '/home/taylor/scrb-practice/install/my_cpp_pkg/share/my_cpp_pkg/hook/cmake_prefix_path.dsv'
[6.528s] INFO:colcon.colcon_core.shell:Creating environment hook '/home/taylor/scrb-practice/install/my_cpp_pkg/share/my_cpp_pkg/hook/cmake_prefix_path.sh'
[6.530s] Level 1:colcon.colcon_core.environment:checking '/home/taylor/scrb-practice/install/my_cpp_pkg/bin'
[6.530s] Level 1:colcon.colcon_core.environment:checking '/home/taylor/scrb-practice/install/my_cpp_pkg/lib/pkgconfig/my_cpp_pkg.pc'
[6.531s] Level 1:colcon.colcon_core.environment:checking '/home/taylor/scrb-practice/install/my_cpp_pkg/lib/python3.10/site-packages'
[6.531s] Level 1:colcon.colcon_core.environment:checking '/home/taylor/scrb-practice/install/my_cpp_pkg/bin'
[6.532s] INFO:colcon.colcon_core.shell:Creating package script '/home/taylor/scrb-practice/install/my_cpp_pkg/share/my_cpp_pkg/package.ps1'
[6.535s] INFO:colcon.colcon_core.shell:Creating package descriptor '/home/taylor/scrb-practice/install/my_cpp_pkg/share/my_cpp_pkg/package.dsv'
[6.538s] INFO:colcon.colcon_core.shell:Creating package script '/home/taylor/scrb-practice/install/my_cpp_pkg/share/my_cpp_pkg/package.sh'
[6.540s] INFO:colcon.colcon_core.shell:Creating package script '/home/taylor/scrb-practice/install/my_cpp_pkg/share/my_cpp_pkg/package.bash'
[6.542s] INFO:colcon.colcon_core.shell:Creating package script '/home/taylor/scrb-practice/install/my_cpp_pkg/share/my_cpp_pkg/package.zsh'
[6.545s] Level 1:colcon.colcon_core.environment:create_file_with_runtime_dependencies(/home/taylor/scrb-practice/install/my_cpp_pkg/share/colcon-core/packages/my_cpp_pkg)
[6.550s] INFO:colcon.colcon_ros.task.ament_python.build:Building ROS package in '/home/taylor/scrb-practice/src/my_py_pkg' with build type 'ament_python'
[6.551s] Level 1:colcon.colcon_core.shell:create_environment_hook('my_py_pkg', 'ament_prefix_path')
[6.552s] INFO:colcon.colcon_core.shell:Creating environment hook '/home/taylor/scrb-practice/install/my_py_pkg/share/my_py_pkg/hook/ament_prefix_path.ps1'
[6.555s] INFO:colcon.colcon_core.shell:Creating environment descriptor '/home/taylor/scrb-practice/install/my_py_pkg/share/my_py_pkg/hook/ament_prefix_path.dsv'
[6.557s] INFO:colcon.colcon_core.shell:Creating environment hook '/home/taylor/scrb-practice/install/my_py_pkg/share/my_py_pkg/hook/ament_prefix_path.sh'
[6.560s] INFO:colcon.colcon_core.shell:Skip shell extension 'powershell' for command environment: Not usable outside of PowerShell
[6.561s] DEBUG:colcon.colcon_core.shell:Skip shell extension 'dsv' for command environment
[7.651s] INFO:colcon.colcon_core.task.python.build:Building Python package in '/home/taylor/scrb-practice/src/my_py_pkg'
[7.652s] INFO:colcon.colcon_core.shell:Skip shell extension 'powershell' for command environment: Not usable outside of PowerShell
[7.652s] DEBUG:colcon.colcon_core.shell:Skip shell extension 'dsv' for command environment
[9.159s] DEBUG:colcon.colcon_core.event_handler.log_command:Invoking command in '/home/taylor/scrb-practice/src/my_py_pkg': PYTHONPATH=/home/taylor/scrb-practice/build/my_py_pkg/prefix_override:/usr/lib/python3/dist-packages/colcon_core/task/python/colcon_distutils_commands:/home/taylor/scrb-practice/install/my_py_pkg/lib/python3.10/site-packages:${PYTHONPATH} /usr/bin/python3 -W ignore:setup.py install is deprecated -W ignore:easy_install command is deprecated setup.py egg_info --egg-base ../../build/my_py_pkg build --build-base /home/taylor/scrb-practice/build/my_py_pkg/build install --record /home/taylor/scrb-practice/build/my_py_pkg/install.log --single-version-externally-managed install_data
[10.465s] Level 1:colcon.colcon_core.environment:checking '/home/taylor/scrb-practice/install/my_py_pkg' for CMake module files
[10.466s] DEBUG:colcon.colcon_core.event_handler.log_command:Invoked command in '/home/taylor/scrb-practice/src/my_py_pkg' returned '0': PYTHONPATH=/home/taylor/scrb-practice/build/my_py_pkg/prefix_override:/usr/lib/python3/dist-packages/colcon_core/task/python/colcon_distutils_commands:/home/taylor/scrb-practice/install/my_py_pkg/lib/python3.10/site-packages:${PYTHONPATH} /usr/bin/python3 -W ignore:setup.py install is deprecated -W ignore:easy_install command is deprecated setup.py egg_info --egg-base ../../build/my_py_pkg build --build-base /home/taylor/scrb-practice/build/my_py_pkg/build install --record /home/taylor/scrb-practice/build/my_py_pkg/install.log --single-version-externally-managed install_data
[10.469s] Level 1:colcon.colcon_core.environment:checking '/home/taylor/scrb-practice/install/my_py_pkg' for CMake config files
[10.471s] Level 1:colcon.colcon_core.environment:checking '/home/taylor/scrb-practice/install/my_py_pkg/lib'
[10.473s] Level 1:colcon.colcon_core.environment:checking '/home/taylor/scrb-practice/install/my_py_pkg/bin'
[10.473s] Level 1:colcon.colcon_core.environment:checking '/home/taylor/scrb-practice/install/my_py_pkg/lib/pkgconfig/my_py_pkg.pc'
[10.473s] Level 1:colcon.colcon_core.environment:checking '/home/taylor/scrb-practice/install/my_py_pkg/lib/python3.10/site-packages'
[10.474s] Level 1:colcon.colcon_core.shell:create_environment_hook('my_py_pkg', 'pythonpath')
[10.475s] INFO:colcon.colcon_core.shell:Creating environment hook '/home/taylor/scrb-practice/install/my_py_pkg/share/my_py_pkg/hook/pythonpath.ps1'
[10.477s] INFO:colcon.colcon_core.shell:Creating environment descriptor '/home/taylor/scrb-practice/install/my_py_pkg/share/my_py_pkg/hook/pythonpath.dsv'
[10.479s] INFO:colcon.colcon_core.shell:Creating environment hook '/home/taylor/scrb-practice/install/my_py_pkg/share/my_py_pkg/hook/pythonpath.sh'
[10.483s] Level 1:colcon.colcon_core.environment:checking '/home/taylor/scrb-practice/install/my_py_pkg/bin'
[10.483s] Level 1:colcon.colcon_core.environment:create_environment_scripts_only(my_py_pkg)
[10.484s] INFO:colcon.colcon_core.shell:Creating package script '/home/taylor/scrb-practice/install/my_py_pkg/share/my_py_pkg/package.ps1'
[10.488s] INFO:colcon.colcon_core.shell:Creating package descriptor '/home/taylor/scrb-practice/install/my_py_pkg/share/my_py_pkg/package.dsv'
[10.490s] INFO:colcon.colcon_core.shell:Creating package script '/home/taylor/scrb-practice/install/my_py_pkg/share/my_py_pkg/package.sh'
[10.492s] INFO:colcon.colcon_core.shell:Creating package script '/home/taylor/scrb-practice/install/my_py_pkg/share/my_py_pkg/package.bash'
[10.494s] INFO:colcon.colcon_core.shell:Creating package script '/home/taylor/scrb-practice/install/my_py_pkg/share/my_py_pkg/package.zsh'
[10.496s] Level 1:colcon.colcon_core.environment:create_file_with_runtime_dependencies(/home/taylor/scrb-practice/install/my_py_pkg/share/colcon-core/packages/my_py_pkg)
[10.499s] DEBUG:colcon.colcon_parallel_executor.executor.parallel:closing loop
[10.501s] DEBUG:colcon.colcon_parallel_executor.executor.parallel:loop closed
[10.501s] DEBUG:colcon.colcon_parallel_executor.executor.parallel:run_until_complete finished with '0'
[10.501s] DEBUG:colcon.colcon_core.event_reactor:joining thread
[10.522s] INFO:colcon.colcon_core.plugin_system:Skipping extension 'colcon_notification.desktop_notification.notify_send': Could not find 'notify-send'
[10.523s] INFO:colcon.colcon_core.plugin_system:Skipping extension 'colcon_notification.desktop_notification.terminal_notifier': Not used on non-Darwin systems
[10.523s] INFO:colcon.colcon_core.plugin_system:Skipping extension 'colcon_notification.desktop_notification.win32': Not used on non-Windows systems
[10.523s] INFO:colcon.colcon_notification.desktop_notification:Sending desktop notification using 'notify2'
[10.536s] DEBUG:colcon.colcon_core.event_reactor:joined thread
[10.537s] INFO:colcon.colcon_core.shell:Creating prefix script '/home/taylor/scrb-practice/install/local_setup.ps1'
[10.545s] INFO:colcon.colcon_core.shell:Creating prefix util module '/home/taylor/scrb-practice/install/_local_setup_util_ps1.py'
[10.550s] INFO:colcon.colcon_core.shell:Creating prefix chain script '/home/taylor/scrb-practice/install/setup.ps1'
[10.554s] INFO:colcon.colcon_core.shell:Creating prefix script '/home/taylor/scrb-practice/install/local_setup.sh'
[10.556s] INFO:colcon.colcon_core.shell:Creating prefix util module '/home/taylor/scrb-practice/install/_local_setup_util_sh.py'
[10.559s] INFO:colcon.colcon_core.shell:Creating prefix chain script '/home/taylor/scrb-practice/install/setup.sh'
[10.563s] INFO:colcon.colcon_core.shell:Creating prefix script '/home/taylor/scrb-practice/install/local_setup.bash'
[10.565s] INFO:colcon.colcon_core.shell:Creating prefix chain script '/home/taylor/scrb-practice/install/setup.bash'
[10.570s] INFO:colcon.colcon_core.shell:Creating prefix script '/home/taylor/scrb-practice/install/local_setup.zsh'
[10.571s] INFO:colcon.colcon_core.shell:Creating prefix chain script '/home/taylor/scrb-practice/install/setup.zsh'
