[0.000000] (-) TimerEvent: {}
[0.001678] (-) JobUnselected: {'identifier': 'my_py_pkg'}
[0.001889] (my_cpp_pkg) JobQueued: {'identifier': 'my_cpp_pkg', 'dependencies': OrderedDict()}
[0.002259] (my_cpp_pkg) JobStarted: {'identifier': 'my_cpp_pkg'}
[0.022146] (my_cpp_pkg) JobProgress: {'identifier': 'my_cpp_pkg', 'progress': 'cmake'}
[0.023690] (my_cpp_pkg) JobProgress: {'identifier': 'my_cpp_pkg', 'progress': 'build'}
[0.025035] (my_cpp_pkg) Command: {'cmd': ['/usr/bin/cmake', '--build', '/home/taylor/scrb-practice/build/my_cpp_pkg', '--', '-j1', '-l1'], 'cwd': '/home/taylor/scrb-practice/build/my_cpp_pkg', 'env': OrderedDict([('LESSOPEN', '| /usr/bin/lesspipe %s'), ('USER', 'taylor'), ('SSH_CLIENT', '10.0.2.2 54674 22'), ('LC_TIME', 'en_US.UTF-8'), ('XDG_SESSION_TYPE', 'tty'), ('SHLVL', '1'), ('LD_LIBRARY_PATH', '/opt/ros/humble/opt/rviz_ogre_vendor/lib:/opt/ros/humble/lib/x86_64-linux-gnu:/opt/ros/humble/lib'), ('MOTD_SHOWN', 'pam'), ('HOME', '/home/taylor'), ('OLDPWD', '/home/taylor'), ('SSH_TTY', '/dev/pts/1'), ('ROS_PYTHON_VERSION', '3'), ('LC_MONETARY', 'en_US.UTF-8'), ('DBUS_SESSION_BUS_ADDRESS', 'unix:path=/run/user/1000/bus'), ('COLCON_PREFIX_PATH', '/home/taylor/scrb-practice/install'), ('ROS_DISTRO', 'humble'), ('LOGNAME', 'taylor'), ('_', '/usr/bin/colcon'), ('ROS_VERSION', '2'), ('XDG_SESSION_CLASS', 'user'), ('TERM', 'alacritty'), ('XDG_SESSION_ID', '8'), ('ROS_LOCALHOST_ONLY', '0'), ('PATH', '/opt/ros/humble/bin:/usr/local/sbin:/usr/local/bin:/usr/sbin:/usr/bin:/sbin:/bin:/usr/games:/usr/local/games:/snap/bin'), ('LC_ADDRESS', 'en_US.UTF-8'), ('XDG_RUNTIME_DIR', '/run/user/1000'), ('LANG', 'en_US.UTF-8'), ('LC_TELEPHONE', 'en_US.UTF-8'), ('LS_COLORS', ''), ('AMENT_PREFIX_PATH', '/home/taylor/scrb-practice/install/my_py_pkg:/home/taylor/scrb-practice/install/my_cpp_pkg:/opt/ros/humble'), ('SHELL', '/bin/bash'), ('LC_NAME', 'en_US.UTF-8'), ('LESSCLOSE', '/usr/bin/lesspipe %s %s'), ('LC_MEASUREMENT', 'en_US.UTF-8'), ('LC_IDENTIFICATION', 'en_US.UTF-8'), ('PWD', '/home/taylor/scrb-practice/build/my_cpp_pkg'), ('LC_ALL', 'en_US.UTF-8'), ('SSH_CONNECTION', '10.0.2.2 54674 10.0.2.15 22'), ('XDG_DATA_DIRS', '/usr/local/share:/usr/share:/var/lib/snapd/desktop'), ('PYTHONPATH', '/home/taylor/scrb-practice/install/my_py_pkg/lib/python3.10/site-packages:/opt/ros/humble/lib/python3.10/site-packages:/opt/ros/humble/local/lib/python3.10/dist-packages'), ('LC_NUMERIC', 'en_US.UTF-8'), ('LC_PAPER', 'en_US.UTF-8'), ('COLCON', '1'), ('CMAKE_PREFIX_PATH', '/home/taylor/scrb-practice/install/my_cpp_pkg:/home/taylor/scrb-practice/install/my_py_pkg:/opt/ros/humble')]), 'shell': False}
[0.100012] (-) TimerEvent: {}
[0.131330] (my_cpp_pkg) StdoutLine: {'line': b'\x1b[35m\x1b[1mConsolidate compiler generated dependencies of target cpp_node\x1b[0m\n'}
[0.170383] (my_cpp_pkg) StdoutLine: {'line': b'[ 50%] \x1b[32mBuilding CXX object CMakeFiles/cpp_node.dir/src/my_first_node.cpp.o\x1b[0m\n'}
[0.200204] (-) TimerEvent: {}
[0.301252] (-) TimerEvent: {}
[0.403699] (-) TimerEvent: {}
[0.504862] (-) TimerEvent: {}
[0.606261] (-) TimerEvent: {}
[0.707023] (-) TimerEvent: {}
[0.808608] (-) TimerEvent: {}
[0.910518] (-) TimerEvent: {}
[1.012339] (-) TimerEvent: {}
[1.112914] (-) TimerEvent: {}
[1.214786] (-) TimerEvent: {}
[1.316595] (-) TimerEvent: {}
[1.417132] (-) TimerEvent: {}
[1.519009] (-) TimerEvent: {}
[1.621666] (-) TimerEvent: {}
[1.722282] (-) TimerEvent: {}
[1.823580] (-) TimerEvent: {}
[1.925575] (-) TimerEvent: {}
[2.026219] (-) TimerEvent: {}
[2.128049] (-) TimerEvent: {}
[2.230517] (-) TimerEvent: {}
[2.331841] (-) TimerEvent: {}
[2.432801] (-) TimerEvent: {}
[2.534793] (-) TimerEvent: {}
[2.635681] (-) TimerEvent: {}
[2.737805] (-) TimerEvent: {}
[2.839421] (-) TimerEvent: {}
[2.941911] (-) TimerEvent: {}
[3.042865] (-) TimerEvent: {}
[3.144734] (-) TimerEvent: {}
[3.246296] (-) TimerEvent: {}
[3.348541] (-) TimerEvent: {}
[3.449863] (-) TimerEvent: {}
[3.551669] (-) TimerEvent: {}
[3.652622] (-) TimerEvent: {}
[3.754256] (-) TimerEvent: {}
[3.856616] (-) TimerEvent: {}
[3.957247] (-) TimerEvent: {}
[4.059301] (-) TimerEvent: {}
[4.160370] (-) TimerEvent: {}
[4.263328] (-) TimerEvent: {}
[4.364571] (-) TimerEvent: {}
[4.466317] (-) TimerEvent: {}
[4.566883] (-) TimerEvent: {}
[4.668881] (-) TimerEvent: {}
[4.770694] (-) TimerEvent: {}
[4.872292] (-) TimerEvent: {}
[4.973084] (-) TimerEvent: {}
[5.075876] (-) TimerEvent: {}
[5.176803] (-) TimerEvent: {}
[5.277325] (-) TimerEvent: {}
[5.379042] (-) TimerEvent: {}
[5.481627] (-) TimerEvent: {}
[5.582242] (-) TimerEvent: {}
[5.672345] (my_cpp_pkg) StderrLine: {'line': b'\x1b[01m\x1b[K/home/taylor/scrb-practice/src/my_cpp_pkg/src/my_first_node.cpp:\x1b[m\x1b[K In function \xe2\x80\x98\x1b[01m\x1b[Kint main(int, char**)\x1b[m\x1b[K\xe2\x80\x99:\n'}
[5.672778] (my_cpp_pkg) StderrLine: {'line': b'\x1b[01m\x1b[K/home/taylor/scrb-practice/src/my_cpp_pkg/src/my_first_node.cpp:15:5:\x1b[m\x1b[K \x1b[01;31m\x1b[Kerror: \x1b[m\x1b[K\xe2\x80\x98\x1b[01m\x1b[Krclccp\x1b[m\x1b[K\xe2\x80\x99 has not been declared\n'}
[5.672962] (my_cpp_pkg) StderrLine: {'line': b'   15 |     \x1b[01;31m\x1b[Krclccp\x1b[m\x1b[K::spin(node);\n'}
[5.673135] (my_cpp_pkg) StderrLine: {'line': b'      |     \x1b[01;31m\x1b[K^~~~~~\x1b[m\x1b[K\n'}
[5.682337] (-) TimerEvent: {}
[5.783931] (-) TimerEvent: {}
[5.885742] (-) TimerEvent: {}
[5.987544] (-) TimerEvent: {}
[6.088538] (-) TimerEvent: {}
[6.190839] (-) TimerEvent: {}
[6.291484] (-) TimerEvent: {}
[6.393335] (-) TimerEvent: {}
[6.495354] (-) TimerEvent: {}
[6.596139] (-) TimerEvent: {}
[6.698462] (-) TimerEvent: {}
[6.702302] (my_cpp_pkg) StderrLine: {'line': b'gmake[2]: *** [CMakeFiles/cpp_node.dir/build.make:76: CMakeFiles/cpp_node.dir/src/my_first_node.cpp.o] Error 1\n'}
[6.704293] (my_cpp_pkg) StderrLine: {'line': b'gmake[1]: *** [CMakeFiles/Makefile2:137: CMakeFiles/cpp_node.dir/all] Error 2\n'}
[6.704552] (my_cpp_pkg) StderrLine: {'line': b'gmake: *** [Makefile:146: all] Error 2\n'}
[6.709561] (my_cpp_pkg) CommandEnded: {'returncode': 2}
[6.735715] (my_cpp_pkg) JobEnded: {'identifier': 'my_cpp_pkg', 'rc': 2}
[6.739029] (-) EventReactorShutdown: {}
