[0.066s] Invoking command in '/home/taylor/scrb-practice/build/my_cpp_pkg': CMAKE_PREFIX_PATH=${CMAKE_PREFIX_PATH}:/home/taylor/scrb-practice/install/my_py_pkg:/opt/ros/humble /usr/bin/cmake /home/taylor/scrb-practice/src/my_cpp_pkg -DCMAKE_INSTALL_PREFIX=/home/taylor/scrb-practice/install/my_cpp_pkg
[0.659s] -- The C compiler identification is GNU 11.4.0
[1.049s] -- The CXX compiler identification is GNU 11.4.0
[1.101s] -- Detecting C compiler ABI info
[1.529s] -- Detecting C compiler ABI info - done
[1.564s] -- Check for working C compiler: /usr/bin/cc - skipped
[1.566s] -- Detecting C compile features
[1.572s] -- Detecting C compile features - done
[1.588s] -- Detecting CXX compiler ABI info
[2.036s] -- Detecting CXX compiler ABI info - done
[2.071s] -- Check for working CXX compiler: /usr/bin/c++ - skipped
[2.073s] -- Detecting CXX compile features
[2.076s] -- Detecting CXX compile features - done
[2.104s] -- Found ament_cmake: 1.3.14 (/opt/ros/humble/share/ament_cmake/cmake)
[2.960s] -- Found Python3: /usr/bin/python3 (found version "3.10.12") found components: Interpreter 
[3.506s] -- Found rclcpp: 16.0.18 (/opt/ros/humble/share/rclcpp/cmake)
[3.770s] -- Found rosidl_generator_c: 3.1.8 (/opt/ros/humble/share/rosidl_generator_c/cmake)
[3.805s] -- Found rosidl_adapter: 3.1.8 (/opt/ros/humble/share/rosidl_adapter/cmake)
[3.858s] -- Found rosidl_generator_cpp: 3.1.8 (/opt/ros/humble/share/rosidl_generator_cpp/cmake)
[3.937s] -- Using all available rosidl_typesupport_c: rosidl_typesupport_fastrtps_c;rosidl_typesupport_introspection_c
[4.042s] -- Using all available rosidl_typesupport_cpp: rosidl_typesupport_fastrtps_cpp;rosidl_typesupport_introspection_cpp
[4.305s] -- Found rmw_implementation_cmake: 6.1.2 (/opt/ros/humble/share/rmw_implementation_cmake/cmake)
[4.325s] -- Found rmw_fastrtps_cpp: 6.2.10 (/opt/ros/humble/share/rmw_fastrtps_cpp/cmake)
[4.844s] -- Found OpenSSL: /usr/lib/x86_64-linux-gnu/libcrypto.so (found version "3.0.2")  
[4.990s] -- Found FastRTPS: /opt/ros/humble/include  
[5.192s] -- Using RMW implementation 'rmw_fastrtps_cpp' as default
[5.247s] -- Looking for pthread.h
[5.659s] -- Looking for pthread.h - found
[5.666s] -- Performing Test CMAKE_HAVE_LIBC_PTHREAD
[6.177s] -- Performing Test CMAKE_HAVE_LIBC_PTHREAD - Success
[6.189s] -- Found Threads: TRUE  
[6.933s] -- Configuring done
[6.996s] -- Generating done
[7.014s] -- Build files have been written to: /home/taylor/scrb-practice/build/my_cpp_pkg
[7.064s] Invoked command in '/home/taylor/scrb-practice/build/my_cpp_pkg' returned '0': CMAKE_PREFIX_PATH=${CMAKE_PREFIX_PATH}:/home/taylor/scrb-practice/install/my_py_pkg:/opt/ros/humble /usr/bin/cmake /home/taylor/scrb-practice/src/my_cpp_pkg -DCMAKE_INSTALL_PREFIX=/home/taylor/scrb-practice/install/my_cpp_pkg
[7.074s] Invoking command in '/home/taylor/scrb-practice/build/my_cpp_pkg': CMAKE_PREFIX_PATH=${CMAKE_PREFIX_PATH}:/home/taylor/scrb-practice/install/my_py_pkg:/opt/ros/humble /usr/bin/cmake --build /home/taylor/scrb-practice/build/my_cpp_pkg -- -j1 -l1
[7.377s] [ 50%] [32mBuilding CXX object CMakeFiles/cpp_node.dir/src/my_first_node.cpp.o[0m
