[0.547s] DEBUG:colcon:Command line arguments: ['/usr/bin/colcon', 'build']
[0.547s] DEBUG:colcon:Parsed command line arguments: Namespace(log_base=None, log_level=None, verb_name='build', build_base='build', install_base='install', merge_install=False, symlink_install=False, test_result_base=None, continue_on_error=False, executor='parallel', parallel_workers=1, event_handlers=None, ignore_user_meta=False, metas=['./colcon.meta'], base_paths=['.'], packages_ignore=None, packages_ignore_regex=None, paths=None, packages_up_to=None, packages_up_to_regex=None, packages_above=None, packages_above_and_dependencies=None, packages_above_depth=None, packages_select_by_dep=None, packages_skip_by_dep=None, packages_skip_up_to=None, packages_select_build_failed=False, packages_skip_build_finished=False, packages_select_test_failures=False, packages_skip_test_passed=False, packages_select=None, packages_skip=None, packages_select_regex=None, packages_skip_regex=None, packages_start=None, packages_end=None, allow_overriding=[], cmake_args=None, cmake_target=None, cmake_target_skip_unavailable=False, cmake_clean_cache=False, cmake_clean_first=False, cmake_force_configure=False, ament_cmake_args=None, catkin_cmake_args=None, catkin_skip_building_tests=False, mixin_files=None, mixin=None, verb_parser=<colcon_mixin.mixin.mixin_argument.MixinArgumentDecorator object at 0x7fb0de620f70>, verb_extension=<colcon_core.verb.build.BuildVerb object at 0x7fb0de739ea0>, main=<bound method BuildVerb.main of <colcon_core.verb.build.BuildVerb object at 0x7fb0de739ea0>>, mixin_verb=('build',))
[1.073s] Level 1:colcon.colcon_core.package_discovery:discover_packages(colcon_meta) check parameters
[1.074s] Level 1:colcon.colcon_core.package_discovery:discover_packages(recursive) check parameters
[1.075s] Level 1:colcon.colcon_core.package_discovery:discover_packages(ignore) check parameters
[1.075s] Level 1:colcon.colcon_core.package_discovery:discover_packages(path) check parameters
[1.075s] Level 1:colcon.colcon_core.package_discovery:discover_packages(colcon_meta) discover
[1.075s] Level 1:colcon.colcon_core.package_discovery:discover_packages(recursive) discover
[1.075s] INFO:colcon.colcon_core.package_discovery:Crawling recursively for packages in '/home/taylor/Documents/scrb-workspace/scrb-introtask'
[1.076s] Level 1:colcon.colcon_core.package_identification:_identify(.) by extensions ['ignore', 'ignore_ament_install']
[1.076s] Level 1:colcon.colcon_core.package_identification:_identify(.) by extension 'ignore'
[1.076s] Level 1:colcon.colcon_core.package_identification:_identify(.) by extension 'ignore_ament_install'
[1.076s] Level 1:colcon.colcon_core.package_identification:_identify(.) by extensions ['colcon_pkg']
[1.076s] Level 1:colcon.colcon_core.package_identification:_identify(.) by extension 'colcon_pkg'
[1.078s] Level 1:colcon.colcon_core.package_identification:_identify(.) by extensions ['colcon_meta']
[1.078s] Level 1:colcon.colcon_core.package_identification:_identify(.) by extension 'colcon_meta'
[1.078s] Level 1:colcon.colcon_core.package_identification:_identify(.) by extensions ['ros']
[1.078s] Level 1:colcon.colcon_core.package_identification:_identify(.) by extension 'ros'
[1.135s] Level 1:colcon.colcon_core.package_identification:_identify(.) by extensions ['cmake', 'python']
[1.136s] Level 1:colcon.colcon_core.package_identification:_identify(.) by extension 'cmake'
[1.136s] Level 1:colcon.colcon_core.package_identification:_identify(.) by extension 'python'
[1.136s] Level 1:colcon.colcon_core.package_identification:_identify(.) by extensions ['python_setup_py']
[1.137s] Level 1:colcon.colcon_core.package_identification:_identify(.) by extension 'python_setup_py'
[1.138s] Level 1:colcon.colcon_core.package_identification:_identify(build) by extensions ['ignore', 'ignore_ament_install']
[1.138s] Level 1:colcon.colcon_core.package_identification:_identify(build) by extension 'ignore'
[1.138s] Level 1:colcon.colcon_core.package_identification:_identify(build) ignored
[1.139s] Level 1:colcon.colcon_core.package_identification:_identify(install) by extensions ['ignore', 'ignore_ament_install']
[1.140s] Level 1:colcon.colcon_core.package_identification:_identify(install) by extension 'ignore'
[1.141s] Level 1:colcon.colcon_core.package_identification:_identify(install) ignored
[1.141s] Level 1:colcon.colcon_core.package_identification:_identify(intro_py_pkg) by extensions ['ignore', 'ignore_ament_install']
[1.142s] Level 1:colcon.colcon_core.package_identification:_identify(intro_py_pkg) by extension 'ignore'
[1.142s] Level 1:colcon.colcon_core.package_identification:_identify(intro_py_pkg) by extension 'ignore_ament_install'
[1.142s] Level 1:colcon.colcon_core.package_identification:_identify(intro_py_pkg) by extensions ['colcon_pkg']
[1.142s] Level 1:colcon.colcon_core.package_identification:_identify(intro_py_pkg) by extension 'colcon_pkg'
[1.142s] Level 1:colcon.colcon_core.package_identification:_identify(intro_py_pkg) by extensions ['colcon_meta']
[1.143s] Level 1:colcon.colcon_core.package_identification:_identify(intro_py_pkg) by extension 'colcon_meta'
[1.144s] Level 1:colcon.colcon_core.package_identification:_identify(intro_py_pkg) by extensions ['ros']
[1.144s] Level 1:colcon.colcon_core.package_identification:_identify(intro_py_pkg) by extension 'ros'
[1.158s] DEBUG:colcon.colcon_core.package_identification:Package 'intro_py_pkg' with type 'ros.ament_python' and name 'intro_py_pkg'
[1.160s] Level 1:colcon.colcon_core.package_identification:_identify(log) by extensions ['ignore', 'ignore_ament_install']
[1.160s] Level 1:colcon.colcon_core.package_identification:_identify(log) by extension 'ignore'
[1.160s] Level 1:colcon.colcon_core.package_identification:_identify(log) ignored
[1.160s] Level 1:colcon.colcon_core.package_discovery:discover_packages(recursive) using defaults
[1.161s] Level 1:colcon.colcon_core.package_discovery:discover_packages(ignore) discover
[1.161s] Level 1:colcon.colcon_core.package_discovery:discover_packages(ignore) using defaults
[1.162s] Level 1:colcon.colcon_core.package_discovery:discover_packages(path) discover
[1.162s] Level 1:colcon.colcon_core.package_discovery:discover_packages(path) using defaults
[1.261s] Level 1:colcon.colcon_core.package_discovery:discover_packages(prefix_path) check parameters
[1.261s] Level 1:colcon.colcon_core.package_discovery:discover_packages(prefix_path) discover
[1.281s] DEBUG:colcon.colcon_installed_package_information.package_discovery:Found 1 installed packages in /home/taylor/Documents/scrb-workspace/scrb-introtask/install
[1.284s] DEBUG:colcon.colcon_installed_package_information.package_discovery:Found 273 installed packages in /opt/ros/humble
[1.287s] Level 1:colcon.colcon_core.package_discovery:discover_packages(prefix_path) using defaults
[1.385s] Level 5:colcon.colcon_core.verb:set package 'intro_py_pkg' build argument 'cmake_args' from command line to 'None'
[1.385s] Level 5:colcon.colcon_core.verb:set package 'intro_py_pkg' build argument 'cmake_target' from command line to 'None'
[1.385s] Level 5:colcon.colcon_core.verb:set package 'intro_py_pkg' build argument 'cmake_target_skip_unavailable' from command line to 'False'
[1.385s] Level 5:colcon.colcon_core.verb:set package 'intro_py_pkg' build argument 'cmake_clean_cache' from command line to 'False'
[1.386s] Level 5:colcon.colcon_core.verb:set package 'intro_py_pkg' build argument 'cmake_clean_first' from command line to 'False'
[1.386s] Level 5:colcon.colcon_core.verb:set package 'intro_py_pkg' build argument 'cmake_force_configure' from command line to 'False'
[1.386s] Level 5:colcon.colcon_core.verb:set package 'intro_py_pkg' build argument 'ament_cmake_args' from command line to 'None'
[1.386s] Level 5:colcon.colcon_core.verb:set package 'intro_py_pkg' build argument 'catkin_cmake_args' from command line to 'None'
[1.387s] Level 5:colcon.colcon_core.verb:set package 'intro_py_pkg' build argument 'catkin_skip_building_tests' from command line to 'False'
[1.387s] DEBUG:colcon.colcon_core.verb:Building package 'intro_py_pkg' with the following arguments: {'ament_cmake_args': None, 'build_base': '/home/taylor/Documents/scrb-workspace/scrb-introtask/build/intro_py_pkg', 'catkin_cmake_args': None, 'catkin_skip_building_tests': False, 'cmake_args': None, 'cmake_clean_cache': False, 'cmake_clean_first': False, 'cmake_force_configure': False, 'cmake_target': None, 'cmake_target_skip_unavailable': False, 'install_base': '/home/taylor/Documents/scrb-workspace/scrb-introtask/install/intro_py_pkg', 'merge_install': False, 'path': '/home/taylor/Documents/scrb-workspace/scrb-introtask/intro_py_pkg', 'symlink_install': False, 'test_result_base': None}
[1.387s] INFO:colcon.colcon_core.executor:Executing jobs using 'parallel' executor
[1.391s] DEBUG:colcon.colcon_parallel_executor.executor.parallel:run_until_complete
[1.391s] INFO:colcon.colcon_ros.task.ament_python.build:Building ROS package in '/home/taylor/Documents/scrb-workspace/scrb-introtask/intro_py_pkg' with build type 'ament_python'
[1.392s] Level 1:colcon.colcon_core.shell:create_environment_hook('intro_py_pkg', 'ament_prefix_path')
[1.399s] INFO:colcon.colcon_core.plugin_system:Skipping extension 'colcon_core.shell.bat': Not used on non-Windows systems
[1.401s] INFO:colcon.colcon_core.shell:Creating environment hook '/home/taylor/Documents/scrb-workspace/scrb-introtask/install/intro_py_pkg/share/intro_py_pkg/hook/ament_prefix_path.ps1'
[1.403s] INFO:colcon.colcon_core.shell:Creating environment descriptor '/home/taylor/Documents/scrb-workspace/scrb-introtask/install/intro_py_pkg/share/intro_py_pkg/hook/ament_prefix_path.dsv'
[1.404s] INFO:colcon.colcon_core.shell:Creating environment hook '/home/taylor/Documents/scrb-workspace/scrb-introtask/install/intro_py_pkg/share/intro_py_pkg/hook/ament_prefix_path.sh'
[1.406s] INFO:colcon.colcon_core.shell:Skip shell extension 'powershell' for command environment: Not usable outside of PowerShell
[1.407s] DEBUG:colcon.colcon_core.shell:Skip shell extension 'dsv' for command environment
[2.274s] INFO:colcon.colcon_core.task.python.build:Building Python package in '/home/taylor/Documents/scrb-workspace/scrb-introtask/intro_py_pkg'
[2.275s] INFO:colcon.colcon_core.shell:Skip shell extension 'powershell' for command environment: Not usable outside of PowerShell
[2.276s] DEBUG:colcon.colcon_core.shell:Skip shell extension 'dsv' for command environment
[3.258s] DEBUG:colcon.colcon_core.event_handler.log_command:Invoking command in '/home/taylor/Documents/scrb-workspace/scrb-introtask/intro_py_pkg': PYTHONPATH=/home/taylor/Documents/scrb-workspace/scrb-introtask/build/intro_py_pkg/prefix_override:/usr/lib/python3/dist-packages/colcon_core/task/python/colcon_distutils_commands:/home/taylor/Documents/scrb-workspace/scrb-introtask/install/intro_py_pkg/lib/python3.10/site-packages:${PYTHONPATH} /usr/bin/python3 -W ignore:setup.py install is deprecated -W ignore:easy_install command is deprecated setup.py egg_info --egg-base ../build/intro_py_pkg build --build-base /home/taylor/Documents/scrb-workspace/scrb-introtask/build/intro_py_pkg/build install --record /home/taylor/Documents/scrb-workspace/scrb-introtask/build/intro_py_pkg/install.log --single-version-externally-managed install_data
[4.151s] DEBUG:colcon.colcon_core.event_handler.log_command:Invoked command in '/home/taylor/Documents/scrb-workspace/scrb-introtask/intro_py_pkg' returned '0': PYTHONPATH=/home/taylor/Documents/scrb-workspace/scrb-introtask/build/intro_py_pkg/prefix_override:/usr/lib/python3/dist-packages/colcon_core/task/python/colcon_distutils_commands:/home/taylor/Documents/scrb-workspace/scrb-introtask/install/intro_py_pkg/lib/python3.10/site-packages:${PYTHONPATH} /usr/bin/python3 -W ignore:setup.py install is deprecated -W ignore:easy_install command is deprecated setup.py egg_info --egg-base ../build/intro_py_pkg build --build-base /home/taylor/Documents/scrb-workspace/scrb-introtask/build/intro_py_pkg/build install --record /home/taylor/Documents/scrb-workspace/scrb-introtask/build/intro_py_pkg/install.log --single-version-externally-managed install_data
[4.159s] Level 1:colcon.colcon_core.environment:checking '/home/taylor/Documents/scrb-workspace/scrb-introtask/install/intro_py_pkg' for CMake module files
[4.161s] Level 1:colcon.colcon_core.environment:checking '/home/taylor/Documents/scrb-workspace/scrb-introtask/install/intro_py_pkg' for CMake config files
[4.163s] Level 1:colcon.colcon_core.environment:checking '/home/taylor/Documents/scrb-workspace/scrb-introtask/install/intro_py_pkg/lib'
[4.164s] Level 1:colcon.colcon_core.environment:checking '/home/taylor/Documents/scrb-workspace/scrb-introtask/install/intro_py_pkg/bin'
[4.164s] Level 1:colcon.colcon_core.environment:checking '/home/taylor/Documents/scrb-workspace/scrb-introtask/install/intro_py_pkg/lib/pkgconfig/intro_py_pkg.pc'
[4.165s] Level 1:colcon.colcon_core.environment:checking '/home/taylor/Documents/scrb-workspace/scrb-introtask/install/intro_py_pkg/lib/python3.10/site-packages'
[4.165s] Level 1:colcon.colcon_core.shell:create_environment_hook('intro_py_pkg', 'pythonpath')
[4.166s] INFO:colcon.colcon_core.shell:Creating environment hook '/home/taylor/Documents/scrb-workspace/scrb-introtask/install/intro_py_pkg/share/intro_py_pkg/hook/pythonpath.ps1'
[4.167s] INFO:colcon.colcon_core.shell:Creating environment descriptor '/home/taylor/Documents/scrb-workspace/scrb-introtask/install/intro_py_pkg/share/intro_py_pkg/hook/pythonpath.dsv'
[4.169s] INFO:colcon.colcon_core.shell:Creating environment hook '/home/taylor/Documents/scrb-workspace/scrb-introtask/install/intro_py_pkg/share/intro_py_pkg/hook/pythonpath.sh'
[4.171s] Level 1:colcon.colcon_core.environment:checking '/home/taylor/Documents/scrb-workspace/scrb-introtask/install/intro_py_pkg/bin'
[4.171s] Level 1:colcon.colcon_core.environment:create_environment_scripts_only(intro_py_pkg)
[4.172s] INFO:colcon.colcon_core.shell:Creating package script '/home/taylor/Documents/scrb-workspace/scrb-introtask/install/intro_py_pkg/share/intro_py_pkg/package.ps1'
[4.175s] INFO:colcon.colcon_core.shell:Creating package descriptor '/home/taylor/Documents/scrb-workspace/scrb-introtask/install/intro_py_pkg/share/intro_py_pkg/package.dsv'
[4.178s] INFO:colcon.colcon_core.shell:Creating package script '/home/taylor/Documents/scrb-workspace/scrb-introtask/install/intro_py_pkg/share/intro_py_pkg/package.sh'
[4.180s] INFO:colcon.colcon_core.shell:Creating package script '/home/taylor/Documents/scrb-workspace/scrb-introtask/install/intro_py_pkg/share/intro_py_pkg/package.bash'
[4.183s] INFO:colcon.colcon_core.shell:Creating package script '/home/taylor/Documents/scrb-workspace/scrb-introtask/install/intro_py_pkg/share/intro_py_pkg/package.zsh'
[4.188s] Level 1:colcon.colcon_core.environment:create_file_with_runtime_dependencies(/home/taylor/Documents/scrb-workspace/scrb-introtask/install/intro_py_pkg/share/colcon-core/packages/intro_py_pkg)
[4.189s] DEBUG:colcon.colcon_parallel_executor.executor.parallel:closing loop
[4.191s] DEBUG:colcon.colcon_parallel_executor.executor.parallel:loop closed
[4.193s] DEBUG:colcon.colcon_parallel_executor.executor.parallel:run_until_complete finished with '0'
[4.193s] DEBUG:colcon.colcon_core.event_reactor:joining thread
[4.196s] DEBUG:colcon.colcon_core.event_reactor:joined thread
[4.197s] INFO:colcon.colcon_core.shell:Creating prefix script '/home/taylor/Documents/scrb-workspace/scrb-introtask/install/local_setup.ps1'
[4.204s] INFO:colcon.colcon_core.shell:Creating prefix util module '/home/taylor/Documents/scrb-workspace/scrb-introtask/install/_local_setup_util_ps1.py'
[4.214s] INFO:colcon.colcon_core.shell:Creating prefix chain script '/home/taylor/Documents/scrb-workspace/scrb-introtask/install/setup.ps1'
[4.226s] INFO:colcon.colcon_core.shell:Creating prefix script '/home/taylor/Documents/scrb-workspace/scrb-introtask/install/local_setup.sh'
[4.233s] INFO:colcon.colcon_core.shell:Creating prefix util module '/home/taylor/Documents/scrb-workspace/scrb-introtask/install/_local_setup_util_sh.py'
[4.238s] INFO:colcon.colcon_core.shell:Creating prefix chain script '/home/taylor/Documents/scrb-workspace/scrb-introtask/install/setup.sh'
[4.246s] INFO:colcon.colcon_core.shell:Creating prefix script '/home/taylor/Documents/scrb-workspace/scrb-introtask/install/local_setup.bash'
[4.250s] INFO:colcon.colcon_core.shell:Creating prefix chain script '/home/taylor/Documents/scrb-workspace/scrb-introtask/install/setup.bash'
[4.257s] INFO:colcon.colcon_core.shell:Creating prefix script '/home/taylor/Documents/scrb-workspace/scrb-introtask/install/local_setup.zsh'
[4.262s] INFO:colcon.colcon_core.shell:Creating prefix chain script '/home/taylor/Documents/scrb-workspace/scrb-introtask/install/setup.zsh'
