[0.155s] DEBUG:colcon:Command line arguments: ['/usr/bin/colcon', 'build', '--packages-select', 'my_cpp_pkg']
[0.155s] DEBUG:colcon:Parsed command line arguments: Namespace(log_base=None, log_level=None, verb_name='build', build_base='build', install_base='install', merge_install=False, symlink_install=False, test_result_base=None, continue_on_error=False, executor='parallel', parallel_workers=6, event_handlers=None, ignore_user_meta=False, metas=['./colcon.meta'], base_paths=['.'], packages_ignore=None, packages_ignore_regex=None, paths=None, packages_up_to=None, packages_up_to_regex=None, packages_above=None, packages_above_and_dependencies=None, packages_above_depth=None, packages_select_by_dep=None, packages_skip_by_dep=None, packages_skip_up_to=None, packages_select_build_failed=False, packages_skip_build_finished=False, packages_select_test_failures=False, packages_skip_test_passed=False, packages_select=['my_cpp_pkg'], packages_skip=None, packages_select_regex=None, packages_skip_regex=None, packages_start=None, packages_end=None, allow_overriding=[], cmake_args=None, cmake_target=None, cmake_target_skip_unavailable=False, cmake_clean_cache=False, cmake_clean_first=False, cmake_force_configure=False, ament_cmake_args=None, catkin_cmake_args=None, catkin_skip_building_tests=False, mixin_files=None, mixin=None, verb_parser=<colcon_mixin.mixin.mixin_argument.MixinArgumentDecorator object at 0x79aca696df30>, verb_extension=<colcon_core.verb.build.BuildVerb object at 0x79aca696da20>, main=<bound method BuildVerb.main of <colcon_core.verb.build.BuildVerb object at 0x79aca696da20>>, mixin_verb=('build',))
[0.406s] Level 1:colcon.colcon_core.package_discovery:discover_packages(colcon_meta) check parameters
[0.406s] Level 1:colcon.colcon_core.package_discovery:discover_packages(recursive) check parameters
[0.406s] Level 1:colcon.colcon_core.package_discovery:discover_packages(ignore) check parameters
[0.407s] Level 1:colcon.colcon_core.package_discovery:discover_packages(path) check parameters
[0.407s] Level 1:colcon.colcon_core.package_discovery:discover_packages(colcon_meta) discover
[0.407s] Level 1:colcon.colcon_core.package_discovery:discover_packages(recursive) discover
[0.407s] INFO:colcon.colcon_core.package_discovery:Crawling recursively for packages in '/home/taylor/Documents/robotics-testing-repo/scrb-introtask'
[0.407s] Level 1:colcon.colcon_core.package_identification:_identify(.) by extensions ['ignore', 'ignore_ament_install']
[0.407s] Level 1:colcon.colcon_core.package_identification:_identify(.) by extension 'ignore'
[0.407s] Level 1:colcon.colcon_core.package_identification:_identify(.) by extension 'ignore_ament_install'
[0.408s] Level 1:colcon.colcon_core.package_identification:_identify(.) by extensions ['colcon_pkg']
[0.408s] Level 1:colcon.colcon_core.package_identification:_identify(.) by extension 'colcon_pkg'
[0.408s] Level 1:colcon.colcon_core.package_identification:_identify(.) by extensions ['colcon_meta']
[0.408s] Level 1:colcon.colcon_core.package_identification:_identify(.) by extension 'colcon_meta'
[0.408s] Level 1:colcon.colcon_core.package_identification:_identify(.) by extensions ['ros']
[0.408s] Level 1:colcon.colcon_core.package_identification:_identify(.) by extension 'ros'
[0.424s] Level 1:colcon.colcon_core.package_identification:_identify(.) by extensions ['cmake', 'python']
[0.424s] Level 1:colcon.colcon_core.package_identification:_identify(.) by extension 'cmake'
[0.424s] Level 1:colcon.colcon_core.package_identification:_identify(.) by extension 'python'
[0.424s] Level 1:colcon.colcon_core.package_identification:_identify(.) by extensions ['python_setup_py']
[0.424s] Level 1:colcon.colcon_core.package_identification:_identify(.) by extension 'python_setup_py'
[0.425s] Level 1:colcon.colcon_core.package_identification:_identify(build) by extensions ['ignore', 'ignore_ament_install']
[0.425s] Level 1:colcon.colcon_core.package_identification:_identify(build) by extension 'ignore'
[0.425s] Level 1:colcon.colcon_core.package_identification:_identify(build) ignored
[0.425s] Level 1:colcon.colcon_core.package_identification:_identify(install) by extensions ['ignore', 'ignore_ament_install']
[0.425s] Level 1:colcon.colcon_core.package_identification:_identify(install) by extension 'ignore'
[0.426s] Level 1:colcon.colcon_core.package_identification:_identify(install) ignored
[0.426s] Level 1:colcon.colcon_core.package_identification:_identify(intro_py_pkg) by extensions ['ignore', 'ignore_ament_install']
[0.426s] Level 1:colcon.colcon_core.package_identification:_identify(intro_py_pkg) by extension 'ignore'
[0.426s] Level 1:colcon.colcon_core.package_identification:_identify(intro_py_pkg) by extension 'ignore_ament_install'
[0.426s] Level 1:colcon.colcon_core.package_identification:_identify(intro_py_pkg) by extensions ['colcon_pkg']
[0.426s] Level 1:colcon.colcon_core.package_identification:_identify(intro_py_pkg) by extension 'colcon_pkg'
[0.426s] Level 1:colcon.colcon_core.package_identification:_identify(intro_py_pkg) by extensions ['colcon_meta']
[0.426s] Level 1:colcon.colcon_core.package_identification:_identify(intro_py_pkg) by extension 'colcon_meta'
[0.426s] Level 1:colcon.colcon_core.package_identification:_identify(intro_py_pkg) by extensions ['ros']
[0.426s] Level 1:colcon.colcon_core.package_identification:_identify(intro_py_pkg) by extension 'ros'
[0.430s] DEBUG:colcon.colcon_core.package_identification:Package 'intro_py_pkg' with type 'ros.ament_python' and name 'intro_py_pkg'
[0.431s] Level 1:colcon.colcon_core.package_identification:_identify(log) by extensions ['ignore', 'ignore_ament_install']
[0.431s] Level 1:colcon.colcon_core.package_identification:_identify(log) by extension 'ignore'
[0.431s] Level 1:colcon.colcon_core.package_identification:_identify(log) ignored
[0.431s] Level 1:colcon.colcon_core.package_identification:_identify(my_cpp_pkg) by extensions ['ignore', 'ignore_ament_install']
[0.431s] Level 1:colcon.colcon_core.package_identification:_identify(my_cpp_pkg) by extension 'ignore'
[0.431s] Level 1:colcon.colcon_core.package_identification:_identify(my_cpp_pkg) by extension 'ignore_ament_install'
[0.431s] Level 1:colcon.colcon_core.package_identification:_identify(my_cpp_pkg) by extensions ['colcon_pkg']
[0.431s] Level 1:colcon.colcon_core.package_identification:_identify(my_cpp_pkg) by extension 'colcon_pkg'
[0.431s] Level 1:colcon.colcon_core.package_identification:_identify(my_cpp_pkg) by extensions ['colcon_meta']
[0.431s] Level 1:colcon.colcon_core.package_identification:_identify(my_cpp_pkg) by extension 'colcon_meta'
[0.432s] Level 1:colcon.colcon_core.package_identification:_identify(my_cpp_pkg) by extensions ['ros']
[0.432s] Level 1:colcon.colcon_core.package_identification:_identify(my_cpp_pkg) by extension 'ros'
[0.433s] DEBUG:colcon.colcon_core.package_identification:Package 'my_cpp_pkg' with type 'ros.ament_cmake' and name 'my_cpp_pkg'
[0.433s] Level 1:colcon.colcon_core.package_discovery:discover_packages(recursive) using defaults
[0.433s] Level 1:colcon.colcon_core.package_discovery:discover_packages(ignore) discover
[0.433s] Level 1:colcon.colcon_core.package_discovery:discover_packages(ignore) using defaults
[0.433s] Level 1:colcon.colcon_core.package_discovery:discover_packages(path) discover
[0.433s] Level 1:colcon.colcon_core.package_discovery:discover_packages(path) using defaults
[0.494s] INFO:colcon.colcon_core.package_selection:Skipping not selected package 'intro_py_pkg' in 'intro_py_pkg'
[0.495s] Level 1:colcon.colcon_core.package_discovery:discover_packages(prefix_path) check parameters
[0.495s] Level 1:colcon.colcon_core.package_discovery:discover_packages(prefix_path) discover
[0.499s] DEBUG:colcon.colcon_installed_package_information.package_discovery:Found 273 installed packages in /opt/ros/humble
[0.501s] Level 1:colcon.colcon_core.package_discovery:discover_packages(prefix_path) using defaults
[0.557s] Level 5:colcon.colcon_core.verb:set package 'my_cpp_pkg' build argument 'cmake_args' from command line to 'None'
[0.557s] Level 5:colcon.colcon_core.verb:set package 'my_cpp_pkg' build argument 'cmake_target' from command line to 'None'
[0.557s] Level 5:colcon.colcon_core.verb:set package 'my_cpp_pkg' build argument 'cmake_target_skip_unavailable' from command line to 'False'
[0.557s] Level 5:colcon.colcon_core.verb:set package 'my_cpp_pkg' build argument 'cmake_clean_cache' from command line to 'False'
[0.557s] Level 5:colcon.colcon_core.verb:set package 'my_cpp_pkg' build argument 'cmake_clean_first' from command line to 'False'
[0.557s] Level 5:colcon.colcon_core.verb:set package 'my_cpp_pkg' build argument 'cmake_force_configure' from command line to 'False'
[0.557s] Level 5:colcon.colcon_core.verb:set package 'my_cpp_pkg' build argument 'ament_cmake_args' from command line to 'None'
[0.557s] Level 5:colcon.colcon_core.verb:set package 'my_cpp_pkg' build argument 'catkin_cmake_args' from command line to 'None'
[0.557s] Level 5:colcon.colcon_core.verb:set package 'my_cpp_pkg' build argument 'catkin_skip_building_tests' from command line to 'False'
[0.557s] DEBUG:colcon.colcon_core.verb:Building package 'my_cpp_pkg' with the following arguments: {'ament_cmake_args': None, 'build_base': '/home/taylor/Documents/robotics-testing-repo/scrb-introtask/build/my_cpp_pkg', 'catkin_cmake_args': None, 'catkin_skip_building_tests': False, 'cmake_args': None, 'cmake_clean_cache': False, 'cmake_clean_first': False, 'cmake_force_configure': False, 'cmake_target': None, 'cmake_target_skip_unavailable': False, 'install_base': '/home/taylor/Documents/robotics-testing-repo/scrb-introtask/install/my_cpp_pkg', 'merge_install': False, 'path': '/home/taylor/Documents/robotics-testing-repo/scrb-introtask/my_cpp_pkg', 'symlink_install': False, 'test_result_base': None}
[0.558s] INFO:colcon.colcon_core.executor:Executing jobs using 'parallel' executor
[0.560s] DEBUG:colcon.colcon_parallel_executor.executor.parallel:run_until_complete
[0.560s] INFO:colcon.colcon_ros.task.ament_cmake.build:Building ROS package in '/home/taylor/Documents/robotics-testing-repo/scrb-introtask/my_cpp_pkg' with build type 'ament_cmake'
[0.560s] INFO:colcon.colcon_cmake.task.cmake.build:Building CMake package in '/home/taylor/Documents/robotics-testing-repo/scrb-introtask/my_cpp_pkg'
[0.564s] INFO:colcon.colcon_core.plugin_system:Skipping extension 'colcon_core.shell.bat': Not used on non-Windows systems
[0.564s] INFO:colcon.colcon_core.shell:Skip shell extension 'powershell' for command environment: Not usable outside of PowerShell
[0.564s] DEBUG:colcon.colcon_core.shell:Skip shell extension 'dsv' for command environment
[0.580s] DEBUG:colcon.colcon_core.event_handler.log_command:Invoking command in '/home/taylor/Documents/robotics-testing-repo/scrb-introtask/build/my_cpp_pkg': CMAKE_PREFIX_PATH=/opt/ros/humble /usr/bin/cmake --build /home/taylor/Documents/robotics-testing-repo/scrb-introtask/build/my_cpp_pkg -- -j6 -l6
[5.622s] DEBUG:colcon.colcon_core.event_handler.log_command:Invoked command in '/home/taylor/Documents/robotics-testing-repo/scrb-introtask/build/my_cpp_pkg' returned '2': CMAKE_PREFIX_PATH=/opt/ros/humble /usr/bin/cmake --build /home/taylor/Documents/robotics-testing-repo/scrb-introtask/build/my_cpp_pkg -- -j6 -l6
[5.623s] Level 1:colcon.colcon_core.environment:create_environment_scripts_only(my_cpp_pkg)
[5.626s] Level 1:colcon.colcon_core.environment:checking '/home/taylor/Documents/robotics-testing-repo/scrb-introtask/install/my_cpp_pkg' for CMake module files
[5.627s] Level 1:colcon.colcon_core.environment:checking '/home/taylor/Documents/robotics-testing-repo/scrb-introtask/install/my_cpp_pkg' for CMake config files
[5.628s] Level 1:colcon.colcon_core.environment:checking '/home/taylor/Documents/robotics-testing-repo/scrb-introtask/install/my_cpp_pkg/bin'
[5.628s] Level 1:colcon.colcon_core.environment:checking '/home/taylor/Documents/robotics-testing-repo/scrb-introtask/install/my_cpp_pkg/lib/pkgconfig/my_cpp_pkg.pc'
[5.628s] Level 1:colcon.colcon_core.environment:checking '/home/taylor/Documents/robotics-testing-repo/scrb-introtask/install/my_cpp_pkg/lib/python3.10/site-packages'
[5.629s] Level 1:colcon.colcon_core.environment:checking '/home/taylor/Documents/robotics-testing-repo/scrb-introtask/install/my_cpp_pkg/bin'
[5.629s] INFO:colcon.colcon_core.shell:Creating package script '/home/taylor/Documents/robotics-testing-repo/scrb-introtask/install/my_cpp_pkg/share/my_cpp_pkg/package.ps1'
[5.631s] INFO:colcon.colcon_core.shell:Creating package descriptor '/home/taylor/Documents/robotics-testing-repo/scrb-introtask/install/my_cpp_pkg/share/my_cpp_pkg/package.dsv'
[5.632s] INFO:colcon.colcon_core.shell:Creating package script '/home/taylor/Documents/robotics-testing-repo/scrb-introtask/install/my_cpp_pkg/share/my_cpp_pkg/package.sh'
[5.633s] INFO:colcon.colcon_core.shell:Creating package script '/home/taylor/Documents/robotics-testing-repo/scrb-introtask/install/my_cpp_pkg/share/my_cpp_pkg/package.bash'
[5.634s] INFO:colcon.colcon_core.shell:Creating package script '/home/taylor/Documents/robotics-testing-repo/scrb-introtask/install/my_cpp_pkg/share/my_cpp_pkg/package.zsh'
[5.635s] Level 1:colcon.colcon_core.environment:create_file_with_runtime_dependencies(/home/taylor/Documents/robotics-testing-repo/scrb-introtask/install/my_cpp_pkg/share/colcon-core/packages/my_cpp_pkg)
[5.636s] DEBUG:colcon.colcon_parallel_executor.executor.parallel:closing loop
[5.637s] DEBUG:colcon.colcon_parallel_executor.executor.parallel:loop closed
[5.637s] DEBUG:colcon.colcon_parallel_executor.executor.parallel:run_until_complete finished with '2'
[5.637s] DEBUG:colcon.colcon_core.event_reactor:joining thread
[5.645s] INFO:colcon.colcon_core.plugin_system:Skipping extension 'colcon_notification.desktop_notification.terminal_notifier': Not used on non-Darwin systems
[5.645s] INFO:colcon.colcon_core.plugin_system:Skipping extension 'colcon_notification.desktop_notification.win32': Not used on non-Windows systems
[5.646s] INFO:colcon.colcon_notification.desktop_notification:Sending desktop notification using 'notify2'
[5.666s] DEBUG:colcon.colcon_core.event_reactor:joined thread
[5.667s] INFO:colcon.colcon_core.shell:Creating prefix script '/home/taylor/Documents/robotics-testing-repo/scrb-introtask/install/local_setup.ps1'
[5.669s] INFO:colcon.colcon_core.shell:Creating prefix util module '/home/taylor/Documents/robotics-testing-repo/scrb-introtask/install/_local_setup_util_ps1.py'
[5.671s] INFO:colcon.colcon_core.shell:Creating prefix chain script '/home/taylor/Documents/robotics-testing-repo/scrb-introtask/install/setup.ps1'
[5.672s] INFO:colcon.colcon_core.shell:Creating prefix script '/home/taylor/Documents/robotics-testing-repo/scrb-introtask/install/local_setup.sh'
[5.675s] INFO:colcon.colcon_core.shell:Creating prefix util module '/home/taylor/Documents/robotics-testing-repo/scrb-introtask/install/_local_setup_util_sh.py'
[5.676s] INFO:colcon.colcon_core.shell:Creating prefix chain script '/home/taylor/Documents/robotics-testing-repo/scrb-introtask/install/setup.sh'
[5.678s] INFO:colcon.colcon_core.shell:Creating prefix script '/home/taylor/Documents/robotics-testing-repo/scrb-introtask/install/local_setup.bash'
[5.679s] INFO:colcon.colcon_core.shell:Creating prefix chain script '/home/taylor/Documents/robotics-testing-repo/scrb-introtask/install/setup.bash'
[5.681s] INFO:colcon.colcon_core.shell:Creating prefix script '/home/taylor/Documents/robotics-testing-repo/scrb-introtask/install/local_setup.zsh'
[5.681s] INFO:colcon.colcon_core.shell:Creating prefix chain script '/home/taylor/Documents/robotics-testing-repo/scrb-introtask/install/setup.zsh'
