[0.491s] DEBUG:colcon:Command line arguments: ['/usr/bin/colcon', 'build']
[0.491s] DEBUG:colcon:Parsed command line arguments: Namespace(log_base=None, log_level=None, verb_name='build', build_base='build', install_base='install', merge_install=False, symlink_install=False, test_result_base=None, continue_on_error=False, executor='parallel', parallel_workers=1, event_handlers=None, ignore_user_meta=False, metas=['./colcon.meta'], base_paths=['.'], packages_ignore=None, packages_ignore_regex=None, paths=None, packages_up_to=None, packages_up_to_regex=None, packages_above=None, packages_above_and_dependencies=None, packages_above_depth=None, packages_select_by_dep=None, packages_skip_by_dep=None, packages_skip_up_to=None, packages_select_build_failed=False, packages_skip_build_finished=False, packages_select_test_failures=False, packages_skip_test_passed=False, packages_select=None, packages_skip=None, packages_select_regex=None, packages_skip_regex=None, packages_start=None, packages_end=None, allow_overriding=[], cmake_args=None, cmake_target=None, cmake_target_skip_unavailable=False, cmake_clean_cache=False, cmake_clean_first=False, cmake_force_configure=False, ament_cmake_args=None, catkin_cmake_args=None, catkin_skip_building_tests=False, mixin_files=None, mixin=None, verb_parser=<colcon_mixin.mixin.mixin_argument.MixinArgumentDecorator object at 0x7d5a280dcf70>, verb_extension=<colcon_core.verb.build.BuildVerb object at 0x7d5a281f5ea0>, main=<bound method BuildVerb.main of <colcon_core.verb.build.BuildVerb object at 0x7d5a281f5ea0>>, mixin_verb=('build',))
[1.065s] Level 1:colcon.colcon_core.package_discovery:discover_packages(colcon_meta) check parameters
[1.066s] Level 1:colcon.colcon_core.package_discovery:discover_packages(recursive) check parameters
[1.066s] Level 1:colcon.colcon_core.package_discovery:discover_packages(ignore) check parameters
[1.066s] Level 1:colcon.colcon_core.package_discovery:discover_packages(path) check parameters
[1.066s] Level 1:colcon.colcon_core.package_discovery:discover_packages(colcon_meta) discover
[1.067s] Level 1:colcon.colcon_core.package_discovery:discover_packages(recursive) discover
[1.067s] INFO:colcon.colcon_core.package_discovery:Crawling recursively for packages in '/home/taylor/Documents/scrb-workspace/scrb-introtask'
[1.067s] Level 1:colcon.colcon_core.package_identification:_identify(.) by extensions ['ignore', 'ignore_ament_install']
[1.068s] Level 1:colcon.colcon_core.package_identification:_identify(.) by extension 'ignore'
[1.068s] Level 1:colcon.colcon_core.package_identification:_identify(.) by extension 'ignore_ament_install'
[1.068s] Level 1:colcon.colcon_core.package_identification:_identify(.) by extensions ['colcon_pkg']
[1.069s] Level 1:colcon.colcon_core.package_identification:_identify(.) by extension 'colcon_pkg'
[1.069s] Level 1:colcon.colcon_core.package_identification:_identify(.) by extensions ['colcon_meta']
[1.069s] Level 1:colcon.colcon_core.package_identification:_identify(.) by extension 'colcon_meta'
[1.069s] Level 1:colcon.colcon_core.package_identification:_identify(.) by extensions ['ros']
[1.069s] Level 1:colcon.colcon_core.package_identification:_identify(.) by extension 'ros'
[1.105s] Level 1:colcon.colcon_core.package_identification:_identify(.) by extensions ['cmake', 'python']
[1.106s] Level 1:colcon.colcon_core.package_identification:_identify(.) by extension 'cmake'
[1.106s] Level 1:colcon.colcon_core.package_identification:_identify(.) by extension 'python'
[1.106s] Level 1:colcon.colcon_core.package_identification:_identify(.) by extensions ['python_setup_py']
[1.106s] Level 1:colcon.colcon_core.package_identification:_identify(.) by extension 'python_setup_py'
[1.107s] Level 1:colcon.colcon_core.package_identification:_identify(build) by extensions ['ignore', 'ignore_ament_install']
[1.108s] Level 1:colcon.colcon_core.package_identification:_identify(build) by extension 'ignore'
[1.108s] Level 1:colcon.colcon_core.package_identification:_identify(build) ignored
[1.108s] Level 1:colcon.colcon_core.package_identification:_identify(install) by extensions ['ignore', 'ignore_ament_install']
[1.109s] Level 1:colcon.colcon_core.package_identification:_identify(install) by extension 'ignore'
[1.110s] Level 1:colcon.colcon_core.package_identification:_identify(install) ignored
[1.110s] Level 1:colcon.colcon_core.package_identification:_identify(intro_py_pkg) by extensions ['ignore', 'ignore_ament_install']
[1.110s] Level 1:colcon.colcon_core.package_identification:_identify(intro_py_pkg) by extension 'ignore'
[1.110s] Level 1:colcon.colcon_core.package_identification:_identify(intro_py_pkg) by extension 'ignore_ament_install'
[1.111s] Level 1:colcon.colcon_core.package_identification:_identify(intro_py_pkg) by extensions ['colcon_pkg']
[1.111s] Level 1:colcon.colcon_core.package_identification:_identify(intro_py_pkg) by extension 'colcon_pkg'
[1.112s] Level 1:colcon.colcon_core.package_identification:_identify(intro_py_pkg) by extensions ['colcon_meta']
[1.112s] Level 1:colcon.colcon_core.package_identification:_identify(intro_py_pkg) by extension 'colcon_meta'
[1.112s] Level 1:colcon.colcon_core.package_identification:_identify(intro_py_pkg) by extensions ['ros']
[1.112s] Level 1:colcon.colcon_core.package_identification:_identify(intro_py_pkg) by extension 'ros'
[1.121s] DEBUG:colcon.colcon_core.package_identification:Package 'intro_py_pkg' with type 'ros.ament_python' and name 'intro_py_pkg'
[1.122s] Level 1:colcon.colcon_core.package_identification:_identify(log) by extensions ['ignore', 'ignore_ament_install']
[1.122s] Level 1:colcon.colcon_core.package_identification:_identify(log) by extension 'ignore'
[1.123s] Level 1:colcon.colcon_core.package_identification:_identify(log) ignored
[1.123s] Level 1:colcon.colcon_core.package_discovery:discover_packages(recursive) using defaults
[1.123s] Level 1:colcon.colcon_core.package_discovery:discover_packages(ignore) discover
[1.123s] Level 1:colcon.colcon_core.package_discovery:discover_packages(ignore) using defaults
[1.124s] Level 1:colcon.colcon_core.package_discovery:discover_packages(path) discover
[1.124s] Level 1:colcon.colcon_core.package_discovery:discover_packages(path) using defaults
[1.170s] Level 1:colcon.colcon_core.package_discovery:discover_packages(prefix_path) check parameters
[1.171s] Level 1:colcon.colcon_core.package_discovery:discover_packages(prefix_path) discover
[1.193s] DEBUG:colcon.colcon_installed_package_information.package_discovery:Found 1 installed packages in /home/taylor/Documents/scrb-workspace/scrb-introtask/install
[1.197s] DEBUG:colcon.colcon_installed_package_information.package_discovery:Found 273 installed packages in /opt/ros/humble
[1.199s] Level 1:colcon.colcon_core.package_discovery:discover_packages(prefix_path) using defaults
[1.324s] Level 5:colcon.colcon_core.verb:set package 'intro_py_pkg' build argument 'cmake_args' from command line to 'None'
[1.324s] Level 5:colcon.colcon_core.verb:set package 'intro_py_pkg' build argument 'cmake_target' from command line to 'None'
[1.324s] Level 5:colcon.colcon_core.verb:set package 'intro_py_pkg' build argument 'cmake_target_skip_unavailable' from command line to 'False'
[1.325s] Level 5:colcon.colcon_core.verb:set package 'intro_py_pkg' build argument 'cmake_clean_cache' from command line to 'False'
[1.325s] Level 5:colcon.colcon_core.verb:set package 'intro_py_pkg' build argument 'cmake_clean_first' from command line to 'False'
[1.325s] Level 5:colcon.colcon_core.verb:set package 'intro_py_pkg' build argument 'cmake_force_configure' from command line to 'False'
[1.325s] Level 5:colcon.colcon_core.verb:set package 'intro_py_pkg' build argument 'ament_cmake_args' from command line to 'None'
[1.325s] Level 5:colcon.colcon_core.verb:set package 'intro_py_pkg' build argument 'catkin_cmake_args' from command line to 'None'
[1.326s] Level 5:colcon.colcon_core.verb:set package 'intro_py_pkg' build argument 'catkin_skip_building_tests' from command line to 'False'
[1.326s] DEBUG:colcon.colcon_core.verb:Building package 'intro_py_pkg' with the following arguments: {'ament_cmake_args': None, 'build_base': '/home/taylor/Documents/scrb-workspace/scrb-introtask/build/intro_py_pkg', 'catkin_cmake_args': None, 'catkin_skip_building_tests': False, 'cmake_args': None, 'cmake_clean_cache': False, 'cmake_clean_first': False, 'cmake_force_configure': False, 'cmake_target': None, 'cmake_target_skip_unavailable': False, 'install_base': '/home/taylor/Documents/scrb-workspace/scrb-introtask/install/intro_py_pkg', 'merge_install': False, 'path': '/home/taylor/Documents/scrb-workspace/scrb-introtask/intro_py_pkg', 'symlink_install': False, 'test_result_base': None}
[1.326s] INFO:colcon.colcon_core.executor:Executing jobs using 'parallel' executor
[1.329s] DEBUG:colcon.colcon_parallel_executor.executor.parallel:run_until_complete
[1.331s] INFO:colcon.colcon_ros.task.ament_python.build:Building ROS package in '/home/taylor/Documents/scrb-workspace/scrb-introtask/intro_py_pkg' with build type 'ament_python'
[1.331s] Level 1:colcon.colcon_core.shell:create_environment_hook('intro_py_pkg', 'ament_prefix_path')
[1.336s] INFO:colcon.colcon_core.plugin_system:Skipping extension 'colcon_core.shell.bat': Not used on non-Windows systems
[1.338s] INFO:colcon.colcon_core.shell:Creating environment hook '/home/taylor/Documents/scrb-workspace/scrb-introtask/install/intro_py_pkg/share/intro_py_pkg/hook/ament_prefix_path.ps1'
[1.340s] INFO:colcon.colcon_core.shell:Creating environment descriptor '/home/taylor/Documents/scrb-workspace/scrb-introtask/install/intro_py_pkg/share/intro_py_pkg/hook/ament_prefix_path.dsv'
[1.342s] INFO:colcon.colcon_core.shell:Creating environment hook '/home/taylor/Documents/scrb-workspace/scrb-introtask/install/intro_py_pkg/share/intro_py_pkg/hook/ament_prefix_path.sh'
[1.344s] INFO:colcon.colcon_core.shell:Skip shell extension 'powershell' for command environment: Not usable outside of PowerShell
[1.344s] DEBUG:colcon.colcon_core.shell:Skip shell extension 'dsv' for command environment
[2.108s] INFO:colcon.colcon_core.task.python.build:Building Python package in '/home/taylor/Documents/scrb-workspace/scrb-introtask/intro_py_pkg'
[2.109s] INFO:colcon.colcon_core.shell:Skip shell extension 'powershell' for command environment: Not usable outside of PowerShell
[2.110s] DEBUG:colcon.colcon_core.shell:Skip shell extension 'dsv' for command environment
[3.034s] DEBUG:colcon.colcon_core.event_handler.log_command:Invoking command in '/home/taylor/Documents/scrb-workspace/scrb-introtask/intro_py_pkg': PYTHONPATH=/home/taylor/Documents/scrb-workspace/scrb-introtask/build/intro_py_pkg/prefix_override:/usr/lib/python3/dist-packages/colcon_core/task/python/colcon_distutils_commands:/home/taylor/Documents/scrb-workspace/scrb-introtask/install/intro_py_pkg/lib/python3.10/site-packages:${PYTHONPATH} /usr/bin/python3 -W ignore:setup.py install is deprecated -W ignore:easy_install command is deprecated setup.py egg_info --egg-base ../build/intro_py_pkg build --build-base /home/taylor/Documents/scrb-workspace/scrb-introtask/build/intro_py_pkg/build install --record /home/taylor/Documents/scrb-workspace/scrb-introtask/build/intro_py_pkg/install.log --single-version-externally-managed install_data
[3.934s] DEBUG:colcon.colcon_core.event_handler.log_command:Invoked command in '/home/taylor/Documents/scrb-workspace/scrb-introtask/intro_py_pkg' returned '0': PYTHONPATH=/home/taylor/Documents/scrb-workspace/scrb-introtask/build/intro_py_pkg/prefix_override:/usr/lib/python3/dist-packages/colcon_core/task/python/colcon_distutils_commands:/home/taylor/Documents/scrb-workspace/scrb-introtask/install/intro_py_pkg/lib/python3.10/site-packages:${PYTHONPATH} /usr/bin/python3 -W ignore:setup.py install is deprecated -W ignore:easy_install command is deprecated setup.py egg_info --egg-base ../build/intro_py_pkg build --build-base /home/taylor/Documents/scrb-workspace/scrb-introtask/build/intro_py_pkg/build install --record /home/taylor/Documents/scrb-workspace/scrb-introtask/build/intro_py_pkg/install.log --single-version-externally-managed install_data
[3.940s] Level 1:colcon.colcon_core.environment:checking '/home/taylor/Documents/scrb-workspace/scrb-introtask/install/intro_py_pkg' for CMake module files
[3.942s] Level 1:colcon.colcon_core.environment:checking '/home/taylor/Documents/scrb-workspace/scrb-introtask/install/intro_py_pkg' for CMake config files
[3.943s] Level 1:colcon.colcon_core.environment:checking '/home/taylor/Documents/scrb-workspace/scrb-introtask/install/intro_py_pkg/lib'
[3.944s] Level 1:colcon.colcon_core.environment:checking '/home/taylor/Documents/scrb-workspace/scrb-introtask/install/intro_py_pkg/bin'
[3.944s] Level 1:colcon.colcon_core.environment:checking '/home/taylor/Documents/scrb-workspace/scrb-introtask/install/intro_py_pkg/lib/pkgconfig/intro_py_pkg.pc'
[3.945s] Level 1:colcon.colcon_core.environment:checking '/home/taylor/Documents/scrb-workspace/scrb-introtask/install/intro_py_pkg/lib/python3.10/site-packages'
[3.945s] Level 1:colcon.colcon_core.shell:create_environment_hook('intro_py_pkg', 'pythonpath')
[3.946s] INFO:colcon.colcon_core.shell:Creating environment hook '/home/taylor/Documents/scrb-workspace/scrb-introtask/install/intro_py_pkg/share/intro_py_pkg/hook/pythonpath.ps1'
[3.947s] INFO:colcon.colcon_core.shell:Creating environment descriptor '/home/taylor/Documents/scrb-workspace/scrb-introtask/install/intro_py_pkg/share/intro_py_pkg/hook/pythonpath.dsv'
[3.949s] INFO:colcon.colcon_core.shell:Creating environment hook '/home/taylor/Documents/scrb-workspace/scrb-introtask/install/intro_py_pkg/share/intro_py_pkg/hook/pythonpath.sh'
[3.950s] Level 1:colcon.colcon_core.environment:checking '/home/taylor/Documents/scrb-workspace/scrb-introtask/install/intro_py_pkg/bin'
[3.951s] Level 1:colcon.colcon_core.environment:create_environment_scripts_only(intro_py_pkg)
[3.952s] INFO:colcon.colcon_core.shell:Creating package script '/home/taylor/Documents/scrb-workspace/scrb-introtask/install/intro_py_pkg/share/intro_py_pkg/package.ps1'
[3.955s] INFO:colcon.colcon_core.shell:Creating package descriptor '/home/taylor/Documents/scrb-workspace/scrb-introtask/install/intro_py_pkg/share/intro_py_pkg/package.dsv'
[3.957s] INFO:colcon.colcon_core.shell:Creating package script '/home/taylor/Documents/scrb-workspace/scrb-introtask/install/intro_py_pkg/share/intro_py_pkg/package.sh'
[3.959s] INFO:colcon.colcon_core.shell:Creating package script '/home/taylor/Documents/scrb-workspace/scrb-introtask/install/intro_py_pkg/share/intro_py_pkg/package.bash'
[3.961s] INFO:colcon.colcon_core.shell:Creating package script '/home/taylor/Documents/scrb-workspace/scrb-introtask/install/intro_py_pkg/share/intro_py_pkg/package.zsh'
[3.964s] Level 1:colcon.colcon_core.environment:create_file_with_runtime_dependencies(/home/taylor/Documents/scrb-workspace/scrb-introtask/install/intro_py_pkg/share/colcon-core/packages/intro_py_pkg)
[3.967s] DEBUG:colcon.colcon_parallel_executor.executor.parallel:closing loop
[3.967s] DEBUG:colcon.colcon_parallel_executor.executor.parallel:loop closed
[3.968s] DEBUG:colcon.colcon_parallel_executor.executor.parallel:run_until_complete finished with '0'
[3.968s] DEBUG:colcon.colcon_core.event_reactor:joining thread
[3.971s] DEBUG:colcon.colcon_core.event_reactor:joined thread
[3.973s] INFO:colcon.colcon_core.shell:Creating prefix script '/home/taylor/Documents/scrb-workspace/scrb-introtask/install/local_setup.ps1'
[3.977s] INFO:colcon.colcon_core.shell:Creating prefix util module '/home/taylor/Documents/scrb-workspace/scrb-introtask/install/_local_setup_util_ps1.py'
[3.981s] INFO:colcon.colcon_core.shell:Creating prefix chain script '/home/taylor/Documents/scrb-workspace/scrb-introtask/install/setup.ps1'
[3.984s] INFO:colcon.colcon_core.shell:Creating prefix script '/home/taylor/Documents/scrb-workspace/scrb-introtask/install/local_setup.sh'
[3.986s] INFO:colcon.colcon_core.shell:Creating prefix util module '/home/taylor/Documents/scrb-workspace/scrb-introtask/install/_local_setup_util_sh.py'
[3.988s] INFO:colcon.colcon_core.shell:Creating prefix chain script '/home/taylor/Documents/scrb-workspace/scrb-introtask/install/setup.sh'
[3.991s] INFO:colcon.colcon_core.shell:Creating prefix script '/home/taylor/Documents/scrb-workspace/scrb-introtask/install/local_setup.bash'
[3.992s] INFO:colcon.colcon_core.shell:Creating prefix chain script '/home/taylor/Documents/scrb-workspace/scrb-introtask/install/setup.bash'
[3.995s] INFO:colcon.colcon_core.shell:Creating prefix script '/home/taylor/Documents/scrb-workspace/scrb-introtask/install/local_setup.zsh'
[3.997s] INFO:colcon.colcon_core.shell:Creating prefix chain script '/home/taylor/Documents/scrb-workspace/scrb-introtask/install/setup.zsh'
