[0.360s] DEBUG:colcon:Command line arguments: ['/usr/bin/colcon', 'build', '--packages-select', 'my_cpp_pkg']
[0.360s] DEBUG:colcon:Parsed command line arguments: Namespace(log_base=None, log_level=None, verb_name='build', build_base='build', install_base='install', merge_install=False, symlink_install=False, test_result_base=None, continue_on_error=False, executor='parallel', parallel_workers=6, event_handlers=None, ignore_user_meta=False, metas=['./colcon.meta'], base_paths=['.'], packages_ignore=None, packages_ignore_regex=None, paths=None, packages_up_to=None, packages_up_to_regex=None, packages_above=None, packages_above_and_dependencies=None, packages_above_depth=None, packages_select_by_dep=None, packages_skip_by_dep=None, packages_skip_up_to=None, packages_select_build_failed=False, packages_skip_build_finished=False, packages_select_test_failures=False, packages_skip_test_passed=False, packages_select=['my_cpp_pkg'], packages_skip=None, packages_select_regex=None, packages_skip_regex=None, packages_start=None, packages_end=None, allow_overriding=[], cmake_args=None, cmake_target=None, cmake_target_skip_unavailable=False, cmake_clean_cache=False, cmake_clean_first=False, cmake_force_configure=False, ament_cmake_args=None, catkin_cmake_args=None, catkin_skip_building_tests=False, mixin_files=None, mixin=None, verb_parser=<colcon_mixin.mixin.mixin_argument.MixinArgumentDecorator object at 0x75f9d5788e20>, verb_extension=<colcon_core.verb.build.BuildVerb object at 0x75f9d5788910>, main=<bound method BuildVerb.main of <colcon_core.verb.build.BuildVerb object at 0x75f9d5788910>>, mixin_verb=('build',))
[0.763s] Level 1:colcon.colcon_core.package_discovery:discover_packages(colcon_meta) check parameters
[0.763s] Level 1:colcon.colcon_core.package_discovery:discover_packages(recursive) check parameters
[0.763s] Level 1:colcon.colcon_core.package_discovery:discover_packages(ignore) check parameters
[0.763s] Level 1:colcon.colcon_core.package_discovery:discover_packages(path) check parameters
[0.763s] Level 1:colcon.colcon_core.package_discovery:discover_packages(colcon_meta) discover
[0.763s] Level 1:colcon.colcon_core.package_discovery:discover_packages(recursive) discover
[0.763s] INFO:colcon.colcon_core.package_discovery:Crawling recursively for packages in '/home/taylor/Documents/robotics-testing-repo/scrb-introtask'
[0.763s] Level 1:colcon.colcon_core.package_identification:_identify(.) by extensions ['ignore', 'ignore_ament_install']
[0.763s] Level 1:colcon.colcon_core.package_identification:_identify(.) by extension 'ignore'
[0.763s] Level 1:colcon.colcon_core.package_identification:_identify(.) by extension 'ignore_ament_install'
[0.764s] Level 1:colcon.colcon_core.package_identification:_identify(.) by extensions ['colcon_pkg']
[0.764s] Level 1:colcon.colcon_core.package_identification:_identify(.) by extension 'colcon_pkg'
[0.764s] Level 1:colcon.colcon_core.package_identification:_identify(.) by extensions ['colcon_meta']
[0.764s] Level 1:colcon.colcon_core.package_identification:_identify(.) by extension 'colcon_meta'
[0.764s] Level 1:colcon.colcon_core.package_identification:_identify(.) by extensions ['ros']
[0.764s] Level 1:colcon.colcon_core.package_identification:_identify(.) by extension 'ros'
[0.782s] Level 1:colcon.colcon_core.package_identification:_identify(.) by extensions ['cmake', 'python']
[0.782s] Level 1:colcon.colcon_core.package_identification:_identify(.) by extension 'cmake'
[0.783s] Level 1:colcon.colcon_core.package_identification:_identify(.) by extension 'python'
[0.783s] Level 1:colcon.colcon_core.package_identification:_identify(.) by extensions ['python_setup_py']
[0.783s] Level 1:colcon.colcon_core.package_identification:_identify(.) by extension 'python_setup_py'
[0.783s] Level 1:colcon.colcon_core.package_identification:_identify(build) by extensions ['ignore', 'ignore_ament_install']
[0.783s] Level 1:colcon.colcon_core.package_identification:_identify(build) by extension 'ignore'
[0.783s] Level 1:colcon.colcon_core.package_identification:_identify(build) ignored
[0.783s] Level 1:colcon.colcon_core.package_identification:_identify(install) by extensions ['ignore', 'ignore_ament_install']
[0.783s] Level 1:colcon.colcon_core.package_identification:_identify(install) by extension 'ignore'
[0.784s] Level 1:colcon.colcon_core.package_identification:_identify(install) ignored
[0.784s] Level 1:colcon.colcon_core.package_identification:_identify(intro_py_pkg) by extensions ['ignore', 'ignore_ament_install']
[0.784s] Level 1:colcon.colcon_core.package_identification:_identify(intro_py_pkg) by extension 'ignore'
[0.784s] Level 1:colcon.colcon_core.package_identification:_identify(intro_py_pkg) by extension 'ignore_ament_install'
[0.784s] Level 1:colcon.colcon_core.package_identification:_identify(intro_py_pkg) by extensions ['colcon_pkg']
[0.784s] Level 1:colcon.colcon_core.package_identification:_identify(intro_py_pkg) by extension 'colcon_pkg'
[0.784s] Level 1:colcon.colcon_core.package_identification:_identify(intro_py_pkg) by extensions ['colcon_meta']
[0.784s] Level 1:colcon.colcon_core.package_identification:_identify(intro_py_pkg) by extension 'colcon_meta'
[0.784s] Level 1:colcon.colcon_core.package_identification:_identify(intro_py_pkg) by extensions ['ros']
[0.784s] Level 1:colcon.colcon_core.package_identification:_identify(intro_py_pkg) by extension 'ros'
[0.788s] DEBUG:colcon.colcon_core.package_identification:Package 'intro_py_pkg' with type 'ros.ament_python' and name 'intro_py_pkg'
[0.788s] Level 1:colcon.colcon_core.package_identification:_identify(log) by extensions ['ignore', 'ignore_ament_install']
[0.788s] Level 1:colcon.colcon_core.package_identification:_identify(log) by extension 'ignore'
[0.788s] Level 1:colcon.colcon_core.package_identification:_identify(log) ignored
[0.789s] Level 1:colcon.colcon_core.package_identification:_identify(my_cpp_pkg) by extensions ['ignore', 'ignore_ament_install']
[0.789s] Level 1:colcon.colcon_core.package_identification:_identify(my_cpp_pkg) by extension 'ignore'
[0.789s] Level 1:colcon.colcon_core.package_identification:_identify(my_cpp_pkg) by extension 'ignore_ament_install'
[0.789s] Level 1:colcon.colcon_core.package_identification:_identify(my_cpp_pkg) by extensions ['colcon_pkg']
[0.789s] Level 1:colcon.colcon_core.package_identification:_identify(my_cpp_pkg) by extension 'colcon_pkg'
[0.789s] Level 1:colcon.colcon_core.package_identification:_identify(my_cpp_pkg) by extensions ['colcon_meta']
[0.789s] Level 1:colcon.colcon_core.package_identification:_identify(my_cpp_pkg) by extension 'colcon_meta'
[0.789s] Level 1:colcon.colcon_core.package_identification:_identify(my_cpp_pkg) by extensions ['ros']
[0.789s] Level 1:colcon.colcon_core.package_identification:_identify(my_cpp_pkg) by extension 'ros'
[0.791s] DEBUG:colcon.colcon_core.package_identification:Package 'my_cpp_pkg' with type 'ros.ament_cmake' and name 'my_cpp_pkg'
[0.792s] Level 1:colcon.colcon_core.package_discovery:discover_packages(recursive) using defaults
[0.792s] Level 1:colcon.colcon_core.package_discovery:discover_packages(ignore) discover
[0.792s] Level 1:colcon.colcon_core.package_discovery:discover_packages(ignore) using defaults
[0.792s] Level 1:colcon.colcon_core.package_discovery:discover_packages(path) discover
[0.792s] Level 1:colcon.colcon_core.package_discovery:discover_packages(path) using defaults
[0.859s] INFO:colcon.colcon_core.package_selection:Skipping not selected package 'intro_py_pkg' in 'intro_py_pkg'
[0.860s] Level 1:colcon.colcon_core.package_discovery:discover_packages(prefix_path) check parameters
[0.860s] Level 1:colcon.colcon_core.package_discovery:discover_packages(prefix_path) discover
[0.882s] DEBUG:colcon.colcon_installed_package_information.package_discovery:Found 2 installed packages in /home/taylor/Documents/robotics-testing-repo/scrb-introtask/install
[0.897s] DEBUG:colcon.colcon_installed_package_information.package_discovery:Found 348 installed packages in /home/taylor/ros2_humble/install
[0.900s] Level 1:colcon.colcon_core.package_discovery:discover_packages(prefix_path) using defaults
[0.945s] Level 5:colcon.colcon_core.verb:set package 'my_cpp_pkg' build argument 'cmake_args' from command line to 'None'
[0.946s] Level 5:colcon.colcon_core.verb:set package 'my_cpp_pkg' build argument 'cmake_target' from command line to 'None'
[0.946s] Level 5:colcon.colcon_core.verb:set package 'my_cpp_pkg' build argument 'cmake_target_skip_unavailable' from command line to 'False'
[0.946s] Level 5:colcon.colcon_core.verb:set package 'my_cpp_pkg' build argument 'cmake_clean_cache' from command line to 'False'
[0.946s] Level 5:colcon.colcon_core.verb:set package 'my_cpp_pkg' build argument 'cmake_clean_first' from command line to 'False'
[0.946s] Level 5:colcon.colcon_core.verb:set package 'my_cpp_pkg' build argument 'cmake_force_configure' from command line to 'False'
[0.946s] Level 5:colcon.colcon_core.verb:set package 'my_cpp_pkg' build argument 'ament_cmake_args' from command line to 'None'
[0.946s] Level 5:colcon.colcon_core.verb:set package 'my_cpp_pkg' build argument 'catkin_cmake_args' from command line to 'None'
[0.946s] Level 5:colcon.colcon_core.verb:set package 'my_cpp_pkg' build argument 'catkin_skip_building_tests' from command line to 'False'
[0.946s] DEBUG:colcon.colcon_core.verb:Building package 'my_cpp_pkg' with the following arguments: {'ament_cmake_args': None, 'build_base': '/home/taylor/Documents/robotics-testing-repo/scrb-introtask/build/my_cpp_pkg', 'catkin_cmake_args': None, 'catkin_skip_building_tests': False, 'cmake_args': None, 'cmake_clean_cache': False, 'cmake_clean_first': False, 'cmake_force_configure': False, 'cmake_target': None, 'cmake_target_skip_unavailable': False, 'install_base': '/home/taylor/Documents/robotics-testing-repo/scrb-introtask/install/my_cpp_pkg', 'merge_install': False, 'path': '/home/taylor/Documents/robotics-testing-repo/scrb-introtask/my_cpp_pkg', 'symlink_install': False, 'test_result_base': None}
[0.946s] INFO:colcon.colcon_core.executor:Executing jobs using 'parallel' executor
[0.948s] DEBUG:colcon.colcon_parallel_executor.executor.parallel:run_until_complete
[0.949s] INFO:colcon.colcon_ros.task.ament_cmake.build:Building ROS package in '/home/taylor/Documents/robotics-testing-repo/scrb-introtask/my_cpp_pkg' with build type 'ament_cmake'
[0.949s] INFO:colcon.colcon_cmake.task.cmake.build:Building CMake package in '/home/taylor/Documents/robotics-testing-repo/scrb-introtask/my_cpp_pkg'
[0.959s] INFO:colcon.colcon_core.plugin_system:Skipping extension 'colcon_core.shell.bat': Not used on non-Windows systems
[0.959s] INFO:colcon.colcon_core.shell:Skip shell extension 'powershell' for command environment: Not usable outside of PowerShell
[0.959s] DEBUG:colcon.colcon_core.shell:Skip shell extension 'dsv' for command environment
[1.028s] DEBUG:colcon.colcon_core.event_handler.log_command:Invoking command in '/home/taylor/Documents/robotics-testing-repo/scrb-introtask/build/my_cpp_pkg': CMAKE_PREFIX_PATH=${CMAKE_PREFIX_PATH}:/home/taylor/Documents/robotics-testing-repo/scrb-introtask/install/intro_py_pkg:/home/taylor/ros2_humble/install/rqt_bag_plugins:/home/taylor/ros2_humble/install/rqt_bag:/home/taylor/ros2_humble/install/launch_testing_examples:/home/taylor/ros2_humble/install/ros2bag:/home/taylor/ros2_humble/install/tracetools_test:/home/taylor/ros2_humble/install/tracetools_launch:/home/taylor/ros2_humble/install/topic_monitor:/home/taylor/ros2_humble/install/tf2_tools:/home/taylor/ros2_humble/install/examples_tf2_py:/home/taylor/ros2_humble/install/tf2_ros_py:/home/taylor/ros2_humble/install/sros2:/home/taylor/ros2_humble/install/rqt_topic:/home/taylor/ros2_humble/install/rqt_srv:/home/taylor/ros2_humble/install/rqt_shell:/home/taylor/ros2_humble/install/rqt_service_caller:/home/taylor/ros2_humble/install/rqt_reconfigure:/home/taylor/ros2_humble/install/rqt_py_console:/home/taylor/ros2_humble/install/rqt_publisher:/home/taylor/ros2_humble/install/rqt_plot:/home/taylor/ros2_humble/install/rqt_action:/home/taylor/ros2_humble/install/rqt_msg:/home/taylor/ros2_humble/install/rqt_console:/home/taylor/ros2_humble/install/rqt:/home/taylor/ros2_humble/install/rqt_graph:/home/taylor/ros2_humble/install/rqt_gui_py:/home/taylor/ros2_humble/install/rqt_gui:/home/taylor/ros2_humble/install/ros2trace:/home/taylor/ros2_humble/install/ros2topic:/home/taylor/ros2_humble/install/ros2test:/home/taylor/ros2_humble/install/ros2component:/home/taylor/ros2_humble/install/ros2param:/home/taylor/ros2_humble/install/ros2lifecycle:/home/taylor/ros2_humble/install/ros2service:/home/taylor/ros2_humble/install/ros2run:/home/taylor/ros2_humble/install/ros2plugin:/home/taylor/ros2_humble/install/ros2launch:/home/taylor/ros2_humble/install/ros2pkg:/home/taylor/ros2_humble/install/ros2node:/home/taylor/ros2_humble/install/ros2multicast:/home/taylor/ros2_humble/install/ros2interface:/home/taylor/ros2_humble/install/ros2doctor:/home/taylor/ros2_humble/install/ros2action:/home/taylor/ros2_humble/install/ros2cli:/home/taylor/ros2_humble/install/quality_of_service_demo_py:/home/taylor/ros2_humble/install/lifecycle_py:/home/taylor/ros2_humble/install/launch_testing_ros:/home/taylor/ros2_humble/install/launch_ros:/home/taylor/ros2_humble/install/examples_rclpy_pointcloud_publisher:/home/taylor/ros2_humble/install/examples_rclpy_minimal_subscriber:/home/taylor/ros2_humble/install/examples_rclpy_minimal_service:/home/taylor/ros2_humble/install/examples_rclpy_minimal_publisher:/home/taylor/ros2_humble/install/examples_rclpy_minimal_client:/home/taylor/ros2_humble/install/examples_rclpy_minimal_action_server:/home/taylor/ros2_humble/install/examples_rclpy_minimal_action_client:/home/taylor/ros2_humble/install/examples_rclpy_guard_conditions:/home/taylor/ros2_humble/install/examples_rclpy_executors:/home/taylor/ros2_humble/install/demo_nodes_py:/home/taylor/ros2_humble/install/camera_info_manager_py:/home/taylor/ros2_humble/install/action_tutorials_py:/home/taylor/ros2_humble/install/ament_uncrustify:/home/taylor/ros2_humble/install/tracetools_trace:/home/taylor/ros2_humble/install/tracetools_read:/home/taylor/ros2_humble/install/test_tracetools_launch:/home/taylor/ros2_humble/install/test_launch_ros:/home/taylor/ros2_humble/install/sensor_msgs_py:/home/taylor/ros2_humble/install/rpyutils:/home/taylor/ros2_humble/install/rosidl_runtime_py:/home/taylor/ros2_humble/install/rosidl_cli:/home/taylor/ros2_humble/install/launch_pytest:/home/taylor/ros2_humble/install/launch_testing:/home/taylor/ros2_humble/install/launch_yaml:/home/taylor/ros2_humble/install/launch_xml:/home/taylor/ros2_humble/install/launch:/home/taylor/ros2_humble/install/osrf_pycommon:/home/taylor/ros2_humble/install/domain_coordinator:/home/taylor/ros2_humble/install/ament_xmllint:/home/taylor/ros2_humble/install/ament_pyflakes:/home/taylor/ros2_humble/install/ament_pycodestyle:/home/taylor/ros2_humble/install/ament_pep257:/home/taylor/ros2_humble/install/ament_pclint:/home/taylor/ros2_humble/install/ament_package:/home/taylor/ros2_humble/install/ament_mypy:/home/taylor/ros2_humble/install/ament_lint_cmake:/home/taylor/ros2_humble/install/ament_flake8:/home/taylor/ros2_humble/install/ament_copyright:/home/taylor/ros2_humble/install/ament_lint:/home/taylor/ros2_humble/install/ament_index_python:/home/taylor/ros2_humble/install/ament_cpplint:/home/taylor/ros2_humble/install/ament_cppcheck:/home/taylor/ros2_humble/install/ament_clang_tidy:/home/taylor/ros2_humble/install/ament_clang_format /usr/bin/cmake --build /home/taylor/Documents/robotics-testing-repo/scrb-introtask/build/my_cpp_pkg -- -j6 -l6
[7.892s] DEBUG:colcon.colcon_core.event_handler.log_command:Invoked command in '/home/taylor/Documents/robotics-testing-repo/scrb-introtask/build/my_cpp_pkg' returned '0': CMAKE_PREFIX_PATH=${CMAKE_PREFIX_PATH}:/home/taylor/Documents/robotics-testing-repo/scrb-introtask/install/intro_py_pkg:/home/taylor/ros2_humble/install/rqt_bag_plugins:/home/taylor/ros2_humble/install/rqt_bag:/home/taylor/ros2_humble/install/launch_testing_examples:/home/taylor/ros2_humble/install/ros2bag:/home/taylor/ros2_humble/install/tracetools_test:/home/taylor/ros2_humble/install/tracetools_launch:/home/taylor/ros2_humble/install/topic_monitor:/home/taylor/ros2_humble/install/tf2_tools:/home/taylor/ros2_humble/install/examples_tf2_py:/home/taylor/ros2_humble/install/tf2_ros_py:/home/taylor/ros2_humble/install/sros2:/home/taylor/ros2_humble/install/rqt_topic:/home/taylor/ros2_humble/install/rqt_srv:/home/taylor/ros2_humble/install/rqt_shell:/home/taylor/ros2_humble/install/rqt_service_caller:/home/taylor/ros2_humble/install/rqt_reconfigure:/home/taylor/ros2_humble/install/rqt_py_console:/home/taylor/ros2_humble/install/rqt_publisher:/home/taylor/ros2_humble/install/rqt_plot:/home/taylor/ros2_humble/install/rqt_action:/home/taylor/ros2_humble/install/rqt_msg:/home/taylor/ros2_humble/install/rqt_console:/home/taylor/ros2_humble/install/rqt:/home/taylor/ros2_humble/install/rqt_graph:/home/taylor/ros2_humble/install/rqt_gui_py:/home/taylor/ros2_humble/install/rqt_gui:/home/taylor/ros2_humble/install/ros2trace:/home/taylor/ros2_humble/install/ros2topic:/home/taylor/ros2_humble/install/ros2test:/home/taylor/ros2_humble/install/ros2component:/home/taylor/ros2_humble/install/ros2param:/home/taylor/ros2_humble/install/ros2lifecycle:/home/taylor/ros2_humble/install/ros2service:/home/taylor/ros2_humble/install/ros2run:/home/taylor/ros2_humble/install/ros2plugin:/home/taylor/ros2_humble/install/ros2launch:/home/taylor/ros2_humble/install/ros2pkg:/home/taylor/ros2_humble/install/ros2node:/home/taylor/ros2_humble/install/ros2multicast:/home/taylor/ros2_humble/install/ros2interface:/home/taylor/ros2_humble/install/ros2doctor:/home/taylor/ros2_humble/install/ros2action:/home/taylor/ros2_humble/install/ros2cli:/home/taylor/ros2_humble/install/quality_of_service_demo_py:/home/taylor/ros2_humble/install/lifecycle_py:/home/taylor/ros2_humble/install/launch_testing_ros:/home/taylor/ros2_humble/install/launch_ros:/home/taylor/ros2_humble/install/examples_rclpy_pointcloud_publisher:/home/taylor/ros2_humble/install/examples_rclpy_minimal_subscriber:/home/taylor/ros2_humble/install/examples_rclpy_minimal_service:/home/taylor/ros2_humble/install/examples_rclpy_minimal_publisher:/home/taylor/ros2_humble/install/examples_rclpy_minimal_client:/home/taylor/ros2_humble/install/examples_rclpy_minimal_action_server:/home/taylor/ros2_humble/install/examples_rclpy_minimal_action_client:/home/taylor/ros2_humble/install/examples_rclpy_guard_conditions:/home/taylor/ros2_humble/install/examples_rclpy_executors:/home/taylor/ros2_humble/install/demo_nodes_py:/home/taylor/ros2_humble/install/camera_info_manager_py:/home/taylor/ros2_humble/install/action_tutorials_py:/home/taylor/ros2_humble/install/ament_uncrustify:/home/taylor/ros2_humble/install/tracetools_trace:/home/taylor/ros2_humble/install/tracetools_read:/home/taylor/ros2_humble/install/test_tracetools_launch:/home/taylor/ros2_humble/install/test_launch_ros:/home/taylor/ros2_humble/install/sensor_msgs_py:/home/taylor/ros2_humble/install/rpyutils:/home/taylor/ros2_humble/install/rosidl_runtime_py:/home/taylor/ros2_humble/install/rosidl_cli:/home/taylor/ros2_humble/install/launch_pytest:/home/taylor/ros2_humble/install/launch_testing:/home/taylor/ros2_humble/install/launch_yaml:/home/taylor/ros2_humble/install/launch_xml:/home/taylor/ros2_humble/install/launch:/home/taylor/ros2_humble/install/osrf_pycommon:/home/taylor/ros2_humble/install/domain_coordinator:/home/taylor/ros2_humble/install/ament_xmllint:/home/taylor/ros2_humble/install/ament_pyflakes:/home/taylor/ros2_humble/install/ament_pycodestyle:/home/taylor/ros2_humble/install/ament_pep257:/home/taylor/ros2_humble/install/ament_pclint:/home/taylor/ros2_humble/install/ament_package:/home/taylor/ros2_humble/install/ament_mypy:/home/taylor/ros2_humble/install/ament_lint_cmake:/home/taylor/ros2_humble/install/ament_flake8:/home/taylor/ros2_humble/install/ament_copyright:/home/taylor/ros2_humble/install/ament_lint:/home/taylor/ros2_humble/install/ament_index_python:/home/taylor/ros2_humble/install/ament_cpplint:/home/taylor/ros2_humble/install/ament_cppcheck:/home/taylor/ros2_humble/install/ament_clang_tidy:/home/taylor/ros2_humble/install/ament_clang_format /usr/bin/cmake --build /home/taylor/Documents/robotics-testing-repo/scrb-introtask/build/my_cpp_pkg -- -j6 -l6
[7.930s] DEBUG:colcon.colcon_core.event_handler.log_command:Invoking command in '/home/taylor/Documents/robotics-testing-repo/scrb-introtask/build/my_cpp_pkg': CMAKE_PREFIX_PATH=${CMAKE_PREFIX_PATH}:/home/taylor/Documents/robotics-testing-repo/scrb-introtask/install/intro_py_pkg:/home/taylor/ros2_humble/install/rqt_bag_plugins:/home/taylor/ros2_humble/install/rqt_bag:/home/taylor/ros2_humble/install/launch_testing_examples:/home/taylor/ros2_humble/install/ros2bag:/home/taylor/ros2_humble/install/tracetools_test:/home/taylor/ros2_humble/install/tracetools_launch:/home/taylor/ros2_humble/install/topic_monitor:/home/taylor/ros2_humble/install/tf2_tools:/home/taylor/ros2_humble/install/examples_tf2_py:/home/taylor/ros2_humble/install/tf2_ros_py:/home/taylor/ros2_humble/install/sros2:/home/taylor/ros2_humble/install/rqt_topic:/home/taylor/ros2_humble/install/rqt_srv:/home/taylor/ros2_humble/install/rqt_shell:/home/taylor/ros2_humble/install/rqt_service_caller:/home/taylor/ros2_humble/install/rqt_reconfigure:/home/taylor/ros2_humble/install/rqt_py_console:/home/taylor/ros2_humble/install/rqt_publisher:/home/taylor/ros2_humble/install/rqt_plot:/home/taylor/ros2_humble/install/rqt_action:/home/taylor/ros2_humble/install/rqt_msg:/home/taylor/ros2_humble/install/rqt_console:/home/taylor/ros2_humble/install/rqt:/home/taylor/ros2_humble/install/rqt_graph:/home/taylor/ros2_humble/install/rqt_gui_py:/home/taylor/ros2_humble/install/rqt_gui:/home/taylor/ros2_humble/install/ros2trace:/home/taylor/ros2_humble/install/ros2topic:/home/taylor/ros2_humble/install/ros2test:/home/taylor/ros2_humble/install/ros2component:/home/taylor/ros2_humble/install/ros2param:/home/taylor/ros2_humble/install/ros2lifecycle:/home/taylor/ros2_humble/install/ros2service:/home/taylor/ros2_humble/install/ros2run:/home/taylor/ros2_humble/install/ros2plugin:/home/taylor/ros2_humble/install/ros2launch:/home/taylor/ros2_humble/install/ros2pkg:/home/taylor/ros2_humble/install/ros2node:/home/taylor/ros2_humble/install/ros2multicast:/home/taylor/ros2_humble/install/ros2interface:/home/taylor/ros2_humble/install/ros2doctor:/home/taylor/ros2_humble/install/ros2action:/home/taylor/ros2_humble/install/ros2cli:/home/taylor/ros2_humble/install/quality_of_service_demo_py:/home/taylor/ros2_humble/install/lifecycle_py:/home/taylor/ros2_humble/install/launch_testing_ros:/home/taylor/ros2_humble/install/launch_ros:/home/taylor/ros2_humble/install/examples_rclpy_pointcloud_publisher:/home/taylor/ros2_humble/install/examples_rclpy_minimal_subscriber:/home/taylor/ros2_humble/install/examples_rclpy_minimal_service:/home/taylor/ros2_humble/install/examples_rclpy_minimal_publisher:/home/taylor/ros2_humble/install/examples_rclpy_minimal_client:/home/taylor/ros2_humble/install/examples_rclpy_minimal_action_server:/home/taylor/ros2_humble/install/examples_rclpy_minimal_action_client:/home/taylor/ros2_humble/install/examples_rclpy_guard_conditions:/home/taylor/ros2_humble/install/examples_rclpy_executors:/home/taylor/ros2_humble/install/demo_nodes_py:/home/taylor/ros2_humble/install/camera_info_manager_py:/home/taylor/ros2_humble/install/action_tutorials_py:/home/taylor/ros2_humble/install/ament_uncrustify:/home/taylor/ros2_humble/install/tracetools_trace:/home/taylor/ros2_humble/install/tracetools_read:/home/taylor/ros2_humble/install/test_tracetools_launch:/home/taylor/ros2_humble/install/test_launch_ros:/home/taylor/ros2_humble/install/sensor_msgs_py:/home/taylor/ros2_humble/install/rpyutils:/home/taylor/ros2_humble/install/rosidl_runtime_py:/home/taylor/ros2_humble/install/rosidl_cli:/home/taylor/ros2_humble/install/launch_pytest:/home/taylor/ros2_humble/install/launch_testing:/home/taylor/ros2_humble/install/launch_yaml:/home/taylor/ros2_humble/install/launch_xml:/home/taylor/ros2_humble/install/launch:/home/taylor/ros2_humble/install/osrf_pycommon:/home/taylor/ros2_humble/install/domain_coordinator:/home/taylor/ros2_humble/install/ament_xmllint:/home/taylor/ros2_humble/install/ament_pyflakes:/home/taylor/ros2_humble/install/ament_pycodestyle:/home/taylor/ros2_humble/install/ament_pep257:/home/taylor/ros2_humble/install/ament_pclint:/home/taylor/ros2_humble/install/ament_package:/home/taylor/ros2_humble/install/ament_mypy:/home/taylor/ros2_humble/install/ament_lint_cmake:/home/taylor/ros2_humble/install/ament_flake8:/home/taylor/ros2_humble/install/ament_copyright:/home/taylor/ros2_humble/install/ament_lint:/home/taylor/ros2_humble/install/ament_index_python:/home/taylor/ros2_humble/install/ament_cpplint:/home/taylor/ros2_humble/install/ament_cppcheck:/home/taylor/ros2_humble/install/ament_clang_tidy:/home/taylor/ros2_humble/install/ament_clang_format /usr/bin/cmake --install /home/taylor/Documents/robotics-testing-repo/scrb-introtask/build/my_cpp_pkg
[7.971s] Level 1:colcon.colcon_core.environment:create_environment_scripts_only(my_cpp_pkg)
[7.972s] DEBUG:colcon.colcon_core.event_handler.log_command:Invoked command in '/home/taylor/Documents/robotics-testing-repo/scrb-introtask/build/my_cpp_pkg' returned '0': CMAKE_PREFIX_PATH=${CMAKE_PREFIX_PATH}:/home/taylor/Documents/robotics-testing-repo/scrb-introtask/install/intro_py_pkg:/home/taylor/ros2_humble/install/rqt_bag_plugins:/home/taylor/ros2_humble/install/rqt_bag:/home/taylor/ros2_humble/install/launch_testing_examples:/home/taylor/ros2_humble/install/ros2bag:/home/taylor/ros2_humble/install/tracetools_test:/home/taylor/ros2_humble/install/tracetools_launch:/home/taylor/ros2_humble/install/topic_monitor:/home/taylor/ros2_humble/install/tf2_tools:/home/taylor/ros2_humble/install/examples_tf2_py:/home/taylor/ros2_humble/install/tf2_ros_py:/home/taylor/ros2_humble/install/sros2:/home/taylor/ros2_humble/install/rqt_topic:/home/taylor/ros2_humble/install/rqt_srv:/home/taylor/ros2_humble/install/rqt_shell:/home/taylor/ros2_humble/install/rqt_service_caller:/home/taylor/ros2_humble/install/rqt_reconfigure:/home/taylor/ros2_humble/install/rqt_py_console:/home/taylor/ros2_humble/install/rqt_publisher:/home/taylor/ros2_humble/install/rqt_plot:/home/taylor/ros2_humble/install/rqt_action:/home/taylor/ros2_humble/install/rqt_msg:/home/taylor/ros2_humble/install/rqt_console:/home/taylor/ros2_humble/install/rqt:/home/taylor/ros2_humble/install/rqt_graph:/home/taylor/ros2_humble/install/rqt_gui_py:/home/taylor/ros2_humble/install/rqt_gui:/home/taylor/ros2_humble/install/ros2trace:/home/taylor/ros2_humble/install/ros2topic:/home/taylor/ros2_humble/install/ros2test:/home/taylor/ros2_humble/install/ros2component:/home/taylor/ros2_humble/install/ros2param:/home/taylor/ros2_humble/install/ros2lifecycle:/home/taylor/ros2_humble/install/ros2service:/home/taylor/ros2_humble/install/ros2run:/home/taylor/ros2_humble/install/ros2plugin:/home/taylor/ros2_humble/install/ros2launch:/home/taylor/ros2_humble/install/ros2pkg:/home/taylor/ros2_humble/install/ros2node:/home/taylor/ros2_humble/install/ros2multicast:/home/taylor/ros2_humble/install/ros2interface:/home/taylor/ros2_humble/install/ros2doctor:/home/taylor/ros2_humble/install/ros2action:/home/taylor/ros2_humble/install/ros2cli:/home/taylor/ros2_humble/install/quality_of_service_demo_py:/home/taylor/ros2_humble/install/lifecycle_py:/home/taylor/ros2_humble/install/launch_testing_ros:/home/taylor/ros2_humble/install/launch_ros:/home/taylor/ros2_humble/install/examples_rclpy_pointcloud_publisher:/home/taylor/ros2_humble/install/examples_rclpy_minimal_subscriber:/home/taylor/ros2_humble/install/examples_rclpy_minimal_service:/home/taylor/ros2_humble/install/examples_rclpy_minimal_publisher:/home/taylor/ros2_humble/install/examples_rclpy_minimal_client:/home/taylor/ros2_humble/install/examples_rclpy_minimal_action_server:/home/taylor/ros2_humble/install/examples_rclpy_minimal_action_client:/home/taylor/ros2_humble/install/examples_rclpy_guard_conditions:/home/taylor/ros2_humble/install/examples_rclpy_executors:/home/taylor/ros2_humble/install/demo_nodes_py:/home/taylor/ros2_humble/install/camera_info_manager_py:/home/taylor/ros2_humble/install/action_tutorials_py:/home/taylor/ros2_humble/install/ament_uncrustify:/home/taylor/ros2_humble/install/tracetools_trace:/home/taylor/ros2_humble/install/tracetools_read:/home/taylor/ros2_humble/install/test_tracetools_launch:/home/taylor/ros2_humble/install/test_launch_ros:/home/taylor/ros2_humble/install/sensor_msgs_py:/home/taylor/ros2_humble/install/rpyutils:/home/taylor/ros2_humble/install/rosidl_runtime_py:/home/taylor/ros2_humble/install/rosidl_cli:/home/taylor/ros2_humble/install/launch_pytest:/home/taylor/ros2_humble/install/launch_testing:/home/taylor/ros2_humble/install/launch_yaml:/home/taylor/ros2_humble/install/launch_xml:/home/taylor/ros2_humble/install/launch:/home/taylor/ros2_humble/install/osrf_pycommon:/home/taylor/ros2_humble/install/domain_coordinator:/home/taylor/ros2_humble/install/ament_xmllint:/home/taylor/ros2_humble/install/ament_pyflakes:/home/taylor/ros2_humble/install/ament_pycodestyle:/home/taylor/ros2_humble/install/ament_pep257:/home/taylor/ros2_humble/install/ament_pclint:/home/taylor/ros2_humble/install/ament_package:/home/taylor/ros2_humble/install/ament_mypy:/home/taylor/ros2_humble/install/ament_lint_cmake:/home/taylor/ros2_humble/install/ament_flake8:/home/taylor/ros2_humble/install/ament_copyright:/home/taylor/ros2_humble/install/ament_lint:/home/taylor/ros2_humble/install/ament_index_python:/home/taylor/ros2_humble/install/ament_cpplint:/home/taylor/ros2_humble/install/ament_cppcheck:/home/taylor/ros2_humble/install/ament_clang_tidy:/home/taylor/ros2_humble/install/ament_clang_format /usr/bin/cmake --install /home/taylor/Documents/robotics-testing-repo/scrb-introtask/build/my_cpp_pkg
[7.981s] Level 1:colcon.colcon_core.environment:checking '/home/taylor/Documents/robotics-testing-repo/scrb-introtask/install/my_cpp_pkg' for CMake module files
[7.982s] Level 1:colcon.colcon_core.environment:checking '/home/taylor/Documents/robotics-testing-repo/scrb-introtask/install/my_cpp_pkg' for CMake config files
[7.982s] Level 1:colcon.colcon_core.shell:create_environment_hook('my_cpp_pkg', 'cmake_prefix_path')
[7.983s] INFO:colcon.colcon_core.shell:Creating environment hook '/home/taylor/Documents/robotics-testing-repo/scrb-introtask/install/my_cpp_pkg/share/my_cpp_pkg/hook/cmake_prefix_path.ps1'
[7.984s] INFO:colcon.colcon_core.shell:Creating environment descriptor '/home/taylor/Documents/robotics-testing-repo/scrb-introtask/install/my_cpp_pkg/share/my_cpp_pkg/hook/cmake_prefix_path.dsv'
[7.985s] INFO:colcon.colcon_core.shell:Creating environment hook '/home/taylor/Documents/robotics-testing-repo/scrb-introtask/install/my_cpp_pkg/share/my_cpp_pkg/hook/cmake_prefix_path.sh'
[7.986s] Level 1:colcon.colcon_core.environment:checking '/home/taylor/Documents/robotics-testing-repo/scrb-introtask/install/my_cpp_pkg/lib'
[7.987s] Level 1:colcon.colcon_core.environment:checking '/home/taylor/Documents/robotics-testing-repo/scrb-introtask/install/my_cpp_pkg/bin'
[7.987s] Level 1:colcon.colcon_core.environment:checking '/home/taylor/Documents/robotics-testing-repo/scrb-introtask/install/my_cpp_pkg/lib/pkgconfig/my_cpp_pkg.pc'
[7.992s] Level 1:colcon.colcon_core.environment:checking '/home/taylor/Documents/robotics-testing-repo/scrb-introtask/install/my_cpp_pkg/lib/python3.10/site-packages'
[7.992s] Level 1:colcon.colcon_core.environment:checking '/home/taylor/Documents/robotics-testing-repo/scrb-introtask/install/my_cpp_pkg/bin'
[7.993s] INFO:colcon.colcon_core.shell:Creating package script '/home/taylor/Documents/robotics-testing-repo/scrb-introtask/install/my_cpp_pkg/share/my_cpp_pkg/package.ps1'
[7.995s] INFO:colcon.colcon_core.shell:Creating package descriptor '/home/taylor/Documents/robotics-testing-repo/scrb-introtask/install/my_cpp_pkg/share/my_cpp_pkg/package.dsv'
[7.996s] INFO:colcon.colcon_core.shell:Creating package script '/home/taylor/Documents/robotics-testing-repo/scrb-introtask/install/my_cpp_pkg/share/my_cpp_pkg/package.sh'
[7.997s] INFO:colcon.colcon_core.shell:Creating package script '/home/taylor/Documents/robotics-testing-repo/scrb-introtask/install/my_cpp_pkg/share/my_cpp_pkg/package.bash'
[7.998s] INFO:colcon.colcon_core.shell:Creating package script '/home/taylor/Documents/robotics-testing-repo/scrb-introtask/install/my_cpp_pkg/share/my_cpp_pkg/package.zsh'
[8.000s] Level 1:colcon.colcon_core.environment:create_file_with_runtime_dependencies(/home/taylor/Documents/robotics-testing-repo/scrb-introtask/install/my_cpp_pkg/share/colcon-core/packages/my_cpp_pkg)
[8.001s] Level 1:colcon.colcon_core.environment:create_environment_scripts_only(my_cpp_pkg)
[8.002s] Level 1:colcon.colcon_core.environment:checking '/home/taylor/Documents/robotics-testing-repo/scrb-introtask/install/my_cpp_pkg' for CMake module files
[8.003s] Level 1:colcon.colcon_core.environment:checking '/home/taylor/Documents/robotics-testing-repo/scrb-introtask/install/my_cpp_pkg' for CMake config files
[8.004s] Level 1:colcon.colcon_core.shell:create_environment_hook('my_cpp_pkg', 'cmake_prefix_path')
[8.004s] INFO:colcon.colcon_core.shell:Creating environment hook '/home/taylor/Documents/robotics-testing-repo/scrb-introtask/install/my_cpp_pkg/share/my_cpp_pkg/hook/cmake_prefix_path.ps1'
[8.005s] INFO:colcon.colcon_core.shell:Creating environment descriptor '/home/taylor/Documents/robotics-testing-repo/scrb-introtask/install/my_cpp_pkg/share/my_cpp_pkg/hook/cmake_prefix_path.dsv'
[8.006s] INFO:colcon.colcon_core.shell:Creating environment hook '/home/taylor/Documents/robotics-testing-repo/scrb-introtask/install/my_cpp_pkg/share/my_cpp_pkg/hook/cmake_prefix_path.sh'
[8.007s] Level 1:colcon.colcon_core.environment:checking '/home/taylor/Documents/robotics-testing-repo/scrb-introtask/install/my_cpp_pkg/lib'
[8.007s] Level 1:colcon.colcon_core.environment:checking '/home/taylor/Documents/robotics-testing-repo/scrb-introtask/install/my_cpp_pkg/bin'
[8.007s] Level 1:colcon.colcon_core.environment:checking '/home/taylor/Documents/robotics-testing-repo/scrb-introtask/install/my_cpp_pkg/lib/pkgconfig/my_cpp_pkg.pc'
[8.008s] Level 1:colcon.colcon_core.environment:checking '/home/taylor/Documents/robotics-testing-repo/scrb-introtask/install/my_cpp_pkg/lib/python3.10/site-packages'
[8.008s] Level 1:colcon.colcon_core.environment:checking '/home/taylor/Documents/robotics-testing-repo/scrb-introtask/install/my_cpp_pkg/bin'
[8.009s] INFO:colcon.colcon_core.shell:Creating package script '/home/taylor/Documents/robotics-testing-repo/scrb-introtask/install/my_cpp_pkg/share/my_cpp_pkg/package.ps1'
[8.010s] INFO:colcon.colcon_core.shell:Creating package descriptor '/home/taylor/Documents/robotics-testing-repo/scrb-introtask/install/my_cpp_pkg/share/my_cpp_pkg/package.dsv'
[8.011s] INFO:colcon.colcon_core.shell:Creating package script '/home/taylor/Documents/robotics-testing-repo/scrb-introtask/install/my_cpp_pkg/share/my_cpp_pkg/package.sh'
[8.012s] INFO:colcon.colcon_core.shell:Creating package script '/home/taylor/Documents/robotics-testing-repo/scrb-introtask/install/my_cpp_pkg/share/my_cpp_pkg/package.bash'
[8.012s] INFO:colcon.colcon_core.shell:Creating package script '/home/taylor/Documents/robotics-testing-repo/scrb-introtask/install/my_cpp_pkg/share/my_cpp_pkg/package.zsh'
[8.013s] Level 1:colcon.colcon_core.environment:create_file_with_runtime_dependencies(/home/taylor/Documents/robotics-testing-repo/scrb-introtask/install/my_cpp_pkg/share/colcon-core/packages/my_cpp_pkg)
[8.014s] DEBUG:colcon.colcon_parallel_executor.executor.parallel:closing loop
[8.014s] DEBUG:colcon.colcon_parallel_executor.executor.parallel:loop closed
[8.015s] DEBUG:colcon.colcon_parallel_executor.executor.parallel:run_until_complete finished with '0'
[8.015s] DEBUG:colcon.colcon_core.event_reactor:joining thread
[8.033s] INFO:colcon.colcon_core.plugin_system:Skipping extension 'colcon_notification.desktop_notification.terminal_notifier': Not used on non-Darwin systems
[8.033s] INFO:colcon.colcon_core.plugin_system:Skipping extension 'colcon_notification.desktop_notification.win32': Not used on non-Windows systems
[8.033s] INFO:colcon.colcon_notification.desktop_notification:Sending desktop notification using 'notify2'
[8.051s] DEBUG:colcon.colcon_core.event_reactor:joined thread
[8.052s] INFO:colcon.colcon_core.shell:Creating prefix script '/home/taylor/Documents/robotics-testing-repo/scrb-introtask/install/local_setup.ps1'
[8.054s] INFO:colcon.colcon_core.shell:Creating prefix util module '/home/taylor/Documents/robotics-testing-repo/scrb-introtask/install/_local_setup_util_ps1.py'
[8.058s] INFO:colcon.colcon_core.shell:Creating prefix chain script '/home/taylor/Documents/robotics-testing-repo/scrb-introtask/install/setup.ps1'
[8.085s] INFO:colcon.colcon_core.shell:Creating prefix script '/home/taylor/Documents/robotics-testing-repo/scrb-introtask/install/local_setup.sh'
[8.087s] INFO:colcon.colcon_core.shell:Creating prefix util module '/home/taylor/Documents/robotics-testing-repo/scrb-introtask/install/_local_setup_util_sh.py'
[8.088s] INFO:colcon.colcon_core.shell:Creating prefix chain script '/home/taylor/Documents/robotics-testing-repo/scrb-introtask/install/setup.sh'
[8.118s] INFO:colcon.colcon_core.shell:Creating prefix script '/home/taylor/Documents/robotics-testing-repo/scrb-introtask/install/local_setup.bash'
[8.119s] INFO:colcon.colcon_core.shell:Creating prefix chain script '/home/taylor/Documents/robotics-testing-repo/scrb-introtask/install/setup.bash'
[8.144s] INFO:colcon.colcon_core.shell:Creating prefix script '/home/taylor/Documents/robotics-testing-repo/scrb-introtask/install/local_setup.zsh'
[8.145s] INFO:colcon.colcon_core.shell:Creating prefix chain script '/home/taylor/Documents/robotics-testing-repo/scrb-introtask/install/setup.zsh'
