[0.051s] Invoking command in '/home/taylor/scrb-practice/build/my_cpp_pkg': CMAKE_PREFIX_PATH=/opt/ros/humble /usr/bin/cmake /home/taylor/scrb-practice/src/my_cpp_pkg -DCMAKE_INSTALL_PREFIX=/home/taylor/scrb-practice/install/my_cpp_pkg
[0.281s] -- The C compiler identification is GNU 11.4.0
[0.503s] -- The CXX compiler identification is GNU 11.4.0
[0.541s] -- Detecting C compiler ABI info
[0.825s] -- Detecting C compiler ABI info - done
[0.854s] -- Check for working C compiler: /usr/bin/cc - skipped
[0.854s] -- Detecting C compile features
[0.858s] -- Detecting C compile features - done
[0.867s] -- Detecting CXX compiler ABI info
[1.207s] -- Detecting CXX compiler ABI info - done
[1.239s] -- Check for working CXX compiler: /usr/bin/c++ - skipped
[1.239s] -- Detecting CXX compile features
[1.244s] -- Detecting CXX compile features - done
[1.251s] -- Found ament_cmake: 1.3.14 (/opt/ros/humble/share/ament_cmake/cmake)
[1.851s] -- Found Python3: /usr/bin/python3 (found version "3.10.12") found components: Interpreter 
[2.184s] -- Found rclcpp: 16.0.18 (/opt/ros/humble/share/rclcpp/cmake)
[2.330s] -- Found rosidl_generator_c: 3.1.8 (/opt/ros/humble/share/rosidl_generator_c/cmake)
[2.353s] -- Found rosidl_adapter: 3.1.8 (/opt/ros/humble/share/rosidl_adapter/cmake)
[2.382s] -- Found rosidl_generator_cpp: 3.1.8 (/opt/ros/humble/share/rosidl_generator_cpp/cmake)
[2.428s] -- Using all available rosidl_typesupport_c: rosidl_typesupport_fastrtps_c;rosidl_typesupport_introspection_c
[2.506s] -- Using all available rosidl_typesupport_cpp: rosidl_typesupport_fastrtps_cpp;rosidl_typesupport_introspection_cpp
[2.667s] -- Found rmw_implementation_cmake: 6.1.2 (/opt/ros/humble/share/rmw_implementation_cmake/cmake)
[2.677s] -- Found rmw_fastrtps_cpp: 6.2.10 (/opt/ros/humble/share/rmw_fastrtps_cpp/cmake)
[3.035s] -- Found OpenSSL: /usr/lib/x86_64-linux-gnu/libcrypto.so (found version "3.0.2")  
[3.137s] -- Found FastRTPS: /opt/ros/humble/include  
[3.301s] -- Using RMW implementation 'rmw_fastrtps_cpp' as default
[3.343s] -- Looking for pthread.h
[3.651s] -- Looking for pthread.h - found
[3.658s] -- Performing Test CMAKE_HAVE_LIBC_PTHREAD
[3.969s] -- Performing Test CMAKE_HAVE_LIBC_PTHREAD - Success
[3.974s] -- Found Threads: TRUE  
[4.179s] -- Found ament_lint_auto: 0.12.15 (/opt/ros/humble/share/ament_lint_auto/cmake)
[4.515s] -- Added test 'lint_cmake' to check CMake code style
[4.524s] -- Added test 'xmllint' to check XML markup files
[4.528s] -- Configuring done
[4.549s] -- Generating done
[4.561s] -- Build files have been written to: /home/taylor/scrb-practice/build/my_cpp_pkg
[4.594s] Invoked command in '/home/taylor/scrb-practice/build/my_cpp_pkg' returned '0': CMAKE_PREFIX_PATH=/opt/ros/humble /usr/bin/cmake /home/taylor/scrb-practice/src/my_cpp_pkg -DCMAKE_INSTALL_PREFIX=/home/taylor/scrb-practice/install/my_cpp_pkg
[4.600s] Invoking command in '/home/taylor/scrb-practice/build/my_cpp_pkg': CMAKE_PREFIX_PATH=/opt/ros/humble /usr/bin/cmake --build /home/taylor/scrb-practice/build/my_cpp_pkg -- -j1 -l1
[4.784s] Invoked command in '/home/taylor/scrb-practice/build/my_cpp_pkg' returned '0': CMAKE_PREFIX_PATH=/opt/ros/humble /usr/bin/cmake --build /home/taylor/scrb-practice/build/my_cpp_pkg -- -j1 -l1
[4.834s] Invoking command in '/home/taylor/scrb-practice/build/my_cpp_pkg': CMAKE_PREFIX_PATH=/opt/ros/humble /usr/bin/cmake --install /home/taylor/scrb-practice/build/my_cpp_pkg
[4.873s] -- Install configuration: ""
[4.874s] -- Installing: /home/taylor/scrb-practice/install/my_cpp_pkg/share/ament_index/resource_index/package_run_dependencies/my_cpp_pkg
[4.874s] -- Installing: /home/taylor/scrb-practice/install/my_cpp_pkg/share/ament_index/resource_index/parent_prefix_path/my_cpp_pkg
[4.876s] -- Installing: /home/taylor/scrb-practice/install/my_cpp_pkg/share/my_cpp_pkg/environment/ament_prefix_path.sh
[4.876s] -- Installing: /home/taylor/scrb-practice/install/my_cpp_pkg/share/my_cpp_pkg/environment/ament_prefix_path.dsv
[4.878s] -- Installing: /home/taylor/scrb-practice/install/my_cpp_pkg/share/my_cpp_pkg/environment/path.sh
[4.882s] -- Installing: /home/taylor/scrb-practice/install/my_cpp_pkg/share/my_cpp_pkg/environment/path.dsv
[4.882s] -- Installing: /home/taylor/scrb-practice/install/my_cpp_pkg/share/my_cpp_pkg/local_setup.bash
[4.882s] -- Installing: /home/taylor/scrb-practice/install/my_cpp_pkg/share/my_cpp_pkg/local_setup.sh
[4.889s] -- Installing: /home/taylor/scrb-practice/install/my_cpp_pkg/share/my_cpp_pkg/local_setup.zsh
[4.889s] -- Installing: /home/taylor/scrb-practice/install/my_cpp_pkg/share/my_cpp_pkg/local_setup.dsv
[4.889s] -- Installing: /home/taylor/scrb-practice/install/my_cpp_pkg/share/my_cpp_pkg/package.dsv
[4.890s] -- Installing: /home/taylor/scrb-practice/install/my_cpp_pkg/share/ament_index/resource_index/packages/my_cpp_pkg
[4.891s] -- Installing: /home/taylor/scrb-practice/install/my_cpp_pkg/share/my_cpp_pkg/cmake/my_cpp_pkgConfig.cmake
[4.892s] -- Installing: /home/taylor/scrb-practice/install/my_cpp_pkg/share/my_cpp_pkg/cmake/my_cpp_pkgConfig-version.cmake
[4.893s] -- Installing: /home/taylor/scrb-practice/install/my_cpp_pkg/share/my_cpp_pkg/package.xml
[4.901s] Invoked command in '/home/taylor/scrb-practice/build/my_cpp_pkg' returned '0': CMAKE_PREFIX_PATH=/opt/ros/humble /usr/bin/cmake --install /home/taylor/scrb-practice/build/my_cpp_pkg
