[0.024s] Invoking command in '/home/taylor/scrb-practice/build/my_cpp_pkg': CMAKE_PREFIX_PATH=${CMAKE_PREFIX_PATH}:/home/taylor/scrb-practice/install/my_py_pkg:/opt/ros/humble /usr/bin/cmake --build /home/taylor/scrb-practice/build/my_cpp_pkg -- -j1 -l1
[0.157s] [ 50%] [32mBuilding CXX object CMakeFiles/cpp_node.dir/src/my_first_node.cpp.o[0m
[6.997s] [100%] [32m[1mLinking CXX executable cpp_node[0m
[7.245s] [100%] Built target cpp_node
[7.271s] Invoked command in '/home/taylor/scrb-practice/build/my_cpp_pkg' returned '0': CMAKE_PREFIX_PATH=${CMAKE_PREFIX_PATH}:/home/taylor/scrb-practice/install/my_py_pkg:/opt/ros/humble /usr/bin/cmake --build /home/taylor/scrb-practice/build/my_cpp_pkg -- -j1 -l1
[7.292s] Invoking command in '/home/taylor/scrb-practice/build/my_cpp_pkg': CMAKE_PREFIX_PATH=${CMAKE_PREFIX_PATH}:/home/taylor/scrb-practice/install/my_py_pkg:/opt/ros/humble /usr/bin/cmake --install /home/taylor/scrb-practice/build/my_cpp_pkg
[7.314s] -- Install configuration: ""
[7.316s] -- Installing: /home/taylor/scrb-practice/install/my_cpp_pkg/lib/my_cpp_pkg/cpp_node
[7.317s] -- Set runtime path of "/home/taylor/scrb-practice/install/my_cpp_pkg/lib/my_cpp_pkg/cpp_node" to ""
[7.318s] -- Up-to-date: /home/taylor/scrb-practice/install/my_cpp_pkg/share/ament_index/resource_index/package_run_dependencies/my_cpp_pkg
[7.319s] -- Up-to-date: /home/taylor/scrb-practice/install/my_cpp_pkg/share/ament_index/resource_index/parent_prefix_path/my_cpp_pkg
[7.319s] -- Up-to-date: /home/taylor/scrb-practice/install/my_cpp_pkg/share/my_cpp_pkg/environment/ament_prefix_path.sh
[7.319s] -- Up-to-date: /home/taylor/scrb-practice/install/my_cpp_pkg/share/my_cpp_pkg/environment/ament_prefix_path.dsv
[7.320s] -- Up-to-date: /home/taylor/scrb-practice/install/my_cpp_pkg/share/my_cpp_pkg/environment/path.sh
[7.321s] -- Up-to-date: /home/taylor/scrb-practice/install/my_cpp_pkg/share/my_cpp_pkg/environment/path.dsv
[7.321s] -- Up-to-date: /home/taylor/scrb-practice/install/my_cpp_pkg/share/my_cpp_pkg/local_setup.bash
[7.321s] -- Up-to-date: /home/taylor/scrb-practice/install/my_cpp_pkg/share/my_cpp_pkg/local_setup.sh
[7.322s] -- Up-to-date: /home/taylor/scrb-practice/install/my_cpp_pkg/share/my_cpp_pkg/local_setup.zsh
[7.323s] -- Up-to-date: /home/taylor/scrb-practice/install/my_cpp_pkg/share/my_cpp_pkg/local_setup.dsv
[7.323s] -- Installing: /home/taylor/scrb-practice/install/my_cpp_pkg/share/my_cpp_pkg/package.dsv
[7.323s] -- Up-to-date: /home/taylor/scrb-practice/install/my_cpp_pkg/share/ament_index/resource_index/packages/my_cpp_pkg
[7.324s] -- Up-to-date: /home/taylor/scrb-practice/install/my_cpp_pkg/share/my_cpp_pkg/cmake/my_cpp_pkgConfig.cmake
[7.325s] -- Up-to-date: /home/taylor/scrb-practice/install/my_cpp_pkg/share/my_cpp_pkg/cmake/my_cpp_pkgConfig-version.cmake
[7.325s] -- Up-to-date: /home/taylor/scrb-practice/install/my_cpp_pkg/share/my_cpp_pkg/package.xml
[7.329s] Invoked command in '/home/taylor/scrb-practice/build/my_cpp_pkg' returned '0': CMAKE_PREFIX_PATH=${CMAKE_PREFIX_PATH}:/home/taylor/scrb-practice/install/my_py_pkg:/opt/ros/humble /usr/bin/cmake --install /home/taylor/scrb-practice/build/my_cpp_pkg
